# JRE version: OpenJDK Runtime Environment (8.0_152-b01) (build 1.8.0_152-release-1248-b01)
# Java VM: OpenJDK 64-Bit Server VM (25.152-b01 mixed mode linux-amd64 compressed oops)
Heap:
 PSYoungGen      total 338432K, used 0K [0x00000000e0000000, 0x00000000fbf00000, 0x0000000100000000)
  eden space 269824K, 0% used [0x00000000e0000000,0x00000000e0000000,0x00000000f0780000)
  from space 68608K, 0% used [0x00000000f0780000,0x00000000f0780000,0x00000000f4a80000)
  to   space 64512K, 0% used [0x00000000f8000000,0x00000000f8000000,0x00000000fbf00000)
 ParOldGen       total 174080K, used 135239K [0x00000000a0000000, 0x00000000aaa00000, 0x00000000e0000000)
  object space 174080K, 77% used [0x00000000a0000000,0x00000000a8411d38,0x00000000aaa00000)
 Metaspace       used 67697K, capacity 71972K, committed 72240K, reserved 1112064K
  class space    used 8883K, capacity 9950K, committed 10032K, reserved 1048576K
GC Heap History (10 events):
Event: 14.804 GC heap after
Heap after GC invocations=16 (full 3):
 PSYoungGen      total 230912K, used 15280K [0x00000000e0000000, 0x00000000f2800000, 0x0000000100000000)
  eden space 202240K, 0% used [0x00000000e0000000,0x00000000e0000000,0x00000000ec580000)
  from space 28672K, 53% used [0x00000000ec580000,0x00000000ed46c010,0x00000000ee180000)
  to   space 28160K, 0% used [0x00000000f0c80000,0x00000000f0c80000,0x00000000f2800000)
 ParOldGen       total 174080K, used 61454K [0x00000000a0000000, 0x00000000aaa00000, 0x00000000e0000000)
  object space 174080K, 35% used [0x00000000a0000000,0x00000000a3c03a80,0x00000000aaa00000)
 Metaspace       used 58831K, capacity 62208K, committed 62512K, reserved 1103872K
  class space    used 8007K, capacity 8894K, committed 9008K, reserved 1048576K
}
Event: 19.791 GC heap before
{Heap before GC invocations=17 (full 3):
 PSYoungGen      total 230912K, used 217520K [0x00000000e0000000, 0x00000000f2800000, 0x0000000100000000)
  eden space 202240K, 100% used [0x00000000e0000000,0x00000000ec580000,0x00000000ec580000)
  from space 28672K, 53% used [0x00000000ec580000,0x00000000ed46c010,0x00000000ee180000)
  to   space 28160K, 0% used [0x00000000f0c80000,0x00000000f0c80000,0x00000000f2800000)
 ParOldGen       total 174080K, used 61454K [0x00000000a0000000, 0x00000000aaa00000, 0x00000000e0000000)
  object space 174080K, 35% used [0x00000000a0000000,0x00000000a3c03a80,0x00000000aaa00000)
 Metaspace       used 62358K, capacity 66348K, committed 66480K, reserved 1105920K
  class space    used 8309K, capacity 9350K, committed 9392K, reserved 1048576K
Event: 19.926 GC heap after
Heap after GC invocations=17 (full 3):
 PSYoungGen      total 265216K, used 28139K [0x00000000e0000000, 0x00000000f3c80000, 0x0000000100000000)
  eden space 237056K, 0% used [0x00000000e0000000,0x00000000e0000000,0x00000000ee780000)
  from space 28160K, 99% used [0x00000000f0c80000,0x00000000f27fad18,0x00000000f2800000)
  to   space 37888K, 0% used [0x00000000ee780000,0x00000000ee780000,0x00000000f0c80000)
 ParOldGen       total 174080K, used 76648K [0x00000000a0000000, 0x00000000aaa00000, 0x00000000e0000000)
  object space 174080K, 44% used [0x00000000a0000000,0x00000000a4ada130,0x00000000aaa00000)
 Metaspace       used 62358K, capacity 66348K, committed 66480K, reserved 1105920K
  class space    used 8309K, capacity 9350K, committed 9392K, reserved 1048576K
}
Event: 24.796 GC heap before
{Heap before GC invocations=18 (full 3):
 PSYoungGen      total 265216K, used 265195K [0x00000000e0000000, 0x00000000f3c80000, 0x0000000100000000)
  eden space 237056K, 100% used [0x00000000e0000000,0x00000000ee780000,0x00000000ee780000)
  from space 28160K, 99% used [0x00000000f0c80000,0x00000000f27fad18,0x00000000f2800000)
  to   space 37888K, 0% used [0x00000000ee780000,0x00000000ee780000,0x00000000f0c80000)
 ParOldGen       total 174080K, used 76648K [0x00000000a0000000, 0x00000000aaa00000, 0x00000000e0000000)
  object space 174080K, 44% used [0x00000000a0000000,0x00000000a4ada130,0x00000000aaa00000)
 Metaspace       used 64460K, capacity 68706K, committed 68912K, reserved 1107968K
  class space    used 8591K, capacity 9671K, committed 9776K, reserved 1048576K
Event: 24.902 GC heap after
Heap after GC invocations=18 (full 3):
 PSYoungGen      total 274944K, used 37883K [0x00000000e0000000, 0x00000000f7a00000, 0x0000000100000000)
  eden space 237056K, 0% used [0x00000000e0000000,0x00000000e0000000,0x00000000ee780000)
  from space 37888K, 99% used [0x00000000ee780000,0x00000000f0c7ed38,0x00000000f0c80000)
  to   space 48640K, 0% used [0x00000000f4a80000,0x00000000f4a80000,0x00000000f7a00000)
 ParOldGen       total 174080K, used 89331K [0x00000000a0000000, 0x00000000aaa00000, 0x00000000e0000000)
  object space 174080K, 51% used [0x00000000a0000000,0x00000000a573cd50,0x00000000aaa00000)
 Metaspace       used 64460K, capacity 68706K, committed 68912K, reserved 1107968K
  class space    used 8591K, capacity 9671K, committed 9776K, reserved 1048576K
}
Event: 26.790 GC heap before
{Heap before GC invocations=19 (full 3):
 PSYoungGen      total 274944K, used 274939K [0x00000000e0000000, 0x00000000f7a00000, 0x0000000100000000)
  eden space 237056K, 100% used [0x00000000e0000000,0x00000000ee780000,0x00000000ee780000)
  from space 37888K, 99% used [0x00000000ee780000,0x00000000f0c7ed38,0x00000000f0c80000)
  to   space 48640K, 0% used [0x00000000f4a80000,0x00000000f4a80000,0x00000000f7a00000)
 ParOldGen       total 174080K, used 89331K [0x00000000a0000000, 0x00000000aaa00000, 0x00000000e0000000)
  object space 174080K, 51% used [0x00000000a0000000,0x00000000a573cd50,0x00000000aaa00000)
 Metaspace       used 65594K, capacity 69914K, committed 69936K, reserved 1110016K
  class space    used 8676K, capacity 9755K, committed 9776K, reserved 1048576K
Event: 26.907 GC heap after
Heap after GC invocations=19 (full 3):
 PSYoungGen      total 318464K, used 48617K [0x00000000e0000000, 0x00000000fab00000, 0x0000000100000000)
  eden space 269824K, 0% used [0x00000000e0000000,0x00000000e0000000,0x00000000f0780000)
  from space 48640K, 99% used [0x00000000f4a80000,0x00000000f79fa478,0x00000000f7a00000)
  to   space 68608K, 0% used [0x00000000f0780000,0x00000000f0780000,0x00000000f4a80000)
 ParOldGen       total 174080K, used 121969K [0x00000000a0000000, 0x00000000aaa00000, 0x00000000e0000000)
  object space 174080K, 70% used [0x00000000a0000000,0x00000000a771c568,0x00000000aaa00000)
 Metaspace       used 65594K, capacity 69914K, committed 69936K, reserved 1110016K
  class space    used 8676K, capacity 9755K, committed 9776K, reserved 1048576K
}
Event: 28.374 GC heap before
{Heap before GC invocations=20 (full 3):
 PSYoungGen      total 318464K, used 318441K [0x00000000e0000000, 0x00000000fab00000, 0x0000000100000000)
  eden space 269824K, 100% used [0x00000000e0000000,0x00000000f0780000,0x00000000f0780000)
  from space 48640K, 99% used [0x00000000f4a80000,0x00000000f79fa478,0x00000000f7a00000)
  to   space 68608K, 0% used [0x00000000f0780000,0x00000000f0780000,0x00000000f4a80000)
 ParOldGen       total 174080K, used 121969K [0x00000000a0000000, 0x00000000aaa00000, 0x00000000e0000000)
  object space 174080K, 70% used [0x00000000a0000000,0x00000000a771c568,0x00000000aaa00000)
 Metaspace       used 67701K, capacity 71978K, committed 72240K, reserved 1112064K
  class space    used 8883K, capacity 9951K, committed 10032K, reserved 1048576K
Event: 28.544 GC heap after
Heap after GC invocations=20 (full 3):
 PSYoungGen      total 338432K, used 26104K [0x00000000e0000000, 0x00000000fbf00000, 0x0000000100000000)
  eden space 269824K, 0% used [0x00000000e0000000,0x00000000e0000000,0x00000000f0780000)
  from space 68608K, 38% used [0x00000000f0780000,0x00000000f20fe010,0x00000000f4a80000)
  to   space 64512K, 0% used [0x00000000f8000000,0x00000000f8000000,0x00000000fbf00000)
 ParOldGen       total 174080K, used 153748K [0x00000000a0000000, 0x00000000aaa00000, 0x00000000e0000000)
  object space 174080K, 88% used [0x00000000a0000000,0x00000000a96250b0,0x00000000aaa00000)
 Metaspace       used 67701K, capacity 71978K, committed 72240K, reserved 1112064K
  class space    used 8883K, capacity 9951K, committed 10032K, reserved 1048576K
}
Event: 28.544 GC heap before
{Heap before GC invocations=21 (full 4):
 PSYoungGen      total 338432K, used 26104K [0x00000000e0000000, 0x00000000fbf00000, 0x0000000100000000)
  eden space 269824K, 0% used [0x00000000e0000000,0x00000000e0000000,0x00000000f0780000)
  from space 68608K, 38% used [0x00000000f0780000,0x00000000f20fe010,0x00000000f4a80000)
  to   space 64512K, 0% used [0x00000000f8000000,0x00000000f8000000,0x00000000fbf00000)
 ParOldGen       total 174080K, used 153748K [0x00000000a0000000, 0x00000000aaa00000, 0x00000000e0000000)
  object space 174080K, 88% used [0x00000000a0000000,0x00000000a96250b0,0x00000000aaa00000)
 Metaspace       used 67701K, capacity 71978K, committed 72240K, reserved 1112064K
  class space    used 8883K, capacity 9951K, committed 10032K, reserved 1048576K

