# JRE version: OpenJDK Runtime Environment (8.0_152-b01) (build 1.8.0_152-release-1248-b01)
# Java VM: OpenJDK 64-Bit Server VM (25.152-b01 mixed mode linux-amd64 compressed oops)
Heap:
 PSYoungGen      total 303616K, used 0K [0x00000000e0000000, 0x0000000100000000, 0x0000000100000000)
  eden space 175104K, 0% used [0x00000000e0000000,0x00000000e0000000,0x00000000eab00000)
  from space 128512K, 0% used [0x00000000f8280000,0x00000000f8280000,0x0000000100000000)
  to   space 174592K, 0% used [0x00000000eab00000,0x00000000eab00000,0x00000000f5580000)
 ParOldGen       total 485376K, used 302182K [0x00000000a0000000, 0x00000000bda00000, 0x00000000e0000000)
  object space 485376K, 62% used [0x00000000a0000000,0x00000000b2719bb0,0x00000000bda00000)
 Metaspace       used 80289K, capacity 84728K, committed 85912K, reserved 1124352K
  class space    used 10340K, capacity 11474K, committed 11696K, reserved 1048576K
GC Heap History (10 events):
Event: 49.056 GC heap after
Heap after GC invocations=25 (full 5):
 PSYoungGen      total 403456K, used 12450K [0x00000000e0000000, 0x0000000100000000, 0x0000000100000000)
  eden space 280064K, 0% used [0x00000000e0000000,0x00000000e0000000,0x00000000f1180000)
  from space 123392K, 10% used [0x00000000f8780000,0x00000000f93a8be0,0x0000000100000000)
  to   space 120832K, 0% used [0x00000000f1180000,0x00000000f1180000,0x00000000f8780000)
 ParOldGen       total 485376K, used 318788K [0x00000000a0000000, 0x00000000bda00000, 0x00000000e0000000)
  object space 485376K, 65% used [0x00000000a0000000,0x00000000b37511d0,0x00000000bda00000)
 Metaspace       used 79163K, capacity 83392K, committed 83480K, reserved 1122304K
  class space    used 10161K, capacity 11312K, committed 11312K, reserved 1048576K
}
Event: 52.567 GC heap before
{Heap before GC invocations=26 (full 5):
 PSYoungGen      total 403456K, used 292514K [0x00000000e0000000, 0x0000000100000000, 0x0000000100000000)
  eden space 280064K, 100% used [0x00000000e0000000,0x00000000f1180000,0x00000000f1180000)
  from space 123392K, 10% used [0x00000000f8780000,0x00000000f93a8be0,0x0000000100000000)
  to   space 120832K, 0% used [0x00000000f1180000,0x00000000f1180000,0x00000000f8780000)
 ParOldGen       total 485376K, used 318788K [0x00000000a0000000, 0x00000000bda00000, 0x00000000e0000000)
  object space 485376K, 65% used [0x00000000a0000000,0x00000000b37511d0,0x00000000bda00000)
 Metaspace       used 79793K, capacity 84132K, committed 84376K, reserved 1122304K
  class space    used 10230K, capacity 11370K, committed 11440K, reserved 1048576K
Event: 52.691 GC heap after
Heap after GC invocations=26 (full 5):
 PSYoungGen      total 305152K, used 24701K [0x00000000e0000000, 0x00000000ff380000, 0x0000000100000000)
  eden space 280064K, 0% used [0x00000000e0000000,0x00000000e0000000,0x00000000f1180000)
  from space 25088K, 98% used [0x00000000f1180000,0x00000000f299f778,0x00000000f2a00000)
  to   space 115712K, 0% used [0x00000000f8280000,0x00000000f8280000,0x00000000ff380000)
 ParOldGen       total 485376K, used 318796K [0x00000000a0000000, 0x00000000bda00000, 0x00000000e0000000)
  object space 485376K, 65% used [0x00000000a0000000,0x00000000b37531d0,0x00000000bda00000)
 Metaspace       used 79793K, capacity 84132K, committed 84376K, reserved 1122304K
  class space    used 10230K, capacity 11370K, committed 11440K, reserved 1048576K
}
Event: 57.366 GC heap before
{Heap before GC invocations=27 (full 5):
 PSYoungGen      total 305152K, used 304765K [0x00000000e0000000, 0x00000000ff380000, 0x0000000100000000)
  eden space 280064K, 100% used [0x00000000e0000000,0x00000000f1180000,0x00000000f1180000)
  from space 25088K, 98% used [0x00000000f1180000,0x00000000f299f778,0x00000000f2a00000)
  to   space 115712K, 0% used [0x00000000f8280000,0x00000000f8280000,0x00000000ff380000)
 ParOldGen       total 485376K, used 318796K [0x00000000a0000000, 0x00000000bda00000, 0x00000000e0000000)
  object space 485376K, 65% used [0x00000000a0000000,0x00000000b37531d0,0x00000000bda00000)
 Metaspace       used 80084K, capacity 84512K, committed 84760K, reserved 1122304K
  class space    used 10278K, capacity 11446K, committed 11568K, reserved 1048576K
Event: 57.441 GC heap after
Heap after GC invocations=27 (full 5):
 PSYoungGen      total 401920K, used 31239K [0x00000000e0000000, 0x0000000100000000, 0x0000000100000000)
  eden space 286208K, 0% used [0x00000000e0000000,0x00000000e0000000,0x00000000f1780000)
  from space 115712K, 26% used [0x00000000f8280000,0x00000000fa101cf8,0x00000000ff380000)
  to   space 109568K, 0% used [0x00000000f1780000,0x00000000f1780000,0x00000000f8280000)
 ParOldGen       total 485376K, used 318804K [0x00000000a0000000, 0x00000000bda00000, 0x00000000e0000000)
  object space 485376K, 65% used [0x00000000a0000000,0x00000000b37551d0,0x00000000bda00000)
 Metaspace       used 80084K, capacity 84512K, committed 84760K, reserved 1122304K
  class space    used 10278K, capacity 11446K, committed 11568K, reserved 1048576K
}
Event: 58.855 GC heap before
{Heap before GC invocations=28 (full 5):
 PSYoungGen      total 401920K, used 317447K [0x00000000e0000000, 0x0000000100000000, 0x0000000100000000)
  eden space 286208K, 100% used [0x00000000e0000000,0x00000000f1780000,0x00000000f1780000)
  from space 115712K, 26% used [0x00000000f8280000,0x00000000fa101cf8,0x00000000ff380000)
  to   space 109568K, 0% used [0x00000000f1780000,0x00000000f1780000,0x00000000f8280000)
 ParOldGen       total 485376K, used 318804K [0x00000000a0000000, 0x00000000bda00000, 0x00000000e0000000)
  object space 485376K, 65% used [0x00000000a0000000,0x00000000b37551d0,0x00000000bda00000)
 Metaspace       used 80906K, capacity 85270K, committed 85528K, reserved 1124352K
  class space    used 10395K, capacity 11549K, committed 11568K, reserved 1048576K
Event: 59.070 GC heap after
Heap after GC invocations=28 (full 5):
 PSYoungGen      total 395776K, used 109550K [0x00000000e0000000, 0x0000000100000000, 0x0000000100000000)
  eden space 286208K, 0% used [0x00000000e0000000,0x00000000e0000000,0x00000000f1780000)
  from space 109568K, 99% used [0x00000000f1780000,0x00000000f827bb88,0x00000000f8280000)
  to   space 128512K, 0% used [0x00000000f8280000,0x00000000f8280000,0x0000000100000000)
 ParOldGen       total 485376K, used 319647K [0x00000000a0000000, 0x00000000bda00000, 0x00000000e0000000)
  object space 485376K, 65% used [0x00000000a0000000,0x00000000b3827e58,0x00000000bda00000)
 Metaspace       used 80906K, capacity 85270K, committed 85528K, reserved 1124352K
  class space    used 10395K, capacity 11549K, committed 11568K, reserved 1048576K
}
Event: 62.018 GC heap before
{Heap before GC invocations=29 (full 5):
 PSYoungGen      total 395776K, used 395758K [0x00000000e0000000, 0x0000000100000000, 0x0000000100000000)
  eden space 286208K, 100% used [0x00000000e0000000,0x00000000f1780000,0x00000000f1780000)
  from space 109568K, 99% used [0x00000000f1780000,0x00000000f827bb88,0x00000000f8280000)
  to   space 128512K, 0% used [0x00000000f8280000,0x00000000f8280000,0x0000000100000000)
 ParOldGen       total 485376K, used 319647K [0x00000000a0000000, 0x00000000bda00000, 0x00000000e0000000)
  object space 485376K, 65% used [0x00000000a0000000,0x00000000b3827e58,0x00000000bda00000)
 Metaspace       used 81143K, capacity 85622K, committed 85912K, reserved 1124352K
  class space    used 10419K, capacity 11581K, committed 11696K, reserved 1048576K
Event: 62.543 GC heap after
Heap after GC invocations=29 (full 5):
 PSYoungGen      total 303616K, used 128503K [0x00000000e0000000, 0x0000000100000000, 0x0000000100000000)
  eden space 175104K, 0% used [0x00000000e0000000,0x00000000e0000000,0x00000000eab00000)
  from space 128512K, 99% used [0x00000000f8280000,0x00000000ffffdef0,0x0000000100000000)
  to   space 174592K, 0% used [0x00000000eab00000,0x00000000eab00000,0x00000000f5580000)
 ParOldGen       total 485376K, used 400261K [0x00000000a0000000, 0x00000000bda00000, 0x00000000e0000000)
  object space 485376K, 82% used [0x00000000a0000000,0x00000000b86e1500,0x00000000bda00000)
 Metaspace       used 81143K, capacity 85622K, committed 85912K, reserved 1124352K
  class space    used 10419K, capacity 11581K, committed 11696K, reserved 1048576K
}
Event: 62.544 GC heap before
{Heap before GC invocations=30 (full 6):
 PSYoungGen      total 303616K, used 128503K [0x00000000e0000000, 0x0000000100000000, 0x0000000100000000)
  eden space 175104K, 0% used [0x00000000e0000000,0x00000000e0000000,0x00000000eab00000)
  from space 128512K, 99% used [0x00000000f8280000,0x00000000ffffdef0,0x0000000100000000)
  to   space 174592K, 0% used [0x00000000eab00000,0x00000000eab00000,0x00000000f5580000)
 ParOldGen       total 485376K, used 400261K [0x00000000a0000000, 0x00000000bda00000, 0x00000000e0000000)
  object space 485376K, 82% used [0x00000000a0000000,0x00000000b86e1500,0x00000000bda00000)
 Metaspace       used 81143K, capacity 85622K, committed 85912K, reserved 1124352K
  class space    used 10419K, capacity 11581K, committed 11696K, reserved 1048576K

