# JRE version: OpenJDK Runtime Environment (8.0_152-b06) (build 1.8.0_152-release-1136-b06)
# Java VM: OpenJDK 64-Bit Server VM (25.152-b06 mixed mode linux-amd64 compressed oops)
Heap:
 PSYoungGen      total 151040K, used 16352K [0x00000000e0000000, 0x00000000ebe80000, 0x0000000100000000)
  eden space 134656K, 0% used [0x00000000e0000000,0x00000000e0000000,0x00000000e8380000)
  from space 16384K, 99% used [0x00000000eae80000,0x00000000ebe78020,0x00000000ebe80000)
  to   space 12288K, 0% used [0x00000000e8380000,0x00000000e8380000,0x00000000e8f80000)
 ParOldGen       total 76800K, used 42196K [0x00000000a0000000, 0x00000000a4b00000, 0x00000000e0000000)
  object space 76800K, 54% used [0x00000000a0000000,0x00000000a2935140,0x00000000a4b00000)
 Metaspace       used 55202K, capacity 58396K, committed 58496K, reserved 1099776K
  class space    used 7607K, capacity 8501K, committed 8576K, reserved 1048576K
GC Heap History (10 events):
Event: 14.740 GC heap after
Heap after GC invocations=9 (full 1):
 PSYoungGen      total 103424K, used 9353K [0x00000000e0000000, 0x00000000e7380000, 0x0000000100000000)
  eden space 92672K, 0% used [0x00000000e0000000,0x00000000e0000000,0x00000000e5a80000)
  from space 10752K, 86% used [0x00000000e6580000,0x00000000e6ea2688,0x00000000e7000000)
  to   space 11264K, 0% used [0x00000000e5a80000,0x00000000e5a80000,0x00000000e6580000)
 ParOldGen       total 53248K, used 8934K [0x00000000a0000000, 0x00000000a3400000, 0x00000000e0000000)
  object space 53248K, 16% used [0x00000000a0000000,0x00000000a08b9b18,0x00000000a3400000)
 Metaspace       used 30186K, capacity 30824K, committed 31232K, reserved 1075200K
  class space    used 4260K, capacity 4495K, committed 4608K, reserved 1048576K
}
Event: 15.166 GC heap before
{Heap before GC invocations=10 (full 1):
 PSYoungGen      total 103424K, used 31689K [0x00000000e0000000, 0x00000000e7380000, 0x0000000100000000)
  eden space 92672K, 24% used [0x00000000e0000000,0x00000000e15cffb8,0x00000000e5a80000)
  from space 10752K, 86% used [0x00000000e6580000,0x00000000e6ea2688,0x00000000e7000000)
  to   space 11264K, 0% used [0x00000000e5a80000,0x00000000e5a80000,0x00000000e6580000)
 ParOldGen       total 53248K, used 8934K [0x00000000a0000000, 0x00000000a3400000, 0x00000000e0000000)
  object space 53248K, 16% used [0x00000000a0000000,0x00000000a08b9b18,0x00000000a3400000)
 Metaspace       used 34505K, capacity 35278K, committed 35416K, reserved 1079296K
  class space    used 4801K, capacity 5071K, committed 5120K, reserved 1048576K
Event: 15.185 GC heap after
Heap after GC invocations=10 (full 1):
 PSYoungGen      total 103936K, used 8642K [0x00000000e0000000, 0x00000000e9d80000, 0x0000000100000000)
  eden space 92672K, 0% used [0x00000000e0000000,0x00000000e0000000,0x00000000e5a80000)
  from space 11264K, 76% used [0x00000000e5a80000,0x00000000e62f0bf8,0x00000000e6580000)
  to   space 11776K, 0% used [0x00000000e9200000,0x00000000e9200000,0x00000000e9d80000)
 ParOldGen       total 53248K, used 10334K [0x00000000a0000000, 0x00000000a3400000, 0x00000000e0000000)
  object space 53248K, 19% used [0x00000000a0000000,0x00000000a0a17bb8,0x00000000a3400000)
 Metaspace       used 34505K, capacity 35278K, committed 35416K, reserved 1079296K
  class space    used 4801K, capacity 5071K, committed 5120K, reserved 1048576K
}
Event: 15.185 GC heap before
{Heap before GC invocations=11 (full 2):
 PSYoungGen      total 103936K, used 8642K [0x00000000e0000000, 0x00000000e9d80000, 0x0000000100000000)
  eden space 92672K, 0% used [0x00000000e0000000,0x00000000e0000000,0x00000000e5a80000)
  from space 11264K, 76% used [0x00000000e5a80000,0x00000000e62f0bf8,0x00000000e6580000)
  to   space 11776K, 0% used [0x00000000e9200000,0x00000000e9200000,0x00000000e9d80000)
 ParOldGen       total 53248K, used 10334K [0x00000000a0000000, 0x00000000a3400000, 0x00000000e0000000)
  object space 53248K, 19% used [0x00000000a0000000,0x00000000a0a17bb8,0x00000000a3400000)
 Metaspace       used 34505K, capacity 35278K, committed 35416K, reserved 1079296K
  class space    used 4801K, capacity 5071K, committed 5120K, reserved 1048576K
Event: 15.290 GC heap after
Heap after GC invocations=11 (full 2):
 PSYoungGen      total 103936K, used 0K [0x00000000e0000000, 0x00000000e9d80000, 0x0000000100000000)
  eden space 92672K, 0% used [0x00000000e0000000,0x00000000e0000000,0x00000000e5a80000)
  from space 11264K, 0% used [0x00000000e5a80000,0x00000000e5a80000,0x00000000e6580000)
  to   space 11776K, 0% used [0x00000000e9200000,0x00000000e9200000,0x00000000e9d80000)
 ParOldGen       total 76800K, used 16647K [0x00000000a0000000, 0x00000000a4b00000, 0x00000000e0000000)
  object space 76800K, 21% used [0x00000000a0000000,0x00000000a1041db0,0x00000000a4b00000)
 Metaspace       used 34505K, capacity 35278K, committed 35416K, reserved 1079296K
  class space    used 4801K, capacity 5071K, committed 5120K, reserved 1048576K
}
Event: 17.538 GC heap before
{Heap before GC invocations=12 (full 2):
 PSYoungGen      total 103936K, used 92672K [0x00000000e0000000, 0x00000000e9d80000, 0x0000000100000000)
  eden space 92672K, 100% used [0x00000000e0000000,0x00000000e5a80000,0x00000000e5a80000)
  from space 11264K, 0% used [0x00000000e5a80000,0x00000000e5a80000,0x00000000e6580000)
  to   space 11776K, 0% used [0x00000000e9200000,0x00000000e9200000,0x00000000e9d80000)
 ParOldGen       total 76800K, used 16647K [0x00000000a0000000, 0x00000000a4b00000, 0x00000000e0000000)
  object space 76800K, 21% used [0x00000000a0000000,0x00000000a1041db0,0x00000000a4b00000)
 Metaspace       used 40209K, capacity 41164K, committed 41472K, reserved 1085440K
  class space    used 5507K, capacity 5808K, committed 5888K, reserved 1048576K
Event: 17.556 GC heap after
Heap after GC invocations=12 (full 2):
 PSYoungGen      total 133120K, used 9701K [0x00000000e0000000, 0x00000000e9b80000, 0x0000000100000000)
  eden space 123392K, 0% used [0x00000000e0000000,0x00000000e0000000,0x00000000e7880000)
  from space 9728K, 99% used [0x00000000e9200000,0x00000000e9b79550,0x00000000e9b80000)
  to   space 12288K, 0% used [0x00000000e8380000,0x00000000e8380000,0x00000000e8f80000)
 ParOldGen       total 76800K, used 16655K [0x00000000a0000000, 0x00000000a4b00000, 0x00000000e0000000)
  object space 76800K, 21% used [0x00000000a0000000,0x00000000a1043db0,0x00000000a4b00000)
 Metaspace       used 40209K, capacity 41164K, committed 41472K, reserved 1085440K
  class space    used 5507K, capacity 5808K, committed 5888K, reserved 1048576K
}
Event: 20.793 GC heap before
{Heap before GC invocations=13 (full 2):
 PSYoungGen      total 133120K, used 133093K [0x00000000e0000000, 0x00000000e9b80000, 0x0000000100000000)
  eden space 123392K, 100% used [0x00000000e0000000,0x00000000e7880000,0x00000000e7880000)
  from space 9728K, 99% used [0x00000000e9200000,0x00000000e9b79550,0x00000000e9b80000)
  to   space 12288K, 0% used [0x00000000e8380000,0x00000000e8380000,0x00000000e8f80000)
 ParOldGen       total 76800K, used 16655K [0x00000000a0000000, 0x00000000a4b00000, 0x00000000e0000000)
  object space 76800K, 21% used [0x00000000a0000000,0x00000000a1043db0,0x00000000a4b00000)
 Metaspace       used 50733K, capacity 52396K, committed 52608K, reserved 1093632K
  class space    used 6984K, capacity 7431K, committed 7552K, reserved 1048576K
Event: 20.841 GC heap after
Heap after GC invocations=13 (full 2):
 PSYoungGen      total 146944K, used 12272K [0x00000000e0000000, 0x00000000ebe80000, 0x0000000100000000)
  eden space 134656K, 0% used [0x00000000e0000000,0x00000000e0000000,0x00000000e8380000)
  from space 12288K, 99% used [0x00000000e8380000,0x00000000e8f7c3d0,0x00000000e8f80000)
  to   space 16384K, 0% used [0x00000000eae80000,0x00000000eae80000,0x00000000ebe80000)
 ParOldGen       total 76800K, used 22888K [0x00000000a0000000, 0x00000000a4b00000, 0x00000000e0000000)
  object space 76800K, 29% used [0x00000000a0000000,0x00000000a165a148,0x00000000a4b00000)
 Metaspace       used 50733K, capacity 52396K, committed 52608K, reserved 1093632K
  class space    used 6984K, capacity 7431K, committed 7552K, reserved 1048576K
}
Event: 25.494 GC heap before
{Heap before GC invocations=14 (full 2):
 PSYoungGen      total 146944K, used 146928K [0x00000000e0000000, 0x00000000ebe80000, 0x0000000100000000)
  eden space 134656K, 100% used [0x00000000e0000000,0x00000000e8380000,0x00000000e8380000)
  from space 12288K, 99% used [0x00000000e8380000,0x00000000e8f7c3d0,0x00000000e8f80000)
  to   space 16384K, 0% used [0x00000000eae80000,0x00000000eae80000,0x00000000ebe80000)
 ParOldGen       total 76800K, used 22888K [0x00000000a0000000, 0x00000000a4b00000, 0x00000000e0000000)
  object space 76800K, 29% used [0x00000000a0000000,0x00000000a165a148,0x00000000a4b00000)
 Metaspace       used 55202K, capacity 58396K, committed 58496K, reserved 1099776K
  class space    used 7607K, capacity 8501K, committed 8576K, reserved 1048576K

