# JRE version: OpenJDK Runtime Environment (8.0_152-b01) (build 1.8.0_152-release-1024-b01)
# Java VM: OpenJDK 64-Bit Server VM (25.152-b01 mixed mode linux-amd64 compressed oops)
Heap:
 PSYoungGen      total 354304K, used 0K [0x00000000e0000000, 0x0000000100000000, 0x0000000100000000)
  eden space 253952K, 0% used [0x00000000e0000000,0x00000000e0000000,0x00000000ef800000)
  from space 100352K, 0% used [0x00000000f9e00000,0x00000000f9e00000,0x0000000100000000)
  to   space 135168K, 0% used [0x00000000ef800000,0x00000000ef800000,0x00000000f7c00000)
 ParOldGen       total 308736K, used 299232K [0x00000000a0000000, 0x00000000b2d80000, 0x00000000e0000000)
  object space 308736K, 96% used [0x00000000a0000000,0x00000000b2438270,0x00000000b2d80000)
 Metaspace       used 67351K, capacity 71374K, committed 71680K, reserved 1112064K
  class space    used 8819K, capacity 9853K, committed 9984K, reserved 1048576K
GC Heap History (10 events):
Event: 73.663 GC heap after
Heap after GC invocations=21 (full 4):
 PSYoungGen      total 398848K, used 30616K [0x00000000e0000000, 0x0000000100000000, 0x0000000100000000)
  eden space 298496K, 0% used [0x00000000e0000000,0x00000000e0000000,0x00000000f2380000)
  from space 100352K, 30% used [0x00000000f2380000,0x00000000f4166210,0x00000000f8580000)
  to   space 94720K, 0% used [0x00000000fa380000,0x00000000fa380000,0x0000000100000000)
 ParOldGen       total 307712K, used 281332K [0x00000000a0000000, 0x00000000b2c80000, 0x00000000e0000000)
  object space 307712K, 91% used [0x00000000a0000000,0x00000000b12bd070,0x00000000b2c80000)
 Metaspace       used 66668K, capacity 70620K, committed 70784K, reserved 1110016K
  class space    used 8699K, capacity 9744K, committed 9856K, reserved 1048576K
}
Event: 73.664 GC heap before
{Heap before GC invocations=22 (full 5):
 PSYoungGen      total 398848K, used 30616K [0x00000000e0000000, 0x0000000100000000, 0x0000000100000000)
  eden space 298496K, 0% used [0x00000000e0000000,0x00000000e0000000,0x00000000f2380000)
  from space 100352K, 30% used [0x00000000f2380000,0x00000000f4166210,0x00000000f8580000)
  to   space 94720K, 0% used [0x00000000fa380000,0x00000000fa380000,0x0000000100000000)
 ParOldGen       total 307712K, used 281332K [0x00000000a0000000, 0x00000000b2c80000, 0x00000000e0000000)
  object space 307712K, 91% used [0x00000000a0000000,0x00000000b12bd070,0x00000000b2c80000)
 Metaspace       used 66668K, capacity 70620K, committed 70784K, reserved 1110016K
  class space    used 8699K, capacity 9744K, committed 9856K, reserved 1048576K
Event: 74.577 GC heap after
Heap after GC invocations=22 (full 5):
 PSYoungGen      total 398848K, used 0K [0x00000000e0000000, 0x0000000100000000, 0x0000000100000000)
  eden space 298496K, 0% used [0x00000000e0000000,0x00000000e0000000,0x00000000f2380000)
  from space 100352K, 0% used [0x00000000f2380000,0x00000000f2380000,0x00000000f8580000)
  to   space 94720K, 0% used [0x00000000fa380000,0x00000000fa380000,0x0000000100000000)
 ParOldGen       total 308736K, used 109520K [0x00000000a0000000, 0x00000000b2d80000, 0x00000000e0000000)
  object space 308736K, 35% used [0x00000000a0000000,0x00000000a6af4130,0x00000000b2d80000)
 Metaspace       used 65828K, capacity 69726K, committed 70784K, reserved 1110016K
  class space    used 8621K, capacity 9637K, committed 9856K, reserved 1048576K
}
Event: 78.207 GC heap before
{Heap before GC invocations=23 (full 5):
 PSYoungGen      total 398848K, used 298496K [0x00000000e0000000, 0x0000000100000000, 0x0000000100000000)
  eden space 298496K, 100% used [0x00000000e0000000,0x00000000f2380000,0x00000000f2380000)
  from space 100352K, 0% used [0x00000000f2380000,0x00000000f2380000,0x00000000f8580000)
  to   space 94720K, 0% used [0x00000000fa380000,0x00000000fa380000,0x0000000100000000)
 ParOldGen       total 308736K, used 109520K [0x00000000a0000000, 0x00000000b2d80000, 0x00000000e0000000)
  object space 308736K, 35% used [0x00000000a0000000,0x00000000a6af4130,0x00000000b2d80000)
 Metaspace       used 66909K, capacity 70850K, committed 71040K, reserved 1110016K
  class space    used 8774K, capacity 9787K, committed 9856K, reserved 1048576K
Event: 78.370 GC heap after
Heap after GC invocations=23 (full 5):
 PSYoungGen      total 418304K, used 66066K [0x00000000e0000000, 0x0000000100000000, 0x0000000100000000)
  eden space 323584K, 0% used [0x00000000e0000000,0x00000000e0000000,0x00000000f3c00000)
  from space 94720K, 69% used [0x00000000fa380000,0x00000000fe404ae0,0x0000000100000000)
  to   space 100352K, 0% used [0x00000000f3c00000,0x00000000f3c00000,0x00000000f9e00000)
 ParOldGen       total 308736K, used 109520K [0x00000000a0000000, 0x00000000b2d80000, 0x00000000e0000000)
  object space 308736K, 35% used [0x00000000a0000000,0x00000000a6af4130,0x00000000b2d80000)
 Metaspace       used 66909K, capacity 70850K, committed 71040K, reserved 1110016K
  class space    used 8774K, capacity 9787K, committed 9856K, reserved 1048576K
}
Event: 82.187 GC heap before
{Heap before GC invocations=24 (full 5):
 PSYoungGen      total 418304K, used 389650K [0x00000000e0000000, 0x0000000100000000, 0x0000000100000000)
  eden space 323584K, 100% used [0x00000000e0000000,0x00000000f3c00000,0x00000000f3c00000)
  from space 94720K, 69% used [0x00000000fa380000,0x00000000fe404ae0,0x0000000100000000)
  to   space 100352K, 0% used [0x00000000f3c00000,0x00000000f3c00000,0x00000000f9e00000)
 ParOldGen       total 308736K, used 109520K [0x00000000a0000000, 0x00000000b2d80000, 0x00000000e0000000)
  object space 308736K, 35% used [0x00000000a0000000,0x00000000a6af4130,0x00000000b2d80000)
 Metaspace       used 67156K, capacity 71144K, committed 71296K, reserved 1110016K
  class space    used 8799K, capacity 9820K, committed 9856K, reserved 1048576K
Event: 82.601 GC heap after
Heap after GC invocations=24 (full 5):
 PSYoungGen      total 423936K, used 100334K [0x00000000e0000000, 0x0000000100000000, 0x0000000100000000)
  eden space 323584K, 0% used [0x00000000e0000000,0x00000000e0000000,0x00000000f3c00000)
  from space 100352K, 99% used [0x00000000f3c00000,0x00000000f9dfb990,0x00000000f9e00000)
  to   space 100352K, 0% used [0x00000000f9e00000,0x00000000f9e00000,0x0000000100000000)
 ParOldGen       total 308736K, used 182698K [0x00000000a0000000, 0x00000000b2d80000, 0x00000000e0000000)
  object space 308736K, 59% used [0x00000000a0000000,0x00000000ab26a9e0,0x00000000b2d80000)
 Metaspace       used 67156K, capacity 71144K, committed 71296K, reserved 1110016K
  class space    used 8799K, capacity 9820K, committed 9856K, reserved 1048576K
}
Event: 88.274 GC heap before
{Heap before GC invocations=25 (full 5):
 PSYoungGen      total 423936K, used 423918K [0x00000000e0000000, 0x0000000100000000, 0x0000000100000000)
  eden space 323584K, 100% used [0x00000000e0000000,0x00000000f3c00000,0x00000000f3c00000)
  from space 100352K, 99% used [0x00000000f3c00000,0x00000000f9dfb990,0x00000000f9e00000)
  to   space 100352K, 0% used [0x00000000f9e00000,0x00000000f9e00000,0x0000000100000000)
 ParOldGen       total 308736K, used 182698K [0x00000000a0000000, 0x00000000b2d80000, 0x00000000e0000000)
  object space 308736K, 59% used [0x00000000a0000000,0x00000000ab26a9e0,0x00000000b2d80000)
 Metaspace       used 67351K, capacity 71374K, committed 71680K, reserved 1112064K
  class space    used 8819K, capacity 9853K, committed 9984K, reserved 1048576K
Event: 88.629 GC heap after
Heap after GC invocations=25 (full 5):
 PSYoungGen      total 354304K, used 49584K [0x00000000e0000000, 0x0000000100000000, 0x0000000100000000)
  eden space 253952K, 0% used [0x00000000e0000000,0x00000000e0000000,0x00000000ef800000)
  from space 100352K, 49% used [0x00000000f9e00000,0x00000000fce6c310,0x0000000100000000)
  to   space 135168K, 0% used [0x00000000ef800000,0x00000000ef800000,0x00000000f7c00000)
 ParOldGen       total 308736K, used 267675K [0x00000000a0000000, 0x00000000b2d80000, 0x00000000e0000000)
  object space 308736K, 86% used [0x00000000a0000000,0x00000000b0566f90,0x00000000b2d80000)
 Metaspace       used 67351K, capacity 71374K, committed 71680K, reserved 1112064K
  class space    used 8819K, capacity 9853K, committed 9984K, reserved 1048576K
}
Event: 88.629 GC heap before
{Heap before GC invocations=26 (full 6):
 PSYoungGen      total 354304K, used 49584K [0x00000000e0000000, 0x0000000100000000, 0x0000000100000000)
  eden space 253952K, 0% used [0x00000000e0000000,0x00000000e0000000,0x00000000ef800000)
  from space 100352K, 49% used [0x00000000f9e00000,0x00000000fce6c310,0x0000000100000000)
  to   space 135168K, 0% used [0x00000000ef800000,0x00000000ef800000,0x00000000f7c00000)
 ParOldGen       total 308736K, used 267675K [0x00000000a0000000, 0x00000000b2d80000, 0x00000000e0000000)
  object space 308736K, 86% used [0x00000000a0000000,0x00000000b0566f90,0x00000000b2d80000)
 Metaspace       used 67351K, capacity 71374K, committed 71680K, reserved 1112064K
  class space    used 8819K, capacity 9853K, committed 9984K, reserved 1048576K

