# JRE version: OpenJDK Runtime Environment (8.0_152-b06) (build 1.8.0_152-release-1136-b06)
# Java VM: OpenJDK 64-Bit Server VM (25.152-b06 mixed mode linux-amd64 compressed oops)
Heap:
 PSYoungGen      total 219648K, used 29665K [0x00000000e0000000, 0x00000000f3e80000, 0x0000000100000000)
  eden space 189952K, 0% used [0x00000000e0000000,0x00000000e0000000,0x00000000eb980000)
  from space 29696K, 99% used [0x00000000f2180000,0x00000000f3e784f0,0x00000000f3e80000)
  to   space 28672K, 0% used [0x00000000eb980000,0x00000000eb980000,0x00000000ed580000)
 ParOldGen       total 151552K, used 116547K [0x00000000a0000000, 0x00000000a9400000, 0x00000000e0000000)
  object space 151552K, 76% used [0x00000000a0000000,0x00000000a71d0f30,0x00000000a9400000)
 Metaspace       used 62433K, capacity 66240K, committed 66560K, reserved 1105920K
  class space    used 8402K, capacity 9390K, committed 9472K, reserved 1048576K
GC Heap History (10 events):
Event: 137.778 GC heap after
Heap after GC invocations=14 (full 2):
 PSYoungGen      total 154624K, used 19938K [0x00000000e0000000, 0x00000000ecf80000, 0x0000000100000000)
  eden space 134656K, 0% used [0x00000000e0000000,0x00000000e0000000,0x00000000e8380000)
  from space 19968K, 99% used [0x00000000e9f80000,0x00000000eb2f88f8,0x00000000eb300000)
  to   space 28672K, 0% used [0x00000000e8380000,0x00000000e8380000,0x00000000e9f80000)
 ParOldGen       total 88576K, used 47594K [0x00000000a0000000, 0x00000000a5680000, 0x00000000e0000000)
  object space 88576K, 53% used [0x00000000a0000000,0x00000000a2e7a800,0x00000000a5680000)
 Metaspace       used 55647K, capacity 58854K, committed 59008K, reserved 1099776K
  class space    used 7662K, capacity 8563K, committed 8576K, reserved 1048576K
}
Event: 137.778 GC heap before
{Heap before GC invocations=15 (full 3):
 PSYoungGen      total 154624K, used 19938K [0x00000000e0000000, 0x00000000ecf80000, 0x0000000100000000)
  eden space 134656K, 0% used [0x00000000e0000000,0x00000000e0000000,0x00000000e8380000)
  from space 19968K, 99% used [0x00000000e9f80000,0x00000000eb2f88f8,0x00000000eb300000)
  to   space 28672K, 0% used [0x00000000e8380000,0x00000000e8380000,0x00000000e9f80000)
 ParOldGen       total 88576K, used 47594K [0x00000000a0000000, 0x00000000a5680000, 0x00000000e0000000)
  object space 88576K, 53% used [0x00000000a0000000,0x00000000a2e7a800,0x00000000a5680000)
 Metaspace       used 55647K, capacity 58854K, committed 59008K, reserved 1099776K
  class space    used 7662K, capacity 8563K, committed 8576K, reserved 1048576K
Event: 138.249 GC heap after
Heap after GC invocations=15 (full 3):
 PSYoungGen      total 154624K, used 0K [0x00000000e0000000, 0x00000000ecf80000, 0x0000000100000000)
  eden space 134656K, 0% used [0x00000000e0000000,0x00000000e0000000,0x00000000e8380000)
  from space 19968K, 0% used [0x00000000e9f80000,0x00000000e9f80000,0x00000000eb300000)
  to   space 28672K, 0% used [0x00000000e8380000,0x00000000e8380000,0x00000000e9f80000)
 ParOldGen       total 151552K, used 60749K [0x00000000a0000000, 0x00000000a9400000, 0x00000000e0000000)
  object space 151552K, 40% used [0x00000000a0000000,0x00000000a3b53408,0x00000000a9400000)
 Metaspace       used 55647K, capacity 58854K, committed 59008K, reserved 1099776K
  class space    used 7662K, capacity 8563K, committed 8576K, reserved 1048576K
}
Event: 140.651 GC heap before
{Heap before GC invocations=16 (full 3):
 PSYoungGen      total 154624K, used 134656K [0x00000000e0000000, 0x00000000ecf80000, 0x0000000100000000)
  eden space 134656K, 100% used [0x00000000e0000000,0x00000000e8380000,0x00000000e8380000)
  from space 19968K, 0% used [0x00000000e9f80000,0x00000000e9f80000,0x00000000eb300000)
  to   space 28672K, 0% used [0x00000000e8380000,0x00000000e8380000,0x00000000e9f80000)
 ParOldGen       total 151552K, used 60749K [0x00000000a0000000, 0x00000000a9400000, 0x00000000e0000000)
  object space 151552K, 40% used [0x00000000a0000000,0x00000000a3b53408,0x00000000a9400000)
 Metaspace       used 57709K, capacity 61180K, committed 61312K, reserved 1101824K
  class space    used 7879K, capacity 8814K, committed 8832K, reserved 1048576K
Event: 140.675 GC heap after
Heap after GC invocations=16 (full 3):
 PSYoungGen      total 163328K, used 10989K [0x00000000e0000000, 0x00000000ef080000, 0x0000000100000000)
  eden space 134656K, 0% used [0x00000000e0000000,0x00000000e0000000,0x00000000e8380000)
  from space 28672K, 38% used [0x00000000e8380000,0x00000000e8e3b7e8,0x00000000e9f80000)
  to   space 27648K, 0% used [0x00000000ed580000,0x00000000ed580000,0x00000000ef080000)
 ParOldGen       total 151552K, used 60757K [0x00000000a0000000, 0x00000000a9400000, 0x00000000e0000000)
  object space 151552K, 40% used [0x00000000a0000000,0x00000000a3b55408,0x00000000a9400000)
 Metaspace       used 57709K, capacity 61180K, committed 61312K, reserved 1101824K
  class space    used 7879K, capacity 8814K, committed 8832K, reserved 1048576K
}
Event: 143.066 GC heap before
{Heap before GC invocations=17 (full 3):
 PSYoungGen      total 163328K, used 145645K [0x00000000e0000000, 0x00000000ef080000, 0x0000000100000000)
  eden space 134656K, 100% used [0x00000000e0000000,0x00000000e8380000,0x00000000e8380000)
  from space 28672K, 38% used [0x00000000e8380000,0x00000000e8e3b7e8,0x00000000e9f80000)
  to   space 27648K, 0% used [0x00000000ed580000,0x00000000ed580000,0x00000000ef080000)
 ParOldGen       total 151552K, used 60757K [0x00000000a0000000, 0x00000000a9400000, 0x00000000e0000000)
  object space 151552K, 40% used [0x00000000a0000000,0x00000000a3b55408,0x00000000a9400000)
 Metaspace       used 58862K, capacity 62438K, committed 62592K, reserved 1103872K
  class space    used 8006K, capacity 8961K, committed 9088K, reserved 1048576K
Event: 143.102 GC heap after
Heap after GC invocations=17 (full 3):
 PSYoungGen      total 217600K, used 19491K [0x00000000e0000000, 0x00000000ef200000, 0x0000000100000000)
  eden space 189952K, 0% used [0x00000000e0000000,0x00000000e0000000,0x00000000eb980000)
  from space 27648K, 70% used [0x00000000ed580000,0x00000000ee888c48,0x00000000ef080000)
  to   space 28672K, 0% used [0x00000000eb980000,0x00000000eb980000,0x00000000ed580000)
 ParOldGen       total 151552K, used 70293K [0x00000000a0000000, 0x00000000a9400000, 0x00000000e0000000)
  object space 151552K, 46% used [0x00000000a0000000,0x00000000a44a5638,0x00000000a9400000)
 Metaspace       used 58862K, capacity 62438K, committed 62592K, reserved 1103872K
  class space    used 8006K, capacity 8961K, committed 9088K, reserved 1048576K
}
Event: 145.605 GC heap before
{Heap before GC invocations=18 (full 3):
 PSYoungGen      total 217600K, used 209443K [0x00000000e0000000, 0x00000000ef200000, 0x0000000100000000)
  eden space 189952K, 100% used [0x00000000e0000000,0x00000000eb980000,0x00000000eb980000)
  from space 27648K, 70% used [0x00000000ed580000,0x00000000ee888c48,0x00000000ef080000)
  to   space 28672K, 0% used [0x00000000eb980000,0x00000000eb980000,0x00000000ed580000)
 ParOldGen       total 151552K, used 70293K [0x00000000a0000000, 0x00000000a9400000, 0x00000000e0000000)
  object space 151552K, 46% used [0x00000000a0000000,0x00000000a44a5638,0x00000000a9400000)
 Metaspace       used 61574K, capacity 65390K, committed 65664K, reserved 1105920K
  class space    used 8330K, capacity 9305K, committed 9344K, reserved 1048576K
Event: 145.633 GC heap after
Heap after GC invocations=18 (full 3):
 PSYoungGen      total 218624K, used 20095K [0x00000000e0000000, 0x00000000f3e80000, 0x0000000100000000)
  eden space 189952K, 0% used [0x00000000e0000000,0x00000000e0000000,0x00000000eb980000)
  from space 28672K, 70% used [0x00000000eb980000,0x00000000ecd1fc10,0x00000000ed580000)
  to   space 29696K, 0% used [0x00000000f2180000,0x00000000f2180000,0x00000000f3e80000)
 ParOldGen       total 151552K, used 75041K [0x00000000a0000000, 0x00000000a9400000, 0x00000000e0000000)
  object space 151552K, 49% used [0x00000000a0000000,0x00000000a49487a8,0x00000000a9400000)
 Metaspace       used 61574K, capacity 65390K, committed 65664K, reserved 1105920K
  class space    used 8330K, capacity 9305K, committed 9344K, reserved 1048576K
}
Event: 146.104 GC heap before
{Heap before GC invocations=19 (full 3):
 PSYoungGen      total 218624K, used 210047K [0x00000000e0000000, 0x00000000f3e80000, 0x0000000100000000)
  eden space 189952K, 100% used [0x00000000e0000000,0x00000000eb980000,0x00000000eb980000)
  from space 28672K, 70% used [0x00000000eb980000,0x00000000ecd1fc10,0x00000000ed580000)
  to   space 29696K, 0% used [0x00000000f2180000,0x00000000f2180000,0x00000000f3e80000)
 ParOldGen       total 151552K, used 75041K [0x00000000a0000000, 0x00000000a9400000, 0x00000000e0000000)
  object space 151552K, 49% used [0x00000000a0000000,0x00000000a49487a8,0x00000000a9400000)
 Metaspace       used 62433K, capacity 66240K, committed 66560K, reserved 1105920K
  class space    used 8402K, capacity 9390K, committed 9472K, reserved 1048576K

