# JRE version: OpenJDK Runtime Environment (8.0_152-b01) (build 1.8.0_152-release-1248-b01)
# Java VM: OpenJDK 64-Bit Server VM (25.152-b01 mixed mode linux-amd64 compressed oops)
Heap:
 PSYoungGen      total 324096K, used 0K [0x00000000e0000000, 0x0000000100000000, 0x0000000100000000)
  eden space 246784K, 0% used [0x00000000e0000000,0x00000000e0000000,0x00000000ef100000)
  from space 77312K, 0% used [0x00000000ef100000,0x00000000ef100000,0x00000000f3c80000)
  to   space 143360K, 0% used [0x00000000f7400000,0x00000000f7400000,0x0000000100000000)
 ParOldGen       total 519680K, used 321791K [0x00000000a0000000, 0x00000000bfb80000, 0x00000000e0000000)
  object space 519680K, 61% used [0x00000000a0000000,0x00000000b3a3fca0,0x00000000bfb80000)
 Metaspace       used 113434K, capacity 120202K, committed 121384K, reserved 1155072K
  class space    used 13681K, capacity 15140K, committed 15400K, reserved 1048576K
GC Heap History (10 events):
Event: 880.047 GC heap after
Heap after GC invocations=124 (full 9):
 PSYoungGen      total 407552K, used 1280K [0x00000000e0000000, 0x0000000100000000, 0x0000000100000000)
  eden space 297984K, 0% used [0x00000000e0000000,0x00000000e0000000,0x00000000f2300000)
  from space 109568K, 1% used [0x00000000f2300000,0x00000000f2440000,0x00000000f8e00000)
  to   space 107520K, 0% used [0x00000000f9700000,0x00000000f9700000,0x0000000100000000)
 ParOldGen       total 519168K, used 383780K [0x00000000a0000000, 0x00000000bfb00000, 0x00000000e0000000)
  object space 519168K, 73% used [0x00000000a0000000,0x00000000b76c90c0,0x00000000bfb00000)
 Metaspace       used 114240K, capacity 121028K, committed 121384K, reserved 1155072K
  class space    used 13760K, capacity 15247K, committed 15400K, reserved 1048576K
}
Event: 880.091 GC heap before
{Heap before GC invocations=125 (full 9):
 PSYoungGen      total 407552K, used 298830K [0x00000000e0000000, 0x0000000100000000, 0x0000000100000000)
  eden space 297984K, 99% used [0x00000000e0000000,0x00000000f2293bf0,0x00000000f2300000)
  from space 109568K, 1% used [0x00000000f2300000,0x00000000f2440000,0x00000000f8e00000)
  to   space 107520K, 0% used [0x00000000f9700000,0x00000000f9700000,0x0000000100000000)
 ParOldGen       total 519168K, used 383780K [0x00000000a0000000, 0x00000000bfb00000, 0x00000000e0000000)
  object space 519168K, 73% used [0x00000000a0000000,0x00000000b76c90c0,0x00000000bfb00000)
 Metaspace       used 114240K, capacity 121028K, committed 121384K, reserved 1155072K
  class space    used 13760K, capacity 15247K, committed 15400K, reserved 1048576K
Event: 880.098 GC heap after
Heap after GC invocations=125 (full 9):
 PSYoungGen      total 407552K, used 64K [0x00000000e0000000, 0x00000000ff900000, 0x0000000100000000)
  eden space 307200K, 0% used [0x00000000e0000000,0x00000000e0000000,0x00000000f2c00000)
  from space 100352K, 0% used [0x00000000f9700000,0x00000000f9710000,0x00000000ff900000)
  to   space 104960K, 0% used [0x00000000f2c00000,0x00000000f2c00000,0x00000000f9280000)
 ParOldGen       total 519168K, used 384662K [0x00000000a0000000, 0x00000000bfb00000, 0x00000000e0000000)
  object space 519168K, 74% used [0x00000000a0000000,0x00000000b77a5b78,0x00000000bfb00000)
 Metaspace       used 114240K, capacity 121028K, committed 121384K, reserved 1155072K
  class space    used 13760K, capacity 15247K, committed 15400K, reserved 1048576K
}
Event: 880.550 GC heap before
{Heap before GC invocations=126 (full 9):
 PSYoungGen      total 407552K, used 307264K [0x00000000e0000000, 0x00000000ff900000, 0x0000000100000000)
  eden space 307200K, 100% used [0x00000000e0000000,0x00000000f2c00000,0x00000000f2c00000)
  from space 100352K, 0% used [0x00000000f9700000,0x00000000f9710000,0x00000000ff900000)
  to   space 104960K, 0% used [0x00000000f2c00000,0x00000000f2c00000,0x00000000f9280000)
 ParOldGen       total 519168K, used 384662K [0x00000000a0000000, 0x00000000bfb00000, 0x00000000e0000000)
  object space 519168K, 74% used [0x00000000a0000000,0x00000000b77a5b78,0x00000000bfb00000)
 Metaspace       used 114249K, capacity 121096K, committed 121384K, reserved 1155072K
  class space    used 13760K, capacity 15247K, committed 15400K, reserved 1048576K
Event: 880.555 GC heap after
Heap after GC invocations=126 (full 9):
 PSYoungGen      total 412160K, used 511K [0x00000000e0000000, 0x00000000ffd80000, 0x0000000100000000)
  eden space 307200K, 0% used [0x00000000e0000000,0x00000000e0000000,0x00000000f2c00000)
  from space 104960K, 0% used [0x00000000f2c00000,0x00000000f2c7ff88,0x00000000f9280000)
  to   space 101376K, 0% used [0x00000000f9a80000,0x00000000f9a80000,0x00000000ffd80000)
 ParOldGen       total 519168K, used 384694K [0x00000000a0000000, 0x00000000bfb00000, 0x00000000e0000000)
  object space 519168K, 74% used [0x00000000a0000000,0x00000000b77adb78,0x00000000bfb00000)
 Metaspace       used 114249K, capacity 121096K, committed 121384K, reserved 1155072K
  class space    used 13760K, capacity 15247K, committed 15400K, reserved 1048576K
}
Event: 881.769 GC heap before
{Heap before GC invocations=127 (full 9):
 PSYoungGen      total 412160K, used 307711K [0x00000000e0000000, 0x00000000ffd80000, 0x0000000100000000)
  eden space 307200K, 100% used [0x00000000e0000000,0x00000000f2c00000,0x00000000f2c00000)
  from space 104960K, 0% used [0x00000000f2c00000,0x00000000f2c7ff88,0x00000000f9280000)
  to   space 101376K, 0% used [0x00000000f9a80000,0x00000000f9a80000,0x00000000ffd80000)
 ParOldGen       total 519168K, used 384694K [0x00000000a0000000, 0x00000000bfb00000, 0x00000000e0000000)
  object space 519168K, 74% used [0x00000000a0000000,0x00000000b77adb78,0x00000000bfb00000)
 Metaspace       used 114264K, capacity 121096K, committed 121384K, reserved 1155072K
  class space    used 13760K, capacity 15247K, committed 15400K, reserved 1048576K
Event: 881.889 GC heap after
Heap after GC invocations=127 (full 9):
 PSYoungGen      total 348160K, used 101351K [0x00000000e0000000, 0x0000000100000000, 0x0000000100000000)
  eden space 246784K, 0% used [0x00000000e0000000,0x00000000e0000000,0x00000000ef100000)
  from space 101376K, 99% used [0x00000000f9a80000,0x00000000ffd79e88,0x00000000ffd80000)
  to   space 138752K, 0% used [0x00000000ef100000,0x00000000ef100000,0x00000000f7880000)
 ParOldGen       total 519168K, used 429322K [0x00000000a0000000, 0x00000000bfb00000, 0x00000000e0000000)
  object space 519168K, 82% used [0x00000000a0000000,0x00000000ba342b98,0x00000000bfb00000)
 Metaspace       used 114264K, capacity 121096K, committed 121384K, reserved 1155072K
  class space    used 13760K, capacity 15247K, committed 15400K, reserved 1048576K
}
Event: 883.240 GC heap before
{Heap before GC invocations=128 (full 9):
 PSYoungGen      total 348160K, used 348135K [0x00000000e0000000, 0x0000000100000000, 0x0000000100000000)
  eden space 246784K, 100% used [0x00000000e0000000,0x00000000ef100000,0x00000000ef100000)
  from space 101376K, 99% used [0x00000000f9a80000,0x00000000ffd79e88,0x00000000ffd80000)
  to   space 138752K, 0% used [0x00000000ef100000,0x00000000ef100000,0x00000000f7880000)
 ParOldGen       total 519168K, used 429322K [0x00000000a0000000, 0x00000000bfb00000, 0x00000000e0000000)
  object space 519168K, 82% used [0x00000000a0000000,0x00000000ba342b98,0x00000000bfb00000)
 Metaspace       used 114275K, capacity 121096K, committed 121384K, reserved 1155072K
  class space    used 13760K, capacity 15247K, committed 15400K, reserved 1048576K
Event: 883.581 GC heap after
Heap after GC invocations=128 (full 9):
 PSYoungGen      total 324096K, used 76922K [0x00000000e0000000, 0x0000000100000000, 0x0000000100000000)
  eden space 246784K, 0% used [0x00000000e0000000,0x00000000e0000000,0x00000000ef100000)
  from space 77312K, 99% used [0x00000000ef100000,0x00000000f3c1eb98,0x00000000f3c80000)
  to   space 143360K, 0% used [0x00000000f7400000,0x00000000f7400000,0x0000000100000000)
 ParOldGen       total 519680K, used 519222K [0x00000000a0000000, 0x00000000bfb80000, 0x00000000e0000000)
  object space 519680K, 99% used [0x00000000a0000000,0x00000000bfb0da90,0x00000000bfb80000)
 Metaspace       used 114275K, capacity 121096K, committed 121384K, reserved 1155072K
  class space    used 13760K, capacity 15247K, committed 15400K, reserved 1048576K
}
Event: 883.583 GC heap before
{Heap before GC invocations=129 (full 10):
 PSYoungGen      total 324096K, used 76922K [0x00000000e0000000, 0x0000000100000000, 0x0000000100000000)
  eden space 246784K, 0% used [0x00000000e0000000,0x00000000e0000000,0x00000000ef100000)
  from space 77312K, 99% used [0x00000000ef100000,0x00000000f3c1eb98,0x00000000f3c80000)
  to   space 143360K, 0% used [0x00000000f7400000,0x00000000f7400000,0x0000000100000000)
 ParOldGen       total 519680K, used 519222K [0x00000000a0000000, 0x00000000bfb80000, 0x00000000e0000000)
  object space 519680K, 99% used [0x00000000a0000000,0x00000000bfb0da90,0x00000000bfb80000)
 Metaspace       used 114275K, capacity 121096K, committed 121384K, reserved 1155072K
  class space    used 13760K, capacity 15247K, committed 15400K, reserved 1048576K

