# JRE version: OpenJDK Runtime Environment (8.0_152-b01) (build 1.8.0_152-release-1248-b01)
# Java VM: OpenJDK 64-Bit Server VM (25.152-b01 mixed mode linux-amd64 compressed oops)
Heap:
 PSYoungGen      total 318464K, used 0K [0x00000000e0000000, 0x00000000fbd00000, 0x0000000100000000)
  eden space 259072K, 0% used [0x00000000e0000000,0x00000000e0000000,0x00000000efd00000)
  from space 59392K, 0% used [0x00000000efd00000,0x00000000efd00000,0x00000000f3700000)
  to   space 56320K, 0% used [0x00000000f8600000,0x00000000f8600000,0x00000000fbd00000)
 ParOldGen       total 167424K, used 165675K [0x00000000a0000000, 0x00000000aa380000, 0x00000000e0000000)
  object space 167424K, 98% used [0x00000000a0000000,0x00000000aa1cad98,0x00000000aa380000)
 Metaspace       used 62521K, capacity 65966K, committed 66176K, reserved 1105920K
  class space    used 8327K, capacity 9230K, committed 9344K, reserved 1048576K
GC Heap History (10 events):
Event: 12.404 GC heap after
Heap after GC invocations=14 (full 3):
 PSYoungGen      total 192512K, used 0K [0x00000000e0000000, 0x00000000f1b00000, 0x0000000100000000)
  eden space 175616K, 0% used [0x00000000e0000000,0x00000000e0000000,0x00000000eab80000)
  from space 16896K, 0% used [0x00000000eab80000,0x00000000eab80000,0x00000000ebc00000)
  to   space 31232K, 0% used [0x00000000efc80000,0x00000000efc80000,0x00000000f1b00000)
 ParOldGen       total 167424K, used 63219K [0x00000000a0000000, 0x00000000aa380000, 0x00000000e0000000)
  object space 167424K, 37% used [0x00000000a0000000,0x00000000a3dbccb0,0x00000000aa380000)
 Metaspace       used 55890K, capacity 58944K, committed 59008K, reserved 1099776K
  class space    used 7688K, capacity 8557K, committed 8576K, reserved 1048576K
}
Event: 14.740 GC heap before
{Heap before GC invocations=15 (full 3):
 PSYoungGen      total 192512K, used 175616K [0x00000000e0000000, 0x00000000f1b00000, 0x0000000100000000)
  eden space 175616K, 100% used [0x00000000e0000000,0x00000000eab80000,0x00000000eab80000)
  from space 16896K, 0% used [0x00000000eab80000,0x00000000eab80000,0x00000000ebc00000)
  to   space 31232K, 0% used [0x00000000efc80000,0x00000000efc80000,0x00000000f1b00000)
 ParOldGen       total 167424K, used 63219K [0x00000000a0000000, 0x00000000aa380000, 0x00000000e0000000)
  object space 167424K, 37% used [0x00000000a0000000,0x00000000a3dbccb0,0x00000000aa380000)
 Metaspace       used 57917K, capacity 61370K, committed 61568K, reserved 1101824K
  class space    used 7901K, capacity 8814K, committed 8832K, reserved 1048576K
Event: 14.759 GC heap after
Heap after GC invocations=15 (full 3):
 PSYoungGen      total 232960K, used 12148K [0x00000000e0000000, 0x00000000f0d00000, 0x0000000100000000)
  eden space 216064K, 0% used [0x00000000e0000000,0x00000000e0000000,0x00000000ed300000)
  from space 16896K, 71% used [0x00000000efc80000,0x00000000f085d378,0x00000000f0d00000)
  to   space 29696K, 0% used [0x00000000ed300000,0x00000000ed300000,0x00000000ef000000)
 ParOldGen       total 167424K, used 63227K [0x00000000a0000000, 0x00000000aa380000, 0x00000000e0000000)
  object space 167424K, 37% used [0x00000000a0000000,0x00000000a3dbecb0,0x00000000aa380000)
 Metaspace       used 57917K, capacity 61370K, committed 61568K, reserved 1101824K
  class space    used 7901K, capacity 8814K, committed 8832K, reserved 1048576K
}
Event: 15.971 GC heap before
{Heap before GC invocations=16 (full 3):
 PSYoungGen      total 232960K, used 228212K [0x00000000e0000000, 0x00000000f0d00000, 0x0000000100000000)
  eden space 216064K, 100% used [0x00000000e0000000,0x00000000ed300000,0x00000000ed300000)
  from space 16896K, 71% used [0x00000000efc80000,0x00000000f085d378,0x00000000f0d00000)
  to   space 29696K, 0% used [0x00000000ed300000,0x00000000ed300000,0x00000000ef000000)
 ParOldGen       total 167424K, used 63227K [0x00000000a0000000, 0x00000000aa380000, 0x00000000e0000000)
  object space 167424K, 37% used [0x00000000a0000000,0x00000000a3dbecb0,0x00000000aa380000)
 Metaspace       used 59161K, capacity 62504K, committed 62720K, reserved 1103872K
  class space    used 8025K, capacity 8913K, committed 8960K, reserved 1048576K
Event: 16.050 GC heap after
Heap after GC invocations=16 (full 3):
 PSYoungGen      total 245760K, used 29664K [0x00000000e0000000, 0x00000000f6080000, 0x0000000100000000)
  eden space 216064K, 0% used [0x00000000e0000000,0x00000000e0000000,0x00000000ed300000)
  from space 29696K, 99% used [0x00000000ed300000,0x00000000eeff8130,0x00000000ef000000)
  to   space 42496K, 0% used [0x00000000f3700000,0x00000000f3700000,0x00000000f6080000)
 ParOldGen       total 167424K, used 85793K [0x00000000a0000000, 0x00000000aa380000, 0x00000000e0000000)
  object space 167424K, 51% used [0x00000000a0000000,0x00000000a53c87b8,0x00000000aa380000)
 Metaspace       used 59161K, capacity 62504K, committed 62720K, reserved 1103872K
  class space    used 8025K, capacity 8913K, committed 8960K, reserved 1048576K
}
Event: 18.034 GC heap before
{Heap before GC invocations=17 (full 3):
 PSYoungGen      total 245760K, used 245728K [0x00000000e0000000, 0x00000000f6080000, 0x0000000100000000)
  eden space 216064K, 100% used [0x00000000e0000000,0x00000000ed300000,0x00000000ed300000)
  from space 29696K, 99% used [0x00000000ed300000,0x00000000eeff8130,0x00000000ef000000)
  to   space 42496K, 0% used [0x00000000f3700000,0x00000000f3700000,0x00000000f6080000)
 ParOldGen       total 167424K, used 85793K [0x00000000a0000000, 0x00000000aa380000, 0x00000000e0000000)
  object space 167424K, 51% used [0x00000000a0000000,0x00000000a53c87b8,0x00000000aa380000)
 Metaspace       used 59819K, capacity 63162K, committed 63360K, reserved 1103872K
  class space    used 8063K, capacity 8980K, committed 9088K, reserved 1048576K
Event: 18.146 GC heap after
Heap after GC invocations=17 (full 3):
 PSYoungGen      total 301568K, used 42466K [0x00000000e0000000, 0x00000000f8600000, 0x0000000100000000)
  eden space 259072K, 0% used [0x00000000e0000000,0x00000000e0000000,0x00000000efd00000)
  from space 42496K, 99% used [0x00000000f3700000,0x00000000f6078af0,0x00000000f6080000)
  to   space 59392K, 0% used [0x00000000efd00000,0x00000000efd00000,0x00000000f3700000)
 ParOldGen       total 167424K, used 112573K [0x00000000a0000000, 0x00000000aa380000, 0x00000000e0000000)
  object space 167424K, 67% used [0x00000000a0000000,0x00000000a6def538,0x00000000aa380000)
 Metaspace       used 59819K, capacity 63162K, committed 63360K, reserved 1103872K
  class space    used 8063K, capacity 8980K, committed 9088K, reserved 1048576K
}
Event: 20.150 GC heap before
{Heap before GC invocations=18 (full 3):
 PSYoungGen      total 301568K, used 301538K [0x00000000e0000000, 0x00000000f8600000, 0x0000000100000000)
  eden space 259072K, 100% used [0x00000000e0000000,0x00000000efd00000,0x00000000efd00000)
  from space 42496K, 99% used [0x00000000f3700000,0x00000000f6078af0,0x00000000f6080000)
  to   space 59392K, 0% used [0x00000000efd00000,0x00000000efd00000,0x00000000f3700000)
 ParOldGen       total 167424K, used 112573K [0x00000000a0000000, 0x00000000aa380000, 0x00000000e0000000)
  object space 167424K, 67% used [0x00000000a0000000,0x00000000a6def538,0x00000000aa380000)
 Metaspace       used 62525K, capacity 65972K, committed 66176K, reserved 1105920K
  class space    used 8328K, capacity 9231K, committed 9344K, reserved 1048576K
Event: 20.296 GC heap after
Heap after GC invocations=18 (full 3):
 PSYoungGen      total 318464K, used 17987K [0x00000000e0000000, 0x00000000fbd00000, 0x0000000100000000)
  eden space 259072K, 0% used [0x00000000e0000000,0x00000000e0000000,0x00000000efd00000)
  from space 59392K, 30% used [0x00000000efd00000,0x00000000f0e90ff8,0x00000000f3700000)
  to   space 56320K, 0% used [0x00000000f8600000,0x00000000f8600000,0x00000000fbd00000)
 ParOldGen       total 167424K, used 155180K [0x00000000a0000000, 0x00000000aa380000, 0x00000000e0000000)
  object space 167424K, 92% used [0x00000000a0000000,0x00000000a978b0b8,0x00000000aa380000)
 Metaspace       used 62525K, capacity 65972K, committed 66176K, reserved 1105920K
  class space    used 8328K, capacity 9231K, committed 9344K, reserved 1048576K
}
Event: 20.297 GC heap before
{Heap before GC invocations=19 (full 4):
 PSYoungGen      total 318464K, used 17987K [0x00000000e0000000, 0x00000000fbd00000, 0x0000000100000000)
  eden space 259072K, 0% used [0x00000000e0000000,0x00000000e0000000,0x00000000efd00000)
  from space 59392K, 30% used [0x00000000efd00000,0x00000000f0e90ff8,0x00000000f3700000)
  to   space 56320K, 0% used [0x00000000f8600000,0x00000000f8600000,0x00000000fbd00000)
 ParOldGen       total 167424K, used 155180K [0x00000000a0000000, 0x00000000aa380000, 0x00000000e0000000)
  object space 167424K, 92% used [0x00000000a0000000,0x00000000a978b0b8,0x00000000aa380000)
 Metaspace       used 62525K, capacity 65972K, committed 66176K, reserved 1105920K
  class space    used 8328K, capacity 9231K, committed 9344K, reserved 1048576K

