# JRE version: OpenJDK Runtime Environment (8.0_202) (build 1.8.0_202-release-1483-b49-5587405)
# Java VM: OpenJDK 64-Bit Server VM (25.202-b49-5587405 mixed mode linux-amd64 compressed oops)
Heap:
 PSYoungGen      total 441344K, used 47381K [0x00000000e0000000, 0x0000000100000000, 0x0000000100000000)
  eden space 358400K, 0% used [0x00000000e0000000,0x00000000e0000000,0x00000000f5e00000)
  from space 82944K, 57% used [0x00000000f5e00000,0x00000000f8c45450,0x00000000faf00000)
  to   space 82944K, 0% used [0x00000000faf00000,0x00000000faf00000,0x0000000100000000)
 ParOldGen       total 246784K, used 246575K [0x00000000a0000000, 0x00000000af100000, 0x00000000e0000000)
  object space 246784K, 99% used [0x00000000a0000000,0x00000000af0cbd00,0x00000000af100000)
 Metaspace       used 79607K, capacity 85114K, committed 85424K, reserved 1122304K
  class space    used 10335K, capacity 11671K, committed 11696K, reserved 1048576K
GC Heap History (10 events):
Event: 56.753 GC heap after
Heap after GC invocations=22 (full 4):
 PSYoungGen      total 401408K, used 8448K [0x00000000e0000000, 0x00000000fc400000, 0x0000000100000000)
  eden space 344064K, 0% used [0x00000000e0000000,0x00000000e0000000,0x00000000f5000000)
  from space 57344K, 14% used [0x00000000f8c00000,0x00000000f9440020,0x00000000fc400000)
  to   space 59392K, 0% used [0x00000000f5000000,0x00000000f5000000,0x00000000f8a00000)
 ParOldGen       total 236544K, used 203239K [0x00000000a0000000, 0x00000000ae700000, 0x00000000e0000000)
  object space 236544K, 85% used [0x00000000a0000000,0x00000000ac679e58,0x00000000ae700000)
 Metaspace       used 72551K, capacity 78022K, committed 78256K, reserved 1116160K
  class space    used 9585K, capacity 10915K, committed 10928K, reserved 1048576K
}
Event: 56.754 GC heap before
{Heap before GC invocations=23 (full 5):
 PSYoungGen      total 401408K, used 8448K [0x00000000e0000000, 0x00000000fc400000, 0x0000000100000000)
  eden space 344064K, 0% used [0x00000000e0000000,0x00000000e0000000,0x00000000f5000000)
  from space 57344K, 14% used [0x00000000f8c00000,0x00000000f9440020,0x00000000fc400000)
  to   space 59392K, 0% used [0x00000000f5000000,0x00000000f5000000,0x00000000f8a00000)
 ParOldGen       total 236544K, used 203239K [0x00000000a0000000, 0x00000000ae700000, 0x00000000e0000000)
  object space 236544K, 85% used [0x00000000a0000000,0x00000000ac679e58,0x00000000ae700000)
 Metaspace       used 72551K, capacity 78022K, committed 78256K, reserved 1116160K
  class space    used 9585K, capacity 10915K, committed 10928K, reserved 1048576K
Event: 57.722 GC heap after
Heap after GC invocations=23 (full 5):
 PSYoungGen      total 401408K, used 0K [0x00000000e0000000, 0x00000000fc400000, 0x0000000100000000)
  eden space 344064K, 0% used [0x00000000e0000000,0x00000000e0000000,0x00000000f5000000)
  from space 57344K, 0% used [0x00000000f8c00000,0x00000000f8c00000,0x00000000fc400000)
  to   space 59392K, 0% used [0x00000000f5000000,0x00000000f5000000,0x00000000f8a00000)
 ParOldGen       total 246784K, used 95432K [0x00000000a0000000, 0x00000000af100000, 0x00000000e0000000)
  object space 246784K, 38% used [0x00000000a0000000,0x00000000a5d32118,0x00000000af100000)
 Metaspace       used 72551K, capacity 78022K, committed 78256K, reserved 1116160K
  class space    used 9585K, capacity 10915K, committed 10928K, reserved 1048576K
}
Event: 63.287 GC heap before
{Heap before GC invocations=24 (full 5):
 PSYoungGen      total 401408K, used 343297K [0x00000000e0000000, 0x00000000fc400000, 0x0000000100000000)
  eden space 344064K, 99% used [0x00000000e0000000,0x00000000f4f40780,0x00000000f5000000)
  from space 57344K, 0% used [0x00000000f8c00000,0x00000000f8c00000,0x00000000fc400000)
  to   space 59392K, 0% used [0x00000000f5000000,0x00000000f5000000,0x00000000f8a00000)
 ParOldGen       total 246784K, used 95432K [0x00000000a0000000, 0x00000000af100000, 0x00000000e0000000)
  object space 246784K, 38% used [0x00000000a0000000,0x00000000a5d32118,0x00000000af100000)
 Metaspace       used 77467K, capacity 82984K, committed 83248K, reserved 1120256K
  class space    used 10199K, capacity 11540K, committed 11568K, reserved 1048576K
Event: 63.523 GC heap after
Heap after GC invocations=24 (full 5):
 PSYoungGen      total 403456K, used 59383K [0x00000000e0000000, 0x0000000100000000, 0x0000000100000000)
  eden space 344064K, 0% used [0x00000000e0000000,0x00000000e0000000,0x00000000f5000000)
  from space 59392K, 99% used [0x00000000f5000000,0x00000000f89fde50,0x00000000f8a00000)
  to   space 70656K, 0% used [0x00000000fbb00000,0x00000000fbb00000,0x0000000100000000)
 ParOldGen       total 246784K, used 98468K [0x00000000a0000000, 0x00000000af100000, 0x00000000e0000000)
  object space 246784K, 39% used [0x00000000a0000000,0x00000000a6029088,0x00000000af100000)
 Metaspace       used 77467K, capacity 82984K, committed 83248K, reserved 1120256K
  class space    used 10199K, capacity 11540K, committed 11568K, reserved 1048576K
}
Event: 68.804 GC heap before
{Heap before GC invocations=25 (full 5):
 PSYoungGen      total 403456K, used 403447K [0x00000000e0000000, 0x0000000100000000, 0x0000000100000000)
  eden space 344064K, 100% used [0x00000000e0000000,0x00000000f5000000,0x00000000f5000000)
  from space 59392K, 99% used [0x00000000f5000000,0x00000000f89fde50,0x00000000f8a00000)
  to   space 70656K, 0% used [0x00000000fbb00000,0x00000000fbb00000,0x0000000100000000)
 ParOldGen       total 246784K, used 98468K [0x00000000a0000000, 0x00000000af100000, 0x00000000e0000000)
  object space 246784K, 39% used [0x00000000a0000000,0x00000000a6029088,0x00000000af100000)
 Metaspace       used 78948K, capacity 84488K, committed 84656K, reserved 1122304K
  class space    used 10283K, capacity 11636K, committed 11696K, reserved 1048576K
Event: 69.167 GC heap after
Heap after GC invocations=25 (full 5):
 PSYoungGen      total 429056K, used 70456K [0x00000000e0000000, 0x0000000100000000, 0x0000000100000000)
  eden space 358400K, 0% used [0x00000000e0000000,0x00000000e0000000,0x00000000f5e00000)
  from space 70656K, 99% used [0x00000000fbb00000,0x00000000fffce068,0x0000000100000000)
  to   space 82944K, 0% used [0x00000000f5e00000,0x00000000f5e00000,0x00000000faf00000)
 ParOldGen       total 246784K, used 155452K [0x00000000a0000000, 0x00000000af100000, 0x00000000e0000000)
  object space 246784K, 62% used [0x00000000a0000000,0x00000000a97cf288,0x00000000af100000)
 Metaspace       used 78948K, capacity 84488K, committed 84656K, reserved 1122304K
  class space    used 10283K, capacity 11636K, committed 11696K, reserved 1048576K
}
Event: 74.973 GC heap before
{Heap before GC invocations=26 (full 5):
 PSYoungGen      total 429056K, used 428856K [0x00000000e0000000, 0x0000000100000000, 0x0000000100000000)
  eden space 358400K, 100% used [0x00000000e0000000,0x00000000f5e00000,0x00000000f5e00000)
  from space 70656K, 99% used [0x00000000fbb00000,0x00000000fffce068,0x0000000100000000)
  to   space 82944K, 0% used [0x00000000f5e00000,0x00000000f5e00000,0x00000000faf00000)
 ParOldGen       total 246784K, used 155452K [0x00000000a0000000, 0x00000000af100000, 0x00000000e0000000)
  object space 246784K, 62% used [0x00000000a0000000,0x00000000a97cf288,0x00000000af100000)
 Metaspace       used 79607K, capacity 85114K, committed 85424K, reserved 1122304K
  class space    used 10335K, capacity 11671K, committed 11696K, reserved 1048576K
Event: 75.542 GC heap after
Heap after GC invocations=26 (full 5):
 PSYoungGen      total 441344K, used 82938K [0x00000000e0000000, 0x0000000100000000, 0x0000000100000000)
  eden space 358400K, 0% used [0x00000000e0000000,0x00000000e0000000,0x00000000f5e00000)
  from space 82944K, 99% used [0x00000000f5e00000,0x00000000faefeaa0,0x00000000faf00000)
  to   space 82944K, 0% used [0x00000000faf00000,0x00000000faf00000,0x0000000100000000)
 ParOldGen       total 246784K, used 230518K [0x00000000a0000000, 0x00000000af100000, 0x00000000e0000000)
  object space 246784K, 93% used [0x00000000a0000000,0x00000000ae11d928,0x00000000af100000)
 Metaspace       used 79607K, capacity 85114K, committed 85424K, reserved 1122304K
  class space    used 10335K, capacity 11671K, committed 11696K, reserved 1048576K
}
Event: 75.549 GC heap before
{Heap before GC invocations=27 (full 6):
 PSYoungGen      total 441344K, used 82938K [0x00000000e0000000, 0x0000000100000000, 0x0000000100000000)
  eden space 358400K, 0% used [0x00000000e0000000,0x00000000e0000000,0x00000000f5e00000)
  from space 82944K, 99% used [0x00000000f5e00000,0x00000000faefeaa0,0x00000000faf00000)
  to   space 82944K, 0% used [0x00000000faf00000,0x00000000faf00000,0x0000000100000000)
 ParOldGen       total 246784K, used 230518K [0x00000000a0000000, 0x00000000af100000, 0x00000000e0000000)
  object space 246784K, 93% used [0x00000000a0000000,0x00000000ae11d928,0x00000000af100000)
 Metaspace       used 79607K, capacity 85114K, committed 85424K, reserved 1122304K
  class space    used 10335K, capacity 11671K, committed 11696K, reserved 1048576K

