# JRE version: OpenJDK Runtime Environment (8.0_152-b01) (build 1.8.0_152-release-1248-b01)
# Java VM: OpenJDK 64-Bit Server VM (25.152-b01 mixed mode linux-amd64 compressed oops)
Heap:
 PSYoungGen      total 377344K, used 0K [0x00000000e0000000, 0x0000000100000000, 0x0000000100000000)
  eden space 230400K, 0% used [0x00000000e0000000,0x00000000e0000000,0x00000000ee100000)
  from space 146944K, 0% used [0x00000000ee100000,0x00000000ee100000,0x00000000f7080000)
  to   space 138240K, 0% used [0x00000000f7900000,0x00000000f7900000,0x0000000100000000)
 ParOldGen       total 310272K, used 299151K [0x00000000a0000000, 0x00000000b2f00000, 0x00000000e0000000)
  object space 310272K, 96% used [0x00000000a0000000,0x00000000b2423c00,0x00000000b2f00000)
 Metaspace       used 68959K, capacity 73086K, committed 73392K, reserved 1112064K
  class space    used 9297K, capacity 10401K, committed 10416K, reserved 1048576K
GC Heap History (10 events):
Event: 19.233 GC heap after
Heap after GC invocations=19 (full 3):
 PSYoungGen      total 336896K, used 61928K [0x00000000e0000000, 0x0000000100000000, 0x0000000100000000)
  eden space 274944K, 0% used [0x00000000e0000000,0x00000000e0000000,0x00000000f0c80000)
  from space 61952K, 99% used [0x00000000f6600000,0x00000000fa27a388,0x00000000fa280000)
  to   space 91648K, 0% used [0x00000000f0c80000,0x00000000f0c80000,0x00000000f6600000)
 ParOldGen       total 155136K, used 136279K [0x00000000a0000000, 0x00000000a9780000, 0x00000000e0000000)
  object space 155136K, 87% used [0x00000000a0000000,0x00000000a8515dc0,0x00000000a9780000)
 Metaspace       used 68538K, capacity 72670K, committed 72880K, reserved 1112064K
  class space    used 9254K, capacity 10369K, committed 10416K, reserved 1048576K
}
Event: 19.233 GC heap before
{Heap before GC invocations=20 (full 4):
 PSYoungGen      total 336896K, used 61928K [0x00000000e0000000, 0x0000000100000000, 0x0000000100000000)
  eden space 274944K, 0% used [0x00000000e0000000,0x00000000e0000000,0x00000000f0c80000)
  from space 61952K, 99% used [0x00000000f6600000,0x00000000fa27a388,0x00000000fa280000)
  to   space 91648K, 0% used [0x00000000f0c80000,0x00000000f0c80000,0x00000000f6600000)
 ParOldGen       total 155136K, used 136279K [0x00000000a0000000, 0x00000000a9780000, 0x00000000e0000000)
  object space 155136K, 87% used [0x00000000a0000000,0x00000000a8515dc0,0x00000000a9780000)
 Metaspace       used 68538K, capacity 72670K, committed 72880K, reserved 1112064K
  class space    used 9254K, capacity 10369K, committed 10416K, reserved 1048576K
Event: 20.147 GC heap after
Heap after GC invocations=20 (full 4):
 PSYoungGen      total 336896K, used 4225K [0x00000000e0000000, 0x0000000100000000, 0x0000000100000000)
  eden space 274944K, 0% used [0x00000000e0000000,0x00000000e0000000,0x00000000f0c80000)
  from space 61952K, 6% used [0x00000000f6600000,0x00000000f6a207e8,0x00000000fa280000)
  to   space 91648K, 0% used [0x00000000f0c80000,0x00000000f0c80000,0x00000000f6600000)
 ParOldGen       total 310272K, used 154974K [0x00000000a0000000, 0x00000000b2f00000, 0x00000000e0000000)
  object space 310272K, 49% used [0x00000000a0000000,0x00000000a9757810,0x00000000b2f00000)
 Metaspace       used 68538K, capacity 72670K, committed 72880K, reserved 1112064K
  class space    used 9254K, capacity 10369K, committed 10416K, reserved 1048576K
}
Event: 21.223 GC heap before
{Heap before GC invocations=21 (full 4):
 PSYoungGen      total 336896K, used 279169K [0x00000000e0000000, 0x0000000100000000, 0x0000000100000000)
  eden space 274944K, 100% used [0x00000000e0000000,0x00000000f0c80000,0x00000000f0c80000)
  from space 61952K, 6% used [0x00000000f6600000,0x00000000f6a207e8,0x00000000fa280000)
  to   space 91648K, 0% used [0x00000000f0c80000,0x00000000f0c80000,0x00000000f6600000)
 ParOldGen       total 310272K, used 154974K [0x00000000a0000000, 0x00000000b2f00000, 0x00000000e0000000)
  object space 310272K, 49% used [0x00000000a0000000,0x00000000a9757810,0x00000000b2f00000)
 Metaspace       used 68579K, capacity 72734K, committed 72880K, reserved 1112064K
  class space    used 9259K, capacity 10369K, committed 10416K, reserved 1048576K
Event: 21.436 GC heap after
Heap after GC invocations=21 (full 4):
 PSYoungGen      total 366592K, used 91619K [0x00000000e0000000, 0x0000000100000000, 0x0000000100000000)
  eden space 274944K, 0% used [0x00000000e0000000,0x00000000e0000000,0x00000000f0c80000)
  from space 91648K, 99% used [0x00000000f0c80000,0x00000000f65f8e48,0x00000000f6600000)
  to   space 119296K, 0% used [0x00000000f8b80000,0x00000000f8b80000,0x0000000100000000)
 ParOldGen       total 310272K, used 186920K [0x00000000a0000000, 0x00000000b2f00000, 0x00000000e0000000)
  object space 310272K, 60% used [0x00000000a0000000,0x00000000ab68a380,0x00000000b2f00000)
 Metaspace       used 68579K, capacity 72734K, committed 72880K, reserved 1112064K
  class space    used 9259K, capacity 10369K, committed 10416K, reserved 1048576K
}
Event: 23.209 GC heap before
{Heap before GC invocations=22 (full 4):
 PSYoungGen      total 366592K, used 366563K [0x00000000e0000000, 0x0000000100000000, 0x0000000100000000)
  eden space 274944K, 100% used [0x00000000e0000000,0x00000000f0c80000,0x00000000f0c80000)
  from space 91648K, 99% used [0x00000000f0c80000,0x00000000f65f8e48,0x00000000f6600000)
  to   space 119296K, 0% used [0x00000000f8b80000,0x00000000f8b80000,0x0000000100000000)
 ParOldGen       total 310272K, used 186920K [0x00000000a0000000, 0x00000000b2f00000, 0x00000000e0000000)
  object space 310272K, 60% used [0x00000000a0000000,0x00000000ab68a380,0x00000000b2f00000)
 Metaspace       used 68770K, capacity 72894K, committed 73136K, reserved 1112064K
  class space    used 9278K, capacity 10401K, committed 10416K, reserved 1048576K
Event: 23.464 GC heap after
Heap after GC invocations=22 (full 4):
 PSYoungGen      total 349696K, used 119294K [0x00000000e0000000, 0x0000000100000000, 0x0000000100000000)
  eden space 230400K, 0% used [0x00000000e0000000,0x00000000e0000000,0x00000000ee100000)
  from space 119296K, 99% used [0x00000000f8b80000,0x00000000fffff820,0x0000000100000000)
  to   space 146944K, 0% used [0x00000000ee100000,0x00000000ee100000,0x00000000f7080000)
 ParOldGen       total 310272K, used 204875K [0x00000000a0000000, 0x00000000b2f00000, 0x00000000e0000000)
  object space 310272K, 66% used [0x00000000a0000000,0x00000000ac812dc0,0x00000000b2f00000)
 Metaspace       used 68770K, capacity 72894K, committed 73136K, reserved 1112064K
  class space    used 9278K, capacity 10401K, committed 10416K, reserved 1048576K
}
Event: 25.518 GC heap before
{Heap before GC invocations=23 (full 4):
 PSYoungGen      total 349696K, used 349694K [0x00000000e0000000, 0x0000000100000000, 0x0000000100000000)
  eden space 230400K, 100% used [0x00000000e0000000,0x00000000ee100000,0x00000000ee100000)
  from space 119296K, 99% used [0x00000000f8b80000,0x00000000fffff820,0x0000000100000000)
  to   space 146944K, 0% used [0x00000000ee100000,0x00000000ee100000,0x00000000f7080000)
 ParOldGen       total 310272K, used 204875K [0x00000000a0000000, 0x00000000b2f00000, 0x00000000e0000000)
  object space 310272K, 66% used [0x00000000a0000000,0x00000000ac812dc0,0x00000000b2f00000)
 Metaspace       used 68959K, capacity 73086K, committed 73392K, reserved 1112064K
  class space    used 9297K, capacity 10401K, committed 10416K, reserved 1048576K
Event: 25.720 GC heap after
Heap after GC invocations=23 (full 4):
 PSYoungGen      total 377344K, used 53772K [0x00000000e0000000, 0x0000000100000000, 0x0000000100000000)
  eden space 230400K, 0% used [0x00000000e0000000,0x00000000e0000000,0x00000000ee100000)
  from space 146944K, 36% used [0x00000000ee100000,0x00000000f1583020,0x00000000f7080000)
  to   space 138240K, 0% used [0x00000000f7900000,0x00000000f7900000,0x0000000100000000)
 ParOldGen       total 310272K, used 273649K [0x00000000a0000000, 0x00000000b2f00000, 0x00000000e0000000)
  object space 310272K, 88% used [0x00000000a0000000,0x00000000b0b3c720,0x00000000b2f00000)
 Metaspace       used 68959K, capacity 73086K, committed 73392K, reserved 1112064K
  class space    used 9297K, capacity 10401K, committed 10416K, reserved 1048576K
}
Event: 25.721 GC heap before
{Heap before GC invocations=24 (full 5):
 PSYoungGen      total 377344K, used 53772K [0x00000000e0000000, 0x0000000100000000, 0x0000000100000000)
  eden space 230400K, 0% used [0x00000000e0000000,0x00000000e0000000,0x00000000ee100000)
  from space 146944K, 36% used [0x00000000ee100000,0x00000000f1583020,0x00000000f7080000)
  to   space 138240K, 0% used [0x00000000f7900000,0x00000000f7900000,0x0000000100000000)
 ParOldGen       total 310272K, used 273649K [0x00000000a0000000, 0x00000000b2f00000, 0x00000000e0000000)
  object space 310272K, 88% used [0x00000000a0000000,0x00000000b0b3c720,0x00000000b2f00000)
 Metaspace       used 68959K, capacity 73086K, committed 73392K, reserved 1112064K
  class space    used 9297K, capacity 10401K, committed 10416K, reserved 1048576K

