# JRE version: OpenJDK Runtime Environment (8.0_152-b01) (build 1.8.0_152-release-1248-b01)
# Java VM: OpenJDK 64-Bit Server VM (25.152-b01 mixed mode linux-amd64 compressed oops)
Heap:
 PSYoungGen      total 365056K, used 0K [0x00000000e0000000, 0x0000000100000000, 0x0000000100000000)
  eden space 272384K, 0% used [0x00000000e0000000,0x00000000e0000000,0x00000000f0a00000)
  from space 92672K, 0% used [0x00000000fa580000,0x00000000fa580000,0x0000000100000000)
  to   space 125952K, 0% used [0x00000000f0a00000,0x00000000f0a00000,0x00000000f8500000)
 ParOldGen       total 839680K, used 343260K [0x00000000a0000000, 0x00000000d3400000, 0x00000000e0000000)
  object space 839680K, 40% used [0x00000000a0000000,0x00000000b4f37288,0x00000000d3400000)
 Metaspace       used 99499K, capacity 106590K, committed 107008K, reserved 1142784K
  class space    used 12262K, capacity 13971K, committed 14080K, reserved 1048576K
GC Heap History (10 events):
Event: 9572.002 GC heap after
Heap after GC invocations=360 (full 20):
 PSYoungGen      total 425984K, used 13376K [0x00000000e0000000, 0x00000000ff680000, 0x0000000100000000)
  eden space 351744K, 0% used [0x00000000e0000000,0x00000000e0000000,0x00000000f5780000)
  from space 74240K, 18% used [0x00000000fae00000,0x00000000fbb10020,0x00000000ff680000)
  to   space 81408K, 0% used [0x00000000f5780000,0x00000000f5780000,0x00000000fa700000)
 ParOldGen       total 839680K, used 574763K [0x00000000a0000000, 0x00000000d3400000, 0x00000000e0000000)
  object space 839680K, 68% used [0x00000000a0000000,0x00000000c314af88,0x00000000d3400000)
 Metaspace       used 98829K, capacity 106038K, committed 106112K, reserved 1140736K
  class space    used 12215K, capacity 13922K, committed 13952K, reserved 1048576K
}
Event: 9575.888 GC heap before
{Heap before GC invocations=361 (full 20):
 PSYoungGen      total 425984K, used 365120K [0x00000000e0000000, 0x00000000ff680000, 0x0000000100000000)
  eden space 351744K, 100% used [0x00000000e0000000,0x00000000f5780000,0x00000000f5780000)
  from space 74240K, 18% used [0x00000000fae00000,0x00000000fbb10020,0x00000000ff680000)
  to   space 81408K, 0% used [0x00000000f5780000,0x00000000f5780000,0x00000000fa700000)
 ParOldGen       total 839680K, used 574763K [0x00000000a0000000, 0x00000000d3400000, 0x00000000e0000000)
  object space 839680K, 68% used [0x00000000a0000000,0x00000000c314af88,0x00000000d3400000)
 Metaspace       used 98990K, capacity 106210K, committed 106496K, reserved 1142784K
  class space    used 12229K, capacity 13962K, committed 14080K, reserved 1048576K
Event: 9575.984 GC heap after
Heap after GC invocations=361 (full 20):
 PSYoungGen      total 431616K, used 79368K [0x00000000e0000000, 0x0000000100000000, 0x0000000100000000)
  eden space 351744K, 0% used [0x00000000e0000000,0x00000000e0000000,0x00000000f5780000)
  from space 79872K, 99% used [0x00000000f5780000,0x00000000fa502090,0x00000000fa580000)
  to   space 92672K, 0% used [0x00000000fa580000,0x00000000fa580000,0x0000000100000000)
 ParOldGen       total 839680K, used 587723K [0x00000000a0000000, 0x00000000d3400000, 0x00000000e0000000)
  object space 839680K, 69% used [0x00000000a0000000,0x00000000c3df2d08,0x00000000d3400000)
 Metaspace       used 98990K, capacity 106210K, committed 106496K, reserved 1142784K
  class space    used 12229K, capacity 13962K, committed 14080K, reserved 1048576K
}
Event: 9577.152 GC heap before
{Heap before GC invocations=362 (full 20):
 PSYoungGen      total 431616K, used 431112K [0x00000000e0000000, 0x0000000100000000, 0x0000000100000000)
  eden space 351744K, 100% used [0x00000000e0000000,0x00000000f5780000,0x00000000f5780000)
  from space 79872K, 99% used [0x00000000f5780000,0x00000000fa502090,0x00000000fa580000)
  to   space 92672K, 0% used [0x00000000fa580000,0x00000000fa580000,0x0000000100000000)
 ParOldGen       total 839680K, used 587723K [0x00000000a0000000, 0x00000000d3400000, 0x00000000e0000000)
  object space 839680K, 69% used [0x00000000a0000000,0x00000000c3df2d08,0x00000000d3400000)
 Metaspace       used 99693K, capacity 106932K, committed 107008K, reserved 1142784K
  class space    used 12294K, capacity 14029K, committed 14080K, reserved 1048576K
Event: 9577.336 GC heap after
Heap after GC invocations=362 (full 20):
 PSYoungGen      total 434688K, used 30934K [0x00000000e0000000, 0x0000000100000000, 0x0000000100000000)
  eden space 342016K, 0% used [0x00000000e0000000,0x00000000e0000000,0x00000000f4e00000)
  from space 92672K, 33% used [0x00000000fa580000,0x00000000fc3b5918,0x0000000100000000)
  to   space 89600K, 0% used [0x00000000f4e00000,0x00000000f4e00000,0x00000000fa580000)
 ParOldGen       total 839680K, used 665481K [0x00000000a0000000, 0x00000000d3400000, 0x00000000e0000000)
  object space 839680K, 79% used [0x00000000a0000000,0x00000000c89e2438,0x00000000d3400000)
 Metaspace       used 99693K, capacity 106932K, committed 107008K, reserved 1142784K
  class space    used 12294K, capacity 14029K, committed 14080K, reserved 1048576K
}
Event: 9578.299 GC heap before
{Heap before GC invocations=363 (full 20):
 PSYoungGen      total 434688K, used 372950K [0x00000000e0000000, 0x0000000100000000, 0x0000000100000000)
  eden space 342016K, 100% used [0x00000000e0000000,0x00000000f4e00000,0x00000000f4e00000)
  from space 92672K, 33% used [0x00000000fa580000,0x00000000fc3b5918,0x0000000100000000)
  to   space 89600K, 0% used [0x00000000f4e00000,0x00000000f4e00000,0x00000000fa580000)
 ParOldGen       total 839680K, used 665481K [0x00000000a0000000, 0x00000000d3400000, 0x00000000e0000000)
  object space 839680K, 79% used [0x00000000a0000000,0x00000000c89e2438,0x00000000d3400000)
 Metaspace       used 99706K, capacity 106932K, committed 107008K, reserved 1142784K
  class space    used 12294K, capacity 14029K, committed 14080K, reserved 1048576K
Event: 9578.485 GC heap after
Heap after GC invocations=363 (full 20):
 PSYoungGen      total 431616K, used 89598K [0x00000000e0000000, 0x0000000100000000, 0x0000000100000000)
  eden space 342016K, 0% used [0x00000000e0000000,0x00000000e0000000,0x00000000f4e00000)
  from space 89600K, 99% used [0x00000000f4e00000,0x00000000fa57fad8,0x00000000fa580000)
  to   space 92672K, 0% used [0x00000000fa580000,0x00000000fa580000,0x0000000100000000)
 ParOldGen       total 839680K, used 731222K [0x00000000a0000000, 0x00000000d3400000, 0x00000000e0000000)
  object space 839680K, 87% used [0x00000000a0000000,0x00000000cca159c8,0x00000000d3400000)
 Metaspace       used 99706K, capacity 106932K, committed 107008K, reserved 1142784K
  class space    used 12294K, capacity 14029K, committed 14080K, reserved 1048576K
}
Event: 9579.872 GC heap before
{Heap before GC invocations=364 (full 20):
 PSYoungGen      total 431616K, used 431614K [0x00000000e0000000, 0x0000000100000000, 0x0000000100000000)
  eden space 342016K, 100% used [0x00000000e0000000,0x00000000f4e00000,0x00000000f4e00000)
  from space 89600K, 99% used [0x00000000f4e00000,0x00000000fa57fad8,0x00000000fa580000)
  to   space 92672K, 0% used [0x00000000fa580000,0x00000000fa580000,0x0000000100000000)
 ParOldGen       total 839680K, used 731222K [0x00000000a0000000, 0x00000000d3400000, 0x00000000e0000000)
  object space 839680K, 87% used [0x00000000a0000000,0x00000000cca159c8,0x00000000d3400000)
 Metaspace       used 99710K, capacity 106932K, committed 107008K, reserved 1142784K
  class space    used 12294K, capacity 14029K, committed 14080K, reserved 1048576K
Event: 9579.977 GC heap after
Heap after GC invocations=364 (full 20):
 PSYoungGen      total 365056K, used 14167K [0x00000000e0000000, 0x0000000100000000, 0x0000000100000000)
  eden space 272384K, 0% used [0x00000000e0000000,0x00000000e0000000,0x00000000f0a00000)
  from space 92672K, 15% used [0x00000000fa580000,0x00000000fb355cb8,0x0000000100000000)
  to   space 125952K, 0% used [0x00000000f0a00000,0x00000000f0a00000,0x00000000f8500000)
 ParOldGen       total 839680K, used 799703K [0x00000000a0000000, 0x00000000d3400000, 0x00000000e0000000)
  object space 839680K, 95% used [0x00000000a0000000,0x00000000d0cf5cf8,0x00000000d3400000)
 Metaspace       used 99710K, capacity 106932K, committed 107008K, reserved 1142784K
  class space    used 12294K, capacity 14029K, committed 14080K, reserved 1048576K
}
Event: 9579.978 GC heap before
{Heap before GC invocations=365 (full 21):
 PSYoungGen      total 365056K, used 14167K [0x00000000e0000000, 0x0000000100000000, 0x0000000100000000)
  eden space 272384K, 0% used [0x00000000e0000000,0x00000000e0000000,0x00000000f0a00000)
  from space 92672K, 15% used [0x00000000fa580000,0x00000000fb355cb8,0x0000000100000000)
  to   space 125952K, 0% used [0x00000000f0a00000,0x00000000f0a00000,0x00000000f8500000)
 ParOldGen       total 839680K, used 799703K [0x00000000a0000000, 0x00000000d3400000, 0x00000000e0000000)
  object space 839680K, 95% used [0x00000000a0000000,0x00000000d0cf5cf8,0x00000000d3400000)
 Metaspace       used 99710K, capacity 106932K, committed 107008K, reserved 1142784K
  class space    used 12294K, capacity 14029K, committed 14080K, reserved 1048576K

