# JRE version: OpenJDK Runtime Environment (8.0_152-b01) (build 1.8.0_152-release-1024-b01)
# Java VM: OpenJDK 64-Bit Server VM (25.152-b01 mixed mode linux-amd64 compressed oops)
Heap:
 PSYoungGen      total 255488K, used 0K [0x00000000e0000000, 0x00000000fec00000, 0x0000000100000000)
  eden space 210944K, 0% used [0x00000000e0000000,0x00000000e0000000,0x00000000ece00000)
  from space 44544K, 0% used [0x00000000ece00000,0x00000000ece00000,0x00000000ef980000)
  to   space 146432K, 0% used [0x00000000f5d00000,0x00000000f5d00000,0x00000000fec00000)
 ParOldGen       total 633856K, used 328362K [0x00000000a0000000, 0x00000000c6b00000, 0x00000000e0000000)
  object space 633856K, 51% used [0x00000000a0000000,0x00000000b40aabf0,0x00000000c6b00000)
 Metaspace       used 92444K, capacity 99534K, committed 100864K, reserved 1136640K
  class space    used 11533K, capacity 13243K, committed 13568K, reserved 1048576K
GC Heap History (10 events):
Event: 5606.350 GC heap after
Heap after GC invocations=270 (full 17):
 PSYoungGen      total 420352K, used 103922K [0x00000000e0000000, 0x0000000100000000, 0x0000000100000000)
  eden space 316416K, 0% used [0x00000000e0000000,0x00000000e0000000,0x00000000f3500000)
  from space 103936K, 99% used [0x00000000f3500000,0x00000000f9a7c8b8,0x00000000f9a80000)
  to   space 103936K, 0% used [0x00000000f9a80000,0x00000000f9a80000,0x0000000100000000)
 ParOldGen       total 633856K, used 294672K [0x00000000a0000000, 0x00000000c6b00000, 0x00000000e0000000)
  object space 633856K, 46% used [0x00000000a0000000,0x00000000b1fc4350,0x00000000c6b00000)
 Metaspace       used 93327K, capacity 100472K, committed 100864K, reserved 1136640K
  class space    used 11621K, capacity 13368K, committed 13568K, reserved 1048576K
}
Event: 5612.266 GC heap before
{Heap before GC invocations=271 (full 17):
 PSYoungGen      total 420352K, used 420338K [0x00000000e0000000, 0x0000000100000000, 0x0000000100000000)
  eden space 316416K, 100% used [0x00000000e0000000,0x00000000f3500000,0x00000000f3500000)
  from space 103936K, 99% used [0x00000000f3500000,0x00000000f9a7c8b8,0x00000000f9a80000)
  to   space 103936K, 0% used [0x00000000f9a80000,0x00000000f9a80000,0x0000000100000000)
 ParOldGen       total 633856K, used 294672K [0x00000000a0000000, 0x00000000c6b00000, 0x00000000e0000000)
  object space 633856K, 46% used [0x00000000a0000000,0x00000000b1fc4350,0x00000000c6b00000)
 Metaspace       used 93350K, capacity 100542K, committed 100864K, reserved 1136640K
  class space    used 11622K, capacity 13369K, committed 13568K, reserved 1048576K
Event: 5613.411 GC heap after
Heap after GC invocations=271 (full 17):
 PSYoungGen      total 342528K, used 31918K [0x00000000e0000000, 0x0000000100000000, 0x0000000100000000)
  eden space 238592K, 0% used [0x00000000e0000000,0x00000000e0000000,0x00000000ee900000)
  from space 103936K, 30% used [0x00000000f9a80000,0x00000000fb9ab920,0x0000000100000000)
  to   space 142848K, 0% used [0x00000000ee900000,0x00000000ee900000,0x00000000f7480000)
 ParOldGen       total 633856K, used 379084K [0x00000000a0000000, 0x00000000c6b00000, 0x00000000e0000000)
  object space 633856K, 59% used [0x00000000a0000000,0x00000000b72330d0,0x00000000c6b00000)
 Metaspace       used 93350K, capacity 100542K, committed 100864K, reserved 1136640K
  class space    used 11622K, capacity 13369K, committed 13568K, reserved 1048576K
}
Event: 5614.564 GC heap before
{Heap before GC invocations=272 (full 17):
 PSYoungGen      total 342528K, used 270510K [0x00000000e0000000, 0x0000000100000000, 0x0000000100000000)
  eden space 238592K, 100% used [0x00000000e0000000,0x00000000ee900000,0x00000000ee900000)
  from space 103936K, 30% used [0x00000000f9a80000,0x00000000fb9ab920,0x0000000100000000)
  to   space 142848K, 0% used [0x00000000ee900000,0x00000000ee900000,0x00000000f7480000)
 ParOldGen       total 633856K, used 379084K [0x00000000a0000000, 0x00000000c6b00000, 0x00000000e0000000)
  object space 633856K, 59% used [0x00000000a0000000,0x00000000b72330d0,0x00000000c6b00000)
 Metaspace       used 93360K, capacity 100542K, committed 100864K, reserved 1136640K
  class space    used 11622K, capacity 13369K, committed 13568K, reserved 1048576K
Event: 5615.138 GC heap after
Heap after GC invocations=272 (full 17):
 PSYoungGen      total 356352K, used 117730K [0x00000000e0000000, 0x0000000100000000, 0x0000000100000000)
  eden space 238592K, 0% used [0x00000000e0000000,0x00000000e0000000,0x00000000ee900000)
  from space 117760K, 99% used [0x00000000ee900000,0x00000000f5bf8928,0x00000000f5c00000)
  to   space 159232K, 0% used [0x00000000f6480000,0x00000000f6480000,0x0000000100000000)
 ParOldGen       total 633856K, used 409935K [0x00000000a0000000, 0x00000000c6b00000, 0x00000000e0000000)
  object space 633856K, 64% used [0x00000000a0000000,0x00000000b9053d90,0x00000000c6b00000)
 Metaspace       used 93360K, capacity 100542K, committed 100864K, reserved 1136640K
  class space    used 11622K, capacity 13369K, committed 13568K, reserved 1048576K
}
Event: 5617.104 GC heap before
{Heap before GC invocations=273 (full 17):
 PSYoungGen      total 356352K, used 356322K [0x00000000e0000000, 0x0000000100000000, 0x0000000100000000)
  eden space 238592K, 100% used [0x00000000e0000000,0x00000000ee900000,0x00000000ee900000)
  from space 117760K, 99% used [0x00000000ee900000,0x00000000f5bf8928,0x00000000f5c00000)
  to   space 159232K, 0% used [0x00000000f6480000,0x00000000f6480000,0x0000000100000000)
 ParOldGen       total 633856K, used 409935K [0x00000000a0000000, 0x00000000c6b00000, 0x00000000e0000000)
  object space 633856K, 64% used [0x00000000a0000000,0x00000000b9053d90,0x00000000c6b00000)
 Metaspace       used 93360K, capacity 100542K, committed 100864K, reserved 1136640K
  class space    used 11622K, capacity 13369K, committed 13568K, reserved 1048576K
Event: 5618.228 GC heap after
Heap after GC invocations=273 (full 17):
 PSYoungGen      total 370176K, used 69754K [0x00000000e0000000, 0x0000000100000000, 0x0000000100000000)
  eden space 210944K, 0% used [0x00000000e0000000,0x00000000e0000000,0x00000000ece00000)
  from space 159232K, 43% used [0x00000000f6480000,0x00000000fa89eb98,0x0000000100000000)
  to   space 154112K, 0% used [0x00000000ece00000,0x00000000ece00000,0x00000000f6480000)
 ParOldGen       total 633856K, used 513261K [0x00000000a0000000, 0x00000000c6b00000, 0x00000000e0000000)
  object space 633856K, 80% used [0x00000000a0000000,0x00000000bf53b468,0x00000000c6b00000)
 Metaspace       used 93360K, capacity 100542K, committed 100864K, reserved 1136640K
  class space    used 11622K, capacity 13369K, committed 13568K, reserved 1048576K
}
Event: 5619.850 GC heap before
{Heap before GC invocations=274 (full 17):
 PSYoungGen      total 370176K, used 280698K [0x00000000e0000000, 0x0000000100000000, 0x0000000100000000)
  eden space 210944K, 100% used [0x00000000e0000000,0x00000000ece00000,0x00000000ece00000)
  from space 159232K, 43% used [0x00000000f6480000,0x00000000fa89eb98,0x0000000100000000)
  to   space 154112K, 0% used [0x00000000ece00000,0x00000000ece00000,0x00000000f6480000)
 ParOldGen       total 633856K, used 513261K [0x00000000a0000000, 0x00000000c6b00000, 0x00000000e0000000)
  object space 633856K, 80% used [0x00000000a0000000,0x00000000bf53b468,0x00000000c6b00000)
 Metaspace       used 93360K, capacity 100542K, committed 100864K, reserved 1136640K
  class space    used 11622K, capacity 13369K, committed 13568K, reserved 1048576K
Event: 5620.560 GC heap after
Heap after GC invocations=274 (full 17):
 PSYoungGen      total 255488K, used 44448K [0x00000000e0000000, 0x00000000fec00000, 0x0000000100000000)
  eden space 210944K, 0% used [0x00000000e0000000,0x00000000e0000000,0x00000000ece00000)
  from space 44544K, 99% used [0x00000000ece00000,0x00000000ef968000,0x00000000ef980000)
  to   space 146432K, 0% used [0x00000000f5d00000,0x00000000f5d00000,0x00000000fec00000)
 ParOldGen       total 633856K, used 577070K [0x00000000a0000000, 0x00000000c6b00000, 0x00000000e0000000)
  object space 633856K, 91% used [0x00000000a0000000,0x00000000c338ba20,0x00000000c6b00000)
 Metaspace       used 93360K, capacity 100542K, committed 100864K, reserved 1136640K
  class space    used 11622K, capacity 13369K, committed 13568K, reserved 1048576K
}
Event: 5620.561 GC heap before
{Heap before GC invocations=275 (full 18):
 PSYoungGen      total 255488K, used 44448K [0x00000000e0000000, 0x00000000fec00000, 0x0000000100000000)
  eden space 210944K, 0% used [0x00000000e0000000,0x00000000e0000000,0x00000000ece00000)
  from space 44544K, 99% used [0x00000000ece00000,0x00000000ef968000,0x00000000ef980000)
  to   space 146432K, 0% used [0x00000000f5d00000,0x00000000f5d00000,0x00000000fec00000)
 ParOldGen       total 633856K, used 577070K [0x00000000a0000000, 0x00000000c6b00000, 0x00000000e0000000)
  object space 633856K, 91% used [0x00000000a0000000,0x00000000c338ba20,0x00000000c6b00000)
 Metaspace       used 93360K, capacity 100542K, committed 100864K, reserved 1136640K
  class space    used 11622K, capacity 13369K, committed 13568K, reserved 1048576K

