# JRE version: OpenJDK Runtime Environment (8.0_152) (build 1.8.0_152-release-1343-b16-5323222)
# Java VM: OpenJDK 64-Bit Server VM (25.152-b16-5323222 mixed mode linux-amd64 compressed oops)
Heap:
 PSYoungGen      total 373760K, used 0K [0x00000000e0000000, 0x0000000100000000, 0x0000000100000000)
  eden space 223232K, 0% used [0x00000000e0000000,0x00000000e0000000,0x00000000eda00000)
  from space 150528K, 0% used [0x00000000eda00000,0x00000000eda00000,0x00000000f6d00000)
  to   space 150016K, 0% used [0x00000000f6d80000,0x00000000f6d80000,0x0000000100000000)
 ParOldGen       total 473600K, used 349601K [0x00000000a0000000, 0x00000000bce80000, 0x00000000e0000000)
  object space 473600K, 73% used [0x00000000a0000000,0x00000000b55684a0,0x00000000bce80000)
 Metaspace       used 144355K, capacity 154492K, committed 156288K, reserved 1185792K
  class space    used 17909K, capacity 20030K, committed 20352K, reserved 1048576K
GC Heap History (10 events):
Event: 6975.272 GC heap after
Heap after GC invocations=152 (full 17):
 PSYoungGen      total 415232K, used 0K [0x00000000e0000000, 0x0000000100000000, 0x0000000100000000)
  eden space 306176K, 0% used [0x00000000e0000000,0x00000000e0000000,0x00000000f2b00000)
  from space 109056K, 0% used [0x00000000f2b00000,0x00000000f2b00000,0x00000000f9580000)
  to   space 105984K, 0% used [0x00000000f9880000,0x00000000f9880000,0x0000000100000000)
 ParOldGen       total 473600K, used 156452K [0x00000000a0000000, 0x00000000bce80000, 0x00000000e0000000)
  object space 473600K, 33% used [0x00000000a0000000,0x00000000a98c9200,0x00000000bce80000)
 Metaspace       used 144311K, capacity 154478K, committed 156288K, reserved 1185792K
  class space    used 17906K, capacity 20027K, committed 20352K, reserved 1048576K
}
Event: 6977.470 GC heap before
{Heap before GC invocations=153 (full 17):
 PSYoungGen      total 415232K, used 306176K [0x00000000e0000000, 0x0000000100000000, 0x0000000100000000)
  eden space 306176K, 100% used [0x00000000e0000000,0x00000000f2b00000,0x00000000f2b00000)
  from space 109056K, 0% used [0x00000000f2b00000,0x00000000f2b00000,0x00000000f9580000)
  to   space 105984K, 0% used [0x00000000f9880000,0x00000000f9880000,0x0000000100000000)
 ParOldGen       total 473600K, used 156452K [0x00000000a0000000, 0x00000000bce80000, 0x00000000e0000000)
  object space 473600K, 33% used [0x00000000a0000000,0x00000000a98c9200,0x00000000bce80000)
 Metaspace       used 144351K, capacity 154492K, committed 156288K, reserved 1185792K
  class space    used 17909K, capacity 20030K, committed 20352K, reserved 1048576K
Event: 6977.557 GC heap after
Heap after GC invocations=153 (full 17):
 PSYoungGen      total 411136K, used 52777K [0x00000000e0000000, 0x00000000ffc00000, 0x0000000100000000)
  eden space 309248K, 0% used [0x00000000e0000000,0x00000000e0000000,0x00000000f2e00000)
  from space 101888K, 51% used [0x00000000f9880000,0x00000000fcc0a5f0,0x00000000ffc00000)
  to   space 105472K, 0% used [0x00000000f2e00000,0x00000000f2e00000,0x00000000f9500000)
 ParOldGen       total 473600K, used 156460K [0x00000000a0000000, 0x00000000bce80000, 0x00000000e0000000)
  object space 473600K, 33% used [0x00000000a0000000,0x00000000a98cb200,0x00000000bce80000)
 Metaspace       used 144351K, capacity 154492K, committed 156288K, reserved 1185792K
  class space    used 17909K, capacity 20030K, committed 20352K, reserved 1048576K
}
Event: 6978.565 GC heap before
{Heap before GC invocations=154 (full 17):
 PSYoungGen      total 411136K, used 362025K [0x00000000e0000000, 0x00000000ffc00000, 0x0000000100000000)
  eden space 309248K, 100% used [0x00000000e0000000,0x00000000f2e00000,0x00000000f2e00000)
  from space 101888K, 51% used [0x00000000f9880000,0x00000000fcc0a5f0,0x00000000ffc00000)
  to   space 105472K, 0% used [0x00000000f2e00000,0x00000000f2e00000,0x00000000f9500000)
 ParOldGen       total 473600K, used 156460K [0x00000000a0000000, 0x00000000bce80000, 0x00000000e0000000)
  object space 473600K, 33% used [0x00000000a0000000,0x00000000a98cb200,0x00000000bce80000)
 Metaspace       used 144354K, capacity 154492K, committed 156288K, reserved 1185792K
  class space    used 17909K, capacity 20030K, committed 20352K, reserved 1048576K
Event: 6978.777 GC heap after
Heap after GC invocations=154 (full 17):
 PSYoungGen      total 414720K, used 105443K [0x00000000e0000000, 0x0000000100000000, 0x0000000100000000)
  eden space 309248K, 0% used [0x00000000e0000000,0x00000000e0000000,0x00000000f2e00000)
  from space 105472K, 99% used [0x00000000f2e00000,0x00000000f94f8e48,0x00000000f9500000)
  to   space 109568K, 0% used [0x00000000f9500000,0x00000000f9500000,0x0000000100000000)
 ParOldGen       total 473600K, used 240452K [0x00000000a0000000, 0x00000000bce80000, 0x00000000e0000000)
  object space 473600K, 50% used [0x00000000a0000000,0x00000000aead1220,0x00000000bce80000)
 Metaspace       used 144354K, capacity 154492K, committed 156288K, reserved 1185792K
  class space    used 17909K, capacity 20030K, committed 20352K, reserved 1048576K
}
Event: 6980.581 GC heap before
{Heap before GC invocations=155 (full 17):
 PSYoungGen      total 414720K, used 414691K [0x00000000e0000000, 0x0000000100000000, 0x0000000100000000)
  eden space 309248K, 100% used [0x00000000e0000000,0x00000000f2e00000,0x00000000f2e00000)
  from space 105472K, 99% used [0x00000000f2e00000,0x00000000f94f8e48,0x00000000f9500000)
  to   space 109568K, 0% used [0x00000000f9500000,0x00000000f9500000,0x0000000100000000)
 ParOldGen       total 473600K, used 240452K [0x00000000a0000000, 0x00000000bce80000, 0x00000000e0000000)
  object space 473600K, 50% used [0x00000000a0000000,0x00000000aead1220,0x00000000bce80000)
 Metaspace       used 144355K, capacity 154492K, committed 156288K, reserved 1185792K
  class space    used 17909K, capacity 20030K, committed 20352K, reserved 1048576K
Event: 6980.855 GC heap after
Heap after GC invocations=155 (full 17):
 PSYoungGen      total 332800K, used 67312K [0x00000000e0000000, 0x0000000100000000, 0x0000000100000000)
  eden space 223232K, 0% used [0x00000000e0000000,0x00000000e0000000,0x00000000eda00000)
  from space 109568K, 61% used [0x00000000f9500000,0x00000000fd6bc010,0x0000000100000000)
  to   space 150528K, 0% used [0x00000000eda00000,0x00000000eda00000,0x00000000f6d00000)
 ParOldGen       total 473600K, used 325748K [0x00000000a0000000, 0x00000000bce80000, 0x00000000e0000000)
  object space 473600K, 68% used [0x00000000a0000000,0x00000000b3e1d340,0x00000000bce80000)
 Metaspace       used 144355K, capacity 154492K, committed 156288K, reserved 1185792K
  class space    used 17909K, capacity 20030K, committed 20352K, reserved 1048576K
}
Event: 6982.055 GC heap before
{Heap before GC invocations=156 (full 17):
 PSYoungGen      total 332800K, used 290544K [0x00000000e0000000, 0x0000000100000000, 0x0000000100000000)
  eden space 223232K, 100% used [0x00000000e0000000,0x00000000eda00000,0x00000000eda00000)
  from space 109568K, 61% used [0x00000000f9500000,0x00000000fd6bc010,0x0000000100000000)
  to   space 150528K, 0% used [0x00000000eda00000,0x00000000eda00000,0x00000000f6d00000)
 ParOldGen       total 473600K, used 325748K [0x00000000a0000000, 0x00000000bce80000, 0x00000000e0000000)
  object space 473600K, 68% used [0x00000000a0000000,0x00000000b3e1d340,0x00000000bce80000)
 Metaspace       used 144355K, capacity 154492K, committed 156288K, reserved 1185792K
  class space    used 17909K, capacity 20030K, committed 20352K, reserved 1048576K
Event: 6982.164 GC heap after
Heap after GC invocations=156 (full 17):
 PSYoungGen      total 373760K, used 608K [0x00000000e0000000, 0x0000000100000000, 0x0000000100000000)
  eden space 223232K, 0% used [0x00000000e0000000,0x00000000e0000000,0x00000000eda00000)
  from space 150528K, 0% used [0x00000000eda00000,0x00000000eda98208,0x00000000f6d00000)
  to   space 150016K, 0% used [0x00000000f6d80000,0x00000000f6d80000,0x0000000100000000)
 ParOldGen       total 473600K, used 393308K [0x00000000a0000000, 0x00000000bce80000, 0x00000000e0000000)
  object space 473600K, 83% used [0x00000000a0000000,0x00000000b8017360,0x00000000bce80000)
 Metaspace       used 144355K, capacity 154492K, committed 156288K, reserved 1185792K
  class space    used 17909K, capacity 20030K, committed 20352K, reserved 1048576K
}
Event: 6982.165 GC heap before
{Heap before GC invocations=157 (full 18):
 PSYoungGen      total 373760K, used 608K [0x00000000e0000000, 0x0000000100000000, 0x0000000100000000)
  eden space 223232K, 0% used [0x00000000e0000000,0x00000000e0000000,0x00000000eda00000)
  from space 150528K, 0% used [0x00000000eda00000,0x00000000eda98208,0x00000000f6d00000)
  to   space 150016K, 0% used [0x00000000f6d80000,0x00000000f6d80000,0x0000000100000000)
 ParOldGen       total 473600K, used 393308K [0x00000000a0000000, 0x00000000bce80000, 0x00000000e0000000)
  object space 473600K, 83% used [0x00000000a0000000,0x00000000b8017360,0x00000000bce80000)
 Metaspace       used 144355K, capacity 154492K, committed 156288K, reserved 1185792K
  class space    used 17909K, capacity 20030K, committed 20352K, reserved 1048576K

