# JRE version: OpenJDK Runtime Environment (8.0_152-b01) (build 1.8.0_152-release-1248-b01)
# Java VM: OpenJDK 64-Bit Server VM (25.152-b01 mixed mode linux-amd64 compressed oops)
Heap:
 PSYoungGen      total 361984K, used 0K [0x00000000e0000000, 0x0000000100000000, 0x0000000100000000)
  eden space 199680K, 0% used [0x00000000e0000000,0x00000000e0000000,0x00000000ec300000)
  from space 162304K, 0% used [0x00000000ec300000,0x00000000ec300000,0x00000000f6180000)
  to   space 153088K, 0% used [0x00000000f6a80000,0x00000000f6a80000,0x0000000100000000)
 ParOldGen       total 619520K, used 329692K [0x00000000a0000000, 0x00000000c5d00000, 0x00000000e0000000)
  object space 619520K, 53% used [0x00000000a0000000,0x00000000b41f70a0,0x00000000c5d00000)
 Metaspace       used 96933K, capacity 103214K, committed 104600K, reserved 1140736K
  class space    used 12116K, capacity 13531K, committed 13720K, reserved 1048576K
GC Heap History (10 events):
Event: 1637.046 GC heap after
Heap after GC invocations=199 (full 14):
 PSYoungGen      total 433664K, used 90613K [0x00000000e0000000, 0x0000000100000000, 0x0000000100000000)
  eden space 343040K, 0% used [0x00000000e0000000,0x00000000e0000000,0x00000000f4f00000)
  from space 90624K, 99% used [0x00000000f4f00000,0x00000000fa77d5c8,0x00000000fa780000)
  to   space 90624K, 0% used [0x00000000fa780000,0x00000000fa780000,0x0000000100000000)
 ParOldGen       total 619520K, used 275397K [0x00000000a0000000, 0x00000000c5d00000, 0x00000000e0000000)
  object space 619520K, 44% used [0x00000000a0000000,0x00000000b0cf16a8,0x00000000c5d00000)
 Metaspace       used 97729K, capacity 104104K, committed 104600K, reserved 1140736K
  class space    used 12195K, capacity 13638K, committed 13720K, reserved 1048576K
}
Event: 1641.230 GC heap before
{Heap before GC invocations=200 (full 14):
 PSYoungGen      total 433664K, used 433653K [0x00000000e0000000, 0x0000000100000000, 0x0000000100000000)
  eden space 343040K, 100% used [0x00000000e0000000,0x00000000f4f00000,0x00000000f4f00000)
  from space 90624K, 99% used [0x00000000f4f00000,0x00000000fa77d5c8,0x00000000fa780000)
  to   space 90624K, 0% used [0x00000000fa780000,0x00000000fa780000,0x0000000100000000)
 ParOldGen       total 619520K, used 275397K [0x00000000a0000000, 0x00000000c5d00000, 0x00000000e0000000)
  object space 619520K, 44% used [0x00000000a0000000,0x00000000b0cf16a8,0x00000000c5d00000)
 Metaspace       used 97757K, capacity 104104K, committed 104600K, reserved 1140736K
  class space    used 12195K, capacity 13638K, committed 13720K, reserved 1048576K
Event: 1641.382 GC heap after
Heap after GC invocations=200 (full 14):
 PSYoungGen      total 380416K, used 13954K [0x00000000e0000000, 0x0000000100000000, 0x0000000100000000)
  eden space 289792K, 0% used [0x00000000e0000000,0x00000000e0000000,0x00000000f1b00000)
  from space 90624K, 15% used [0x00000000fa780000,0x00000000fb520be0,0x0000000100000000)
  to   space 117248K, 0% used [0x00000000f1b00000,0x00000000f1b00000,0x00000000f8d80000)
 ParOldGen       total 619520K, used 344485K [0x00000000a0000000, 0x00000000c5d00000, 0x00000000e0000000)
  object space 619520K, 55% used [0x00000000a0000000,0x00000000b5069488,0x00000000c5d00000)
 Metaspace       used 97757K, capacity 104104K, committed 104600K, reserved 1140736K
  class space    used 12195K, capacity 13638K, committed 13720K, reserved 1048576K
}
Event: 1645.178 GC heap before
{Heap before GC invocations=201 (full 14):
 PSYoungGen      total 380416K, used 303746K [0x00000000e0000000, 0x0000000100000000, 0x0000000100000000)
  eden space 289792K, 100% used [0x00000000e0000000,0x00000000f1b00000,0x00000000f1b00000)
  from space 90624K, 15% used [0x00000000fa780000,0x00000000fb520be0,0x0000000100000000)
  to   space 117248K, 0% used [0x00000000f1b00000,0x00000000f1b00000,0x00000000f8d80000)
 ParOldGen       total 619520K, used 344485K [0x00000000a0000000, 0x00000000c5d00000, 0x00000000e0000000)
  object space 619520K, 55% used [0x00000000a0000000,0x00000000b5069488,0x00000000c5d00000)
 Metaspace       used 97781K, capacity 104108K, committed 104600K, reserved 1140736K
  class space    used 12195K, capacity 13638K, committed 13720K, reserved 1048576K
Event: 1645.270 GC heap after
Heap after GC invocations=201 (full 14):
 PSYoungGen      total 407040K, used 55044K [0x00000000e0000000, 0x0000000100000000, 0x0000000100000000)
  eden space 289792K, 0% used [0x00000000e0000000,0x00000000e0000000,0x00000000f1b00000)
  from space 117248K, 46% used [0x00000000f1b00000,0x00000000f50c12f8,0x00000000f8d80000)
  to   space 115712K, 0% used [0x00000000f8f00000,0x00000000f8f00000,0x0000000100000000)
 ParOldGen       total 619520K, used 357468K [0x00000000a0000000, 0x00000000c5d00000, 0x00000000e0000000)
  object space 619520K, 57% used [0x00000000a0000000,0x00000000b5d17200,0x00000000c5d00000)
 Metaspace       used 97781K, capacity 104108K, committed 104600K, reserved 1140736K
  class space    used 12195K, capacity 13638K, committed 13720K, reserved 1048576K
}
Event: 1645.942 GC heap before
{Heap before GC invocations=202 (full 14):
 PSYoungGen      total 407040K, used 344836K [0x00000000e0000000, 0x0000000100000000, 0x0000000100000000)
  eden space 289792K, 100% used [0x00000000e0000000,0x00000000f1b00000,0x00000000f1b00000)
  from space 117248K, 46% used [0x00000000f1b00000,0x00000000f50c12f8,0x00000000f8d80000)
  to   space 115712K, 0% used [0x00000000f8f00000,0x00000000f8f00000,0x0000000100000000)
 ParOldGen       total 619520K, used 357468K [0x00000000a0000000, 0x00000000c5d00000, 0x00000000e0000000)
  object space 619520K, 57% used [0x00000000a0000000,0x00000000b5d17200,0x00000000c5d00000)
 Metaspace       used 97782K, capacity 104108K, committed 104600K, reserved 1140736K
  class space    used 12195K, capacity 13638K, committed 13720K, reserved 1048576K
Event: 1646.132 GC heap after
Heap after GC invocations=202 (full 14):
 PSYoungGen      total 315392K, used 115683K [0x00000000e0000000, 0x0000000100000000, 0x0000000100000000)
  eden space 199680K, 0% used [0x00000000e0000000,0x00000000e0000000,0x00000000ec300000)
  from space 115712K, 99% used [0x00000000f8f00000,0x00000000ffff8e48,0x0000000100000000)
  to   space 162304K, 0% used [0x00000000ec300000,0x00000000ec300000,0x00000000f6180000)
 ParOldGen       total 619520K, used 428817K [0x00000000a0000000, 0x00000000c5d00000, 0x00000000e0000000)
  object space 619520K, 69% used [0x00000000a0000000,0x00000000ba2c4730,0x00000000c5d00000)
 Metaspace       used 97782K, capacity 104108K, committed 104600K, reserved 1140736K
  class space    used 12195K, capacity 13638K, committed 13720K, reserved 1048576K
}
Event: 1647.006 GC heap before
{Heap before GC invocations=203 (full 14):
 PSYoungGen      total 315392K, used 315363K [0x00000000e0000000, 0x0000000100000000, 0x0000000100000000)
  eden space 199680K, 100% used [0x00000000e0000000,0x00000000ec300000,0x00000000ec300000)
  from space 115712K, 99% used [0x00000000f8f00000,0x00000000ffff8e48,0x0000000100000000)
  to   space 162304K, 0% used [0x00000000ec300000,0x00000000ec300000,0x00000000f6180000)
 ParOldGen       total 619520K, used 428817K [0x00000000a0000000, 0x00000000c5d00000, 0x00000000e0000000)
  object space 619520K, 69% used [0x00000000a0000000,0x00000000ba2c4730,0x00000000c5d00000)
 Metaspace       used 97782K, capacity 104108K, committed 104600K, reserved 1140736K
  class space    used 12195K, capacity 13638K, committed 13720K, reserved 1048576K
Event: 1647.135 GC heap after
Heap after GC invocations=203 (full 14):
 PSYoungGen      total 361984K, used 46784K [0x00000000e0000000, 0x0000000100000000, 0x0000000100000000)
  eden space 199680K, 0% used [0x00000000e0000000,0x00000000e0000000,0x00000000ec300000)
  from space 162304K, 28% used [0x00000000ec300000,0x00000000ef0b0000,0x00000000f6180000)
  to   space 153088K, 0% used [0x00000000f6a80000,0x00000000f6a80000,0x0000000100000000)
 ParOldGen       total 619520K, used 526460K [0x00000000a0000000, 0x00000000c5d00000, 0x00000000e0000000)
  object space 619520K, 84% used [0x00000000a0000000,0x00000000c021f058,0x00000000c5d00000)
 Metaspace       used 97782K, capacity 104108K, committed 104600K, reserved 1140736K
  class space    used 12195K, capacity 13638K, committed 13720K, reserved 1048576K
}
Event: 1647.137 GC heap before
{Heap before GC invocations=204 (full 15):
 PSYoungGen      total 361984K, used 46784K [0x00000000e0000000, 0x0000000100000000, 0x0000000100000000)
  eden space 199680K, 0% used [0x00000000e0000000,0x00000000e0000000,0x00000000ec300000)
  from space 162304K, 28% used [0x00000000ec300000,0x00000000ef0b0000,0x00000000f6180000)
  to   space 153088K, 0% used [0x00000000f6a80000,0x00000000f6a80000,0x0000000100000000)
 ParOldGen       total 619520K, used 526460K [0x00000000a0000000, 0x00000000c5d00000, 0x00000000e0000000)
  object space 619520K, 84% used [0x00000000a0000000,0x00000000c021f058,0x00000000c5d00000)
 Metaspace       used 97782K, capacity 104108K, committed 104600K, reserved 1140736K
  class space    used 12195K, capacity 13638K, committed 13720K, reserved 1048576K

