# JRE version: OpenJDK Runtime Environment (8.0_152-b06) (build 1.8.0_152-release-1136-b06)
# Java VM: OpenJDK 64-Bit Server VM (25.152-b06 mixed mode linux-amd64 compressed oops)
Heap:
 PSYoungGen      total 357376K, used 31223K [0x00000000e0000000, 0x00000000f8f00000, 0x0000000100000000)
  eden space 326144K, 0% used [0x00000000e0000000,0x00000000e0000000,0x00000000f3e80000)
  from space 31232K, 99% used [0x00000000f5200000,0x00000000f707def8,0x00000000f7080000)
  to   space 19968K, 0% used [0x00000000f7b80000,0x00000000f7b80000,0x00000000f8f00000)
 ParOldGen       total 135680K, used 135308K [0x00000000a0000000, 0x00000000a8480000, 0x00000000e0000000)
  object space 135680K, 99% used [0x00000000a0000000,0x00000000a84233b8,0x00000000a8480000)
 Metaspace       used 64021K, capacity 67692K, committed 67712K, reserved 1107968K
  class space    used 8573K, capacity 9583K, committed 9600K, reserved 1048576K
GC Heap History (10 events):
Event: 13.950 GC heap after
Heap after GC invocations=11 (full 2):
 PSYoungGen      total 177152K, used 12782K [0x00000000e0000000, 0x00000000f0e80000, 0x0000000100000000)
  eden space 164352K, 0% used [0x00000000e0000000,0x00000000e0000000,0x00000000ea080000)
  from space 12800K, 99% used [0x00000000ea080000,0x00000000eacfbbb8,0x00000000ead00000)
  to   space 14848K, 0% used [0x00000000f0000000,0x00000000f0000000,0x00000000f0e80000)
 ParOldGen       total 66560K, used 16506K [0x00000000a0000000, 0x00000000a4100000, 0x00000000e0000000)
  object space 66560K, 24% used [0x00000000a0000000,0x00000000a101ebe0,0x00000000a4100000)
 Metaspace       used 43331K, capacity 44430K, committed 44544K, reserved 1087488K
  class space    used 5991K, capacity 6352K, committed 6400K, reserved 1048576K
}
Event: 16.333 GC heap before
{Heap before GC invocations=12 (full 2):
 PSYoungGen      total 177152K, used 177134K [0x00000000e0000000, 0x00000000f0e80000, 0x0000000100000000)
  eden space 164352K, 100% used [0x00000000e0000000,0x00000000ea080000,0x00000000ea080000)
  from space 12800K, 99% used [0x00000000ea080000,0x00000000eacfbbb8,0x00000000ead00000)
  to   space 14848K, 0% used [0x00000000f0000000,0x00000000f0000000,0x00000000f0e80000)
 ParOldGen       total 66560K, used 16506K [0x00000000a0000000, 0x00000000a4100000, 0x00000000e0000000)
  object space 66560K, 24% used [0x00000000a0000000,0x00000000a101ebe0,0x00000000a4100000)
 Metaspace       used 53299K, capacity 55372K, committed 55552K, reserved 1097728K
  class space    used 7366K, capacity 7855K, committed 7936K, reserved 1048576K
Event: 16.374 GC heap after
Heap after GC invocations=12 (full 2):
 PSYoungGen      total 256512K, used 14838K [0x00000000e0000000, 0x00000000f1680000, 0x0000000100000000)
  eden space 241664K, 0% used [0x00000000e0000000,0x00000000e0000000,0x00000000eec00000)
  from space 14848K, 99% used [0x00000000f0000000,0x00000000f0e7dbc8,0x00000000f0e80000)
  to   space 20480K, 0% used [0x00000000eec00000,0x00000000eec00000,0x00000000f0000000)
 ParOldGen       total 66560K, used 25834K [0x00000000a0000000, 0x00000000a4100000, 0x00000000e0000000)
  object space 66560K, 38% used [0x00000000a0000000,0x00000000a193a808,0x00000000a4100000)
 Metaspace       used 53299K, capacity 55372K, committed 55552K, reserved 1097728K
  class space    used 7366K, capacity 7855K, committed 7936K, reserved 1048576K
}
Event: 18.636 GC heap before
{Heap before GC invocations=13 (full 2):
 PSYoungGen      total 256512K, used 113429K [0x00000000e0000000, 0x00000000f1680000, 0x0000000100000000)
  eden space 241664K, 40% used [0x00000000e0000000,0x00000000e6047a38,0x00000000eec00000)
  from space 14848K, 99% used [0x00000000f0000000,0x00000000f0e7dbc8,0x00000000f0e80000)
  to   space 20480K, 0% used [0x00000000eec00000,0x00000000eec00000,0x00000000f0000000)
 ParOldGen       total 66560K, used 25834K [0x00000000a0000000, 0x00000000a4100000, 0x00000000e0000000)
  object space 66560K, 38% used [0x00000000a0000000,0x00000000a193a808,0x00000000a4100000)
 Metaspace       used 55574K, capacity 58836K, committed 59008K, reserved 1099776K
  class space    used 7648K, capacity 8547K, committed 8576K, reserved 1048576K
Event: 18.777 GC heap after
Heap after GC invocations=13 (full 2):
 PSYoungGen      total 262144K, used 20448K [0x00000000e0000000, 0x00000000f9980000, 0x0000000100000000)
  eden space 241664K, 0% used [0x00000000e0000000,0x00000000e0000000,0x00000000eec00000)
  from space 20480K, 99% used [0x00000000eec00000,0x00000000efff8020,0x00000000f0000000)
  to   space 30720K, 0% used [0x00000000f7b80000,0x00000000f7b80000,0x00000000f9980000)
 ParOldGen       total 66560K, used 45894K [0x00000000a0000000, 0x00000000a4100000, 0x00000000e0000000)
  object space 66560K, 68% used [0x00000000a0000000,0x00000000a2cd19a0,0x00000000a4100000)
 Metaspace       used 55574K, capacity 58836K, committed 59008K, reserved 1099776K
  class space    used 7648K, capacity 8547K, committed 8576K, reserved 1048576K
}
Event: 18.777 GC heap before
{Heap before GC invocations=14 (full 3):
 PSYoungGen      total 262144K, used 20448K [0x00000000e0000000, 0x00000000f9980000, 0x0000000100000000)
  eden space 241664K, 0% used [0x00000000e0000000,0x00000000e0000000,0x00000000eec00000)
  from space 20480K, 99% used [0x00000000eec00000,0x00000000efff8020,0x00000000f0000000)
  to   space 30720K, 0% used [0x00000000f7b80000,0x00000000f7b80000,0x00000000f9980000)
 ParOldGen       total 66560K, used 45894K [0x00000000a0000000, 0x00000000a4100000, 0x00000000e0000000)
  object space 66560K, 68% used [0x00000000a0000000,0x00000000a2cd19a0,0x00000000a4100000)
 Metaspace       used 55574K, capacity 58836K, committed 59008K, reserved 1099776K
  class space    used 7648K, capacity 8547K, committed 8576K, reserved 1048576K
Event: 19.428 GC heap after
Heap after GC invocations=14 (full 3):
 PSYoungGen      total 262144K, used 0K [0x00000000e0000000, 0x00000000f9980000, 0x0000000100000000)
  eden space 241664K, 0% used [0x00000000e0000000,0x00000000e0000000,0x00000000eec00000)
  from space 20480K, 0% used [0x00000000eec00000,0x00000000eec00000,0x00000000f0000000)
  to   space 30720K, 0% used [0x00000000f7b80000,0x00000000f7b80000,0x00000000f9980000)
 ParOldGen       total 129024K, used 58374K [0x00000000a0000000, 0x00000000a7e00000, 0x00000000e0000000)
  object space 129024K, 45% used [0x00000000a0000000,0x00000000a3901ba8,0x00000000a7e00000)
 Metaspace       used 55574K, capacity 58836K, committed 59008K, reserved 1099776K
  class space    used 7648K, capacity 8547K, committed 8576K, reserved 1048576K
}
Event: 25.129 GC heap before
{Heap before GC invocations=15 (full 3):
 PSYoungGen      total 262144K, used 241664K [0x00000000e0000000, 0x00000000f9980000, 0x0000000100000000)
  eden space 241664K, 100% used [0x00000000e0000000,0x00000000eec00000,0x00000000eec00000)
  from space 20480K, 0% used [0x00000000eec00000,0x00000000eec00000,0x00000000f0000000)
  to   space 30720K, 0% used [0x00000000f7b80000,0x00000000f7b80000,0x00000000f9980000)
 ParOldGen       total 129024K, used 58374K [0x00000000a0000000, 0x00000000a7e00000, 0x00000000e0000000)
  object space 129024K, 45% used [0x00000000a0000000,0x00000000a3901ba8,0x00000000a7e00000)
 Metaspace       used 58014K, capacity 61640K, committed 61952K, reserved 1101824K
  class space    used 7914K, capacity 8863K, committed 8960K, reserved 1048576K
Event: 25.188 GC heap after
Heap after GC invocations=15 (full 3):
 PSYoungGen      total 346112K, used 19687K [0x00000000e0000000, 0x00000000f8f00000, 0x0000000100000000)
  eden space 326144K, 0% used [0x00000000e0000000,0x00000000e0000000,0x00000000f3e80000)
  from space 19968K, 98% used [0x00000000f7b80000,0x00000000f8eb9d20,0x00000000f8f00000)
  to   space 31232K, 0% used [0x00000000f5200000,0x00000000f5200000,0x00000000f7080000)
 ParOldGen       total 129024K, used 58382K [0x00000000a0000000, 0x00000000a7e00000, 0x00000000e0000000)
  object space 129024K, 45% used [0x00000000a0000000,0x00000000a3903ba8,0x00000000a7e00000)
 Metaspace       used 58014K, capacity 61640K, committed 61952K, reserved 1101824K
  class space    used 7914K, capacity 8863K, committed 8960K, reserved 1048576K
}
Event: 28.402 GC heap before
{Heap before GC invocations=16 (full 3):
 PSYoungGen      total 346112K, used 345831K [0x00000000e0000000, 0x00000000f8f00000, 0x0000000100000000)
  eden space 326144K, 100% used [0x00000000e0000000,0x00000000f3e80000,0x00000000f3e80000)
  from space 19968K, 98% used [0x00000000f7b80000,0x00000000f8eb9d20,0x00000000f8f00000)
  to   space 31232K, 0% used [0x00000000f5200000,0x00000000f5200000,0x00000000f7080000)
 ParOldGen       total 129024K, used 58382K [0x00000000a0000000, 0x00000000a7e00000, 0x00000000e0000000)
  object space 129024K, 45% used [0x00000000a0000000,0x00000000a3903ba8,0x00000000a7e00000)
 Metaspace       used 64021K, capacity 67692K, committed 67712K, reserved 1107968K
  class space    used 8573K, capacity 9583K, committed 9600K, reserved 1048576K

