# JRE version: OpenJDK Runtime Environment (8.0_152-b01) (build 1.8.0_152-release-1248-b01)
# Java VM: OpenJDK 64-Bit Server VM (25.152-b01 mixed mode linux-amd64 compressed oops)
Heap:
 PSYoungGen      total 434688K, used 0K [0x00000000e0000000, 0x00000000ff280000, 0x0000000100000000)
  eden space 372224K, 0% used [0x00000000e0000000,0x00000000e0000000,0x00000000f6b80000)
  from space 62464K, 0% used [0x00000000fb580000,0x00000000fb580000,0x00000000ff280000)
  to   space 69120K, 0% used [0x00000000f6b80000,0x00000000f6b80000,0x00000000faf00000)
 ParOldGen       total 770048K, used 272551K [0x00000000a0000000, 0x00000000cf000000, 0x00000000e0000000)
  object space 770048K, 35% used [0x00000000a0000000,0x00000000b0a29e98,0x00000000cf000000)
 Metaspace       used 102044K, capacity 109278K, committed 112384K, reserved 1146880K
  class space    used 12480K, capacity 14204K, committed 15104K, reserved 1048576K
GC Heap History (10 events):
Event: 7934.628 GC heap after
Heap after GC invocations=559 (full 25):
 PSYoungGen      total 415744K, used 11552K [0x00000000e0000000, 0x00000000ff300000, 0x0000000100000000)
  eden space 335872K, 0% used [0x00000000e0000000,0x00000000e0000000,0x00000000f4800000)
  from space 79872K, 14% used [0x00000000fa500000,0x00000000fb048010,0x00000000ff300000)
  to   space 87552K, 0% used [0x00000000f4800000,0x00000000f4800000,0x00000000f9d80000)
 ParOldGen       total 770048K, used 678480K [0x00000000a0000000, 0x00000000cf000000, 0x00000000e0000000)
  object space 770048K, 88% used [0x00000000a0000000,0x00000000c9694288,0x00000000cf000000)
 Metaspace       used 103111K, capacity 112248K, committed 112384K, reserved 1146880K
  class space    used 12762K, capacity 15040K, committed 15104K, reserved 1048576K
}
Event: 7935.031 GC heap before
{Heap before GC invocations=560 (full 25):
 PSYoungGen      total 415744K, used 347424K [0x00000000e0000000, 0x00000000ff300000, 0x0000000100000000)
  eden space 335872K, 100% used [0x00000000e0000000,0x00000000f4800000,0x00000000f4800000)
  from space 79872K, 14% used [0x00000000fa500000,0x00000000fb048010,0x00000000ff300000)
  to   space 87552K, 0% used [0x00000000f4800000,0x00000000f4800000,0x00000000f9d80000)
 ParOldGen       total 770048K, used 678480K [0x00000000a0000000, 0x00000000cf000000, 0x00000000e0000000)
  object space 770048K, 88% used [0x00000000a0000000,0x00000000c9694288,0x00000000cf000000)
 Metaspace       used 103111K, capacity 112248K, committed 112384K, reserved 1146880K
  class space    used 12762K, capacity 15040K, committed 15104K, reserved 1048576K
Event: 7935.068 GC heap after
Heap after GC invocations=560 (full 25):
 PSYoungGen      total 423424K, used 11819K [0x00000000e0000000, 0x00000000ffd80000, 0x0000000100000000)
  eden space 335872K, 0% used [0x00000000e0000000,0x00000000e0000000,0x00000000f4800000)
  from space 87552K, 13% used [0x00000000f4800000,0x00000000f538aeb8,0x00000000f9d80000)
  to   space 82432K, 0% used [0x00000000fad00000,0x00000000fad00000,0x00000000ffd80000)
 ParOldGen       total 770048K, used 689555K [0x00000000a0000000, 0x00000000cf000000, 0x00000000e0000000)
  object space 770048K, 89% used [0x00000000a0000000,0x00000000ca164e58,0x00000000cf000000)
 Metaspace       used 103111K, capacity 112248K, committed 112384K, reserved 1146880K
  class space    used 12762K, capacity 15040K, committed 15104K, reserved 1048576K
}
Event: 7935.547 GC heap before
{Heap before GC invocations=561 (full 25):
 PSYoungGen      total 423424K, used 347691K [0x00000000e0000000, 0x00000000ffd80000, 0x0000000100000000)
  eden space 335872K, 100% used [0x00000000e0000000,0x00000000f4800000,0x00000000f4800000)
  from space 87552K, 13% used [0x00000000f4800000,0x00000000f538aeb8,0x00000000f9d80000)
  to   space 82432K, 0% used [0x00000000fad00000,0x00000000fad00000,0x00000000ffd80000)
 ParOldGen       total 770048K, used 689555K [0x00000000a0000000, 0x00000000cf000000, 0x00000000e0000000)
  object space 770048K, 89% used [0x00000000a0000000,0x00000000ca164e58,0x00000000cf000000)
 Metaspace       used 103111K, capacity 112248K, committed 112384K, reserved 1146880K
  class space    used 12762K, capacity 15040K, committed 15104K, reserved 1048576K
Event: 7935.584 GC heap after
Heap after GC invocations=561 (full 25):
 PSYoungGen      total 425984K, used 10192K [0x00000000e0000000, 0x00000000ff300000, 0x0000000100000000)
  eden space 354304K, 0% used [0x00000000e0000000,0x00000000e0000000,0x00000000f5a00000)
  from space 71680K, 14% used [0x00000000fad00000,0x00000000fb6f4010,0x00000000ff300000)
  to   space 78336K, 0% used [0x00000000f5a00000,0x00000000f5a00000,0x00000000fa680000)
 ParOldGen       total 770048K, used 700084K [0x00000000a0000000, 0x00000000cf000000, 0x00000000e0000000)
  object space 770048K, 90% used [0x00000000a0000000,0x00000000cabad3a0,0x00000000cf000000)
 Metaspace       used 103111K, capacity 112248K, committed 112384K, reserved 1146880K
  class space    used 12762K, capacity 15040K, committed 15104K, reserved 1048576K
}
Event: 7935.969 GC heap before
{Heap before GC invocations=562 (full 25):
 PSYoungGen      total 425984K, used 364496K [0x00000000e0000000, 0x00000000ff300000, 0x0000000100000000)
  eden space 354304K, 100% used [0x00000000e0000000,0x00000000f5a00000,0x00000000f5a00000)
  from space 71680K, 14% used [0x00000000fad00000,0x00000000fb6f4010,0x00000000ff300000)
  to   space 78336K, 0% used [0x00000000f5a00000,0x00000000f5a00000,0x00000000fa680000)
 ParOldGen       total 770048K, used 700084K [0x00000000a0000000, 0x00000000cf000000, 0x00000000e0000000)
  object space 770048K, 90% used [0x00000000a0000000,0x00000000cabad3a0,0x00000000cf000000)
 Metaspace       used 103113K, capacity 112248K, committed 112384K, reserved 1146880K
  class space    used 12762K, capacity 15040K, committed 15104K, reserved 1048576K
Event: 7935.999 GC heap after
Heap after GC invocations=562 (full 25):
 PSYoungGen      total 432640K, used 12160K [0x00000000e0000000, 0x00000000ffd80000, 0x0000000100000000)
  eden space 354304K, 0% used [0x00000000e0000000,0x00000000e0000000,0x00000000f5a00000)
  from space 78336K, 15% used [0x00000000f5a00000,0x00000000f65e0000,0x00000000fa680000)
  to   space 73728K, 0% used [0x00000000fb580000,0x00000000fb580000,0x00000000ffd80000)
 ParOldGen       total 770048K, used 709642K [0x00000000a0000000, 0x00000000cf000000, 0x00000000e0000000)
  object space 770048K, 92% used [0x00000000a0000000,0x00000000cb502a58,0x00000000cf000000)
 Metaspace       used 103113K, capacity 112248K, committed 112384K, reserved 1146880K
  class space    used 12762K, capacity 15040K, committed 15104K, reserved 1048576K
}
Event: 7936.268 GC heap before
{Heap before GC invocations=563 (full 25):
 PSYoungGen      total 432640K, used 366464K [0x00000000e0000000, 0x00000000ffd80000, 0x0000000100000000)
  eden space 354304K, 100% used [0x00000000e0000000,0x00000000f5a00000,0x00000000f5a00000)
  from space 78336K, 15% used [0x00000000f5a00000,0x00000000f65e0000,0x00000000fa680000)
  to   space 73728K, 0% used [0x00000000fb580000,0x00000000fb580000,0x00000000ffd80000)
 ParOldGen       total 770048K, used 709642K [0x00000000a0000000, 0x00000000cf000000, 0x00000000e0000000)
  object space 770048K, 92% used [0x00000000a0000000,0x00000000cb502a58,0x00000000cf000000)
 Metaspace       used 103113K, capacity 112248K, committed 112384K, reserved 1146880K
  class space    used 12762K, capacity 15040K, committed 15104K, reserved 1048576K
Event: 7936.302 GC heap after
Heap after GC invocations=563 (full 25):
 PSYoungGen      total 434688K, used 13760K [0x00000000e0000000, 0x00000000ff280000, 0x0000000100000000)
  eden space 372224K, 0% used [0x00000000e0000000,0x00000000e0000000,0x00000000f6b80000)
  from space 62464K, 22% used [0x00000000fb580000,0x00000000fc2f0010,0x00000000ff280000)
  to   space 69120K, 0% used [0x00000000f6b80000,0x00000000f6b80000,0x00000000faf00000)
 ParOldGen       total 770048K, used 720707K [0x00000000a0000000, 0x00000000cf000000, 0x00000000e0000000)
  object space 770048K, 93% used [0x00000000a0000000,0x00000000cbfd0e90,0x00000000cf000000)
 Metaspace       used 103113K, capacity 112248K, committed 112384K, reserved 1146880K
  class space    used 12762K, capacity 15040K, committed 15104K, reserved 1048576K
}
Event: 7936.302 GC heap before
{Heap before GC invocations=564 (full 26):
 PSYoungGen      total 434688K, used 13760K [0x00000000e0000000, 0x00000000ff280000, 0x0000000100000000)
  eden space 372224K, 0% used [0x00000000e0000000,0x00000000e0000000,0x00000000f6b80000)
  from space 62464K, 22% used [0x00000000fb580000,0x00000000fc2f0010,0x00000000ff280000)
  to   space 69120K, 0% used [0x00000000f6b80000,0x00000000f6b80000,0x00000000faf00000)
 ParOldGen       total 770048K, used 720707K [0x00000000a0000000, 0x00000000cf000000, 0x00000000e0000000)
  object space 770048K, 93% used [0x00000000a0000000,0x00000000cbfd0e90,0x00000000cf000000)
 Metaspace       used 103113K, capacity 112248K, committed 112384K, reserved 1146880K
  class space    used 12762K, capacity 15040K, committed 15104K, reserved 1048576K

