# JRE version: OpenJDK Runtime Environment (8.0_152-b06) (build 1.8.0_152-release-1136-b06)
# Java VM: OpenJDK 64-Bit Server VM (25.152-b06 mixed mode linux-amd64 compressed oops)
Heap:
 PSYoungGen      total 303104K, used 59378K [0x00000000e0000000, 0x00000000f9e00000, 0x0000000100000000)
  eden space 243712K, 0% used [0x00000000e0000000,0x00000000e0000000,0x00000000eee00000)
  from space 59392K, 99% used [0x00000000f6400000,0x00000000f9dfc858,0x00000000f9e00000)
  to   space 40960K, 0% used [0x00000000eee00000,0x00000000eee00000,0x00000000f1600000)
 ParOldGen       total 165376K, used 157963K [0x00000000a0000000, 0x00000000aa180000, 0x00000000e0000000)
  object space 165376K, 95% used [0x00000000a0000000,0x00000000a9a42d18,0x00000000aa180000)
 Metaspace       used 70135K, capacity 73968K, committed 74112K, reserved 1114112K
  class space    used 9242K, capacity 10270K, committed 10368K, reserved 1048576K
GC Heap History (10 events):
Event: 10.200 GC heap after
Heap after GC invocations=14 (full 3):
 PSYoungGen      total 184320K, used 0K [0x00000000e0000000, 0x00000000f0f80000, 0x0000000100000000)
  eden space 165376K, 0% used [0x00000000e0000000,0x00000000e0000000,0x00000000ea180000)
  from space 18944K, 0% used [0x00000000ea180000,0x00000000ea180000,0x00000000eb400000)
  to   space 30208K, 0% used [0x00000000ef200000,0x00000000ef200000,0x00000000f0f80000)
 ParOldGen       total 165376K, used 59012K [0x00000000a0000000, 0x00000000aa180000, 0x00000000e0000000)
  object space 165376K, 35% used [0x00000000a0000000,0x00000000a39a1370,0x00000000aa180000)
 Metaspace       used 55668K, capacity 58874K, committed 59008K, reserved 1099776K
  class space    used 7662K, capacity 8565K, committed 8576K, reserved 1048576K
}
Event: 60.454 GC heap before
{Heap before GC invocations=15 (full 3):
 PSYoungGen      total 184320K, used 165376K [0x00000000e0000000, 0x00000000f0f80000, 0x0000000100000000)
  eden space 165376K, 100% used [0x00000000e0000000,0x00000000ea180000,0x00000000ea180000)
  from space 18944K, 0% used [0x00000000ea180000,0x00000000ea180000,0x00000000eb400000)
  to   space 30208K, 0% used [0x00000000ef200000,0x00000000ef200000,0x00000000f0f80000)
 ParOldGen       total 165376K, used 59012K [0x00000000a0000000, 0x00000000aa180000, 0x00000000e0000000)
  object space 165376K, 35% used [0x00000000a0000000,0x00000000a39a1370,0x00000000aa180000)
 Metaspace       used 60903K, capacity 64334K, committed 64640K, reserved 1103872K
  class space    used 8270K, capacity 9231K, committed 9344K, reserved 1048576K
Event: 60.486 GC heap after
Heap after GC invocations=15 (full 3):
 PSYoungGen      total 210432K, used 12233K [0x00000000e0000000, 0x00000000efe00000, 0x0000000100000000)
  eden space 198144K, 0% used [0x00000000e0000000,0x00000000e0000000,0x00000000ec180000)
  from space 12288K, 99% used [0x00000000ef200000,0x00000000efdf25b0,0x00000000efe00000)
  to   space 28672K, 0% used [0x00000000ec600000,0x00000000ec600000,0x00000000ee200000)
 ParOldGen       total 165376K, used 59020K [0x00000000a0000000, 0x00000000aa180000, 0x00000000e0000000)
  object space 165376K, 35% used [0x00000000a0000000,0x00000000a39a3370,0x00000000aa180000)
 Metaspace       used 60903K, capacity 64334K, committed 64640K, reserved 1103872K
  class space    used 8270K, capacity 9231K, committed 9344K, reserved 1048576K
}
Event: 63.723 GC heap before
{Heap before GC invocations=16 (full 3):
 PSYoungGen      total 210432K, used 210377K [0x00000000e0000000, 0x00000000efe00000, 0x0000000100000000)
  eden space 198144K, 100% used [0x00000000e0000000,0x00000000ec180000,0x00000000ec180000)
  from space 12288K, 99% used [0x00000000ef200000,0x00000000efdf25b0,0x00000000efe00000)
  to   space 28672K, 0% used [0x00000000ec600000,0x00000000ec600000,0x00000000ee200000)
 ParOldGen       total 165376K, used 59020K [0x00000000a0000000, 0x00000000aa180000, 0x00000000e0000000)
  object space 165376K, 35% used [0x00000000a0000000,0x00000000a39a3370,0x00000000aa180000)
 Metaspace       used 63053K, capacity 66610K, committed 66816K, reserved 1105920K
  class space    used 8494K, capacity 9465K, committed 9472K, reserved 1048576K
Event: 63.858 GC heap after
Heap after GC invocations=16 (full 3):
 PSYoungGen      total 231424K, used 28652K [0x00000000e0000000, 0x00000000f3f00000, 0x0000000100000000)
  eden space 202752K, 0% used [0x00000000e0000000,0x00000000e0000000,0x00000000ec600000)
  from space 28672K, 99% used [0x00000000ec600000,0x00000000ee1fb108,0x00000000ee200000)
  to   space 41984K, 0% used [0x00000000f1600000,0x00000000f1600000,0x00000000f3f00000)
 ParOldGen       total 165376K, used 84098K [0x00000000a0000000, 0x00000000aa180000, 0x00000000e0000000)
  object space 165376K, 50% used [0x00000000a0000000,0x00000000a5220bc8,0x00000000aa180000)
 Metaspace       used 63053K, capacity 66610K, committed 66816K, reserved 1105920K
  class space    used 8494K, capacity 9465K, committed 9472K, reserved 1048576K
}
Event: 68.724 GC heap before
{Heap before GC invocations=17 (full 3):
 PSYoungGen      total 231424K, used 231404K [0x00000000e0000000, 0x00000000f3f00000, 0x0000000100000000)
  eden space 202752K, 100% used [0x00000000e0000000,0x00000000ec600000,0x00000000ec600000)
  from space 28672K, 99% used [0x00000000ec600000,0x00000000ee1fb108,0x00000000ee200000)
  to   space 41984K, 0% used [0x00000000f1600000,0x00000000f1600000,0x00000000f3f00000)
 ParOldGen       total 165376K, used 84098K [0x00000000a0000000, 0x00000000aa180000, 0x00000000e0000000)
  object space 165376K, 50% used [0x00000000a0000000,0x00000000a5220bc8,0x00000000aa180000)
 Metaspace       used 64185K, capacity 67868K, committed 67968K, reserved 1107968K
  class space    used 8592K, capacity 9546K, committed 9600K, reserved 1048576K
Event: 68.806 GC heap after
Heap after GC invocations=17 (full 3):
 PSYoungGen      total 285696K, used 20644K [0x00000000e0000000, 0x00000000f4000000, 0x0000000100000000)
  eden space 243712K, 0% used [0x00000000e0000000,0x00000000e0000000,0x00000000eee00000)
  from space 41984K, 49% used [0x00000000f1600000,0x00000000f2a293c0,0x00000000f3f00000)
  to   space 40960K, 0% used [0x00000000eee00000,0x00000000eee00000,0x00000000f1600000)
 ParOldGen       total 165376K, used 92996K [0x00000000a0000000, 0x00000000aa180000, 0x00000000e0000000)
  object space 165376K, 56% used [0x00000000a0000000,0x00000000a5ad10b0,0x00000000aa180000)
 Metaspace       used 64185K, capacity 67868K, committed 67968K, reserved 1107968K
  class space    used 8592K, capacity 9546K, committed 9600K, reserved 1048576K
}
Event: 72.895 GC heap before
{Heap before GC invocations=18 (full 3):
 PSYoungGen      total 285696K, used 264356K [0x00000000e0000000, 0x00000000f4000000, 0x0000000100000000)
  eden space 243712K, 100% used [0x00000000e0000000,0x00000000eee00000,0x00000000eee00000)
  from space 41984K, 49% used [0x00000000f1600000,0x00000000f2a293c0,0x00000000f3f00000)
  to   space 40960K, 0% used [0x00000000eee00000,0x00000000eee00000,0x00000000f1600000)
 ParOldGen       total 165376K, used 92996K [0x00000000a0000000, 0x00000000aa180000, 0x00000000e0000000)
  object space 165376K, 56% used [0x00000000a0000000,0x00000000a5ad10b0,0x00000000aa180000)
 Metaspace       used 69129K, capacity 72938K, committed 73216K, reserved 1112064K
  class space    used 9179K, capacity 10205K, committed 10240K, reserved 1048576K
Event: 73.136 GC heap after
Heap after GC invocations=18 (full 3):
 PSYoungGen      total 284672K, used 40944K [0x00000000e0000000, 0x00000000f9e00000, 0x0000000100000000)
  eden space 243712K, 0% used [0x00000000e0000000,0x00000000e0000000,0x00000000eee00000)
  from space 40960K, 99% used [0x00000000eee00000,0x00000000f15fc330,0x00000000f1600000)
  to   space 59392K, 0% used [0x00000000f6400000,0x00000000f6400000,0x00000000f9e00000)
 ParOldGen       total 165376K, used 124674K [0x00000000a0000000, 0x00000000aa180000, 0x00000000e0000000)
  object space 165376K, 75% used [0x00000000a0000000,0x00000000a79c0b48,0x00000000aa180000)
 Metaspace       used 69129K, capacity 72938K, committed 73216K, reserved 1112064K
  class space    used 9179K, capacity 10205K, committed 10240K, reserved 1048576K
}
Event: 76.380 GC heap before
{Heap before GC invocations=19 (full 3):
 PSYoungGen      total 284672K, used 284656K [0x00000000e0000000, 0x00000000f9e00000, 0x0000000100000000)
  eden space 243712K, 100% used [0x00000000e0000000,0x00000000eee00000,0x00000000eee00000)
  from space 40960K, 99% used [0x00000000eee00000,0x00000000f15fc330,0x00000000f1600000)
  to   space 59392K, 0% used [0x00000000f6400000,0x00000000f6400000,0x00000000f9e00000)
 ParOldGen       total 165376K, used 124674K [0x00000000a0000000, 0x00000000aa180000, 0x00000000e0000000)
  object space 165376K, 75% used [0x00000000a0000000,0x00000000a79c0b48,0x00000000aa180000)
 Metaspace       used 70135K, capacity 73968K, committed 74112K, reserved 1114112K
  class space    used 9242K, capacity 10270K, committed 10368K, reserved 1048576K

