# JRE version: OpenJDK Runtime Environment (8.0_152-b01) (build 1.8.0_152-release-1248-b01)
# Java VM: OpenJDK 64-Bit Server VM (25.152-b01 mixed mode linux-amd64 compressed oops)
Heap:
 PSYoungGen      total 349696K, used 0K [0x00000000e0000000, 0x0000000100000000, 0x0000000100000000)
  eden space 175104K, 0% used [0x00000000e0000000,0x00000000e0000000,0x00000000eab00000)
  from space 174592K, 0% used [0x00000000eab00000,0x00000000eab00000,0x00000000f5580000)
  to   space 174592K, 0% used [0x00000000f5580000,0x00000000f5580000,0x0000000100000000)
 ParOldGen       total 453120K, used 402211K [0x00000000a0000000, 0x00000000bba80000, 0x00000000e0000000)
  object space 453120K, 88% used [0x00000000a0000000,0x00000000b88c8c60,0x00000000bba80000)
 Metaspace       used 160316K, capacity 175270K, committed 176536K, reserved 1202176K
  class space    used 20085K, capacity 23657K, committed 23960K, reserved 1048576K
GC Heap History (10 events):
Event: 1286.032 GC heap after
Heap after GC invocations=114 (full 9):
 PSYoungGen      total 389632K, used 8959K [0x00000000e0000000, 0x0000000100000000, 0x0000000100000000)
  eden space 254976K, 0% used [0x00000000e0000000,0x00000000e0000000,0x00000000ef900000)
  from space 134656K, 6% used [0x00000000ef900000,0x00000000f01bfda8,0x00000000f7c80000)
  to   space 132096K, 0% used [0x00000000f7f00000,0x00000000f7f00000,0x0000000100000000)
 ParOldGen       total 453120K, used 192102K [0x00000000a0000000, 0x00000000bba80000, 0x00000000e0000000)
  object space 453120K, 42% used [0x00000000a0000000,0x00000000abb99ad8,0x00000000bba80000)
 Metaspace       used 160916K, capacity 175746K, committed 175896K, reserved 1202176K
  class space    used 20138K, capacity 23719K, committed 23832K, reserved 1048576K
}
Event: 1288.513 GC heap before
{Heap before GC invocations=115 (full 9):
 PSYoungGen      total 389632K, used 263935K [0x00000000e0000000, 0x0000000100000000, 0x0000000100000000)
  eden space 254976K, 100% used [0x00000000e0000000,0x00000000ef900000,0x00000000ef900000)
  from space 134656K, 6% used [0x00000000ef900000,0x00000000f01bfda8,0x00000000f7c80000)
  to   space 132096K, 0% used [0x00000000f7f00000,0x00000000f7f00000,0x0000000100000000)
 ParOldGen       total 453120K, used 192102K [0x00000000a0000000, 0x00000000bba80000, 0x00000000e0000000)
  object space 453120K, 42% used [0x00000000a0000000,0x00000000abb99ad8,0x00000000bba80000)
 Metaspace       used 161127K, capacity 176146K, committed 176536K, reserved 1202176K
  class space    used 20161K, capacity 23761K, committed 23960K, reserved 1048576K
Event: 1288.555 GC heap after
Heap after GC invocations=115 (full 9):
 PSYoungGen      total 372736K, used 29888K [0x00000000e0000000, 0x00000000fef80000, 0x0000000100000000)
  eden space 257536K, 0% used [0x00000000e0000000,0x00000000e0000000,0x00000000efb80000)
  from space 115200K, 25% used [0x00000000f7f00000,0x00000000f9c30040,0x00000000fef80000)
  to   space 124928K, 0% used [0x00000000efb80000,0x00000000efb80000,0x00000000f7580000)
 ParOldGen       total 453120K, used 193896K [0x00000000a0000000, 0x00000000bba80000, 0x00000000e0000000)
  object space 453120K, 42% used [0x00000000a0000000,0x00000000abd5a3c8,0x00000000bba80000)
 Metaspace       used 161127K, capacity 176146K, committed 176536K, reserved 1202176K
  class space    used 20161K, capacity 23761K, committed 23960K, reserved 1048576K
}
Event: 1290.207 GC heap before
{Heap before GC invocations=116 (full 9):
 PSYoungGen      total 372736K, used 287424K [0x00000000e0000000, 0x00000000fef80000, 0x0000000100000000)
  eden space 257536K, 100% used [0x00000000e0000000,0x00000000efb80000,0x00000000efb80000)
  from space 115200K, 25% used [0x00000000f7f00000,0x00000000f9c30040,0x00000000fef80000)
  to   space 124928K, 0% used [0x00000000efb80000,0x00000000efb80000,0x00000000f7580000)
 ParOldGen       total 453120K, used 193896K [0x00000000a0000000, 0x00000000bba80000, 0x00000000e0000000)
  object space 453120K, 42% used [0x00000000a0000000,0x00000000abd5a3c8,0x00000000bba80000)
 Metaspace       used 161161K, capacity 176164K, committed 176536K, reserved 1202176K
  class space    used 20163K, capacity 23764K, committed 23960K, reserved 1048576K
Event: 1290.298 GC heap after
Heap after GC invocations=116 (full 9):
 PSYoungGen      total 368640K, used 111018K [0x00000000e0000000, 0x0000000100000000, 0x0000000100000000)
  eden space 257536K, 0% used [0x00000000e0000000,0x00000000e0000000,0x00000000efb80000)
  from space 111104K, 99% used [0x00000000efb80000,0x00000000f67ea9f8,0x00000000f6800000)
  to   space 142848K, 0% used [0x00000000f7480000,0x00000000f7480000,0x0000000100000000)
 ParOldGen       total 453120K, used 193992K [0x00000000a0000000, 0x00000000bba80000, 0x00000000e0000000)
  object space 453120K, 42% used [0x00000000a0000000,0x00000000abd723c8,0x00000000bba80000)
 Metaspace       used 161161K, capacity 176164K, committed 176536K, reserved 1202176K
  class space    used 20163K, capacity 23764K, committed 23960K, reserved 1048576K
}
Event: 1291.167 GC heap before
{Heap before GC invocations=117 (full 9):
 PSYoungGen      total 368640K, used 368554K [0x00000000e0000000, 0x0000000100000000, 0x0000000100000000)
  eden space 257536K, 100% used [0x00000000e0000000,0x00000000efb80000,0x00000000efb80000)
  from space 111104K, 99% used [0x00000000efb80000,0x00000000f67ea9f8,0x00000000f6800000)
  to   space 142848K, 0% used [0x00000000f7480000,0x00000000f7480000,0x0000000100000000)
 ParOldGen       total 453120K, used 193992K [0x00000000a0000000, 0x00000000bba80000, 0x00000000e0000000)
  object space 453120K, 42% used [0x00000000a0000000,0x00000000abd723c8,0x00000000bba80000)
 Metaspace       used 161164K, capacity 176164K, committed 176536K, reserved 1202176K
  class space    used 20163K, capacity 23764K, committed 23960K, reserved 1048576K
Event: 1291.369 GC heap after
Heap after GC invocations=117 (full 9):
 PSYoungGen      total 317952K, used 142834K [0x00000000e0000000, 0x0000000100000000, 0x0000000100000000)
  eden space 175104K, 0% used [0x00000000e0000000,0x00000000e0000000,0x00000000eab00000)
  from space 142848K, 99% used [0x00000000f7480000,0x00000000ffffcb40,0x0000000100000000)
  to   space 174592K, 0% used [0x00000000eab00000,0x00000000eab00000,0x00000000f5580000)
 ParOldGen       total 453120K, used 283650K [0x00000000a0000000, 0x00000000bba80000, 0x00000000e0000000)
  object space 453120K, 62% used [0x00000000a0000000,0x00000000b1500a48,0x00000000bba80000)
 Metaspace       used 161164K, capacity 176164K, committed 176536K, reserved 1202176K
  class space    used 20163K, capacity 23764K, committed 23960K, reserved 1048576K
}
Event: 1292.462 GC heap before
{Heap before GC invocations=118 (full 9):
 PSYoungGen      total 317952K, used 317938K [0x00000000e0000000, 0x0000000100000000, 0x0000000100000000)
  eden space 175104K, 100% used [0x00000000e0000000,0x00000000eab00000,0x00000000eab00000)
  from space 142848K, 99% used [0x00000000f7480000,0x00000000ffffcb40,0x0000000100000000)
  to   space 174592K, 0% used [0x00000000eab00000,0x00000000eab00000,0x00000000f5580000)
 ParOldGen       total 453120K, used 283650K [0x00000000a0000000, 0x00000000bba80000, 0x00000000e0000000)
  object space 453120K, 62% used [0x00000000a0000000,0x00000000b1500a48,0x00000000bba80000)
 Metaspace       used 161165K, capacity 176164K, committed 176536K, reserved 1202176K
  class space    used 20163K, capacity 23764K, committed 23960K, reserved 1048576K
Event: 1292.620 GC heap after
Heap after GC invocations=118 (full 9):
 PSYoungGen      total 349696K, used 41376K [0x00000000e0000000, 0x0000000100000000, 0x0000000100000000)
  eden space 175104K, 0% used [0x00000000e0000000,0x00000000e0000000,0x00000000eab00000)
  from space 174592K, 23% used [0x00000000eab00000,0x00000000ed368000,0x00000000f5580000)
  to   space 174592K, 0% used [0x00000000f5580000,0x00000000f5580000,0x0000000100000000)
 ParOldGen       total 453120K, used 408490K [0x00000000a0000000, 0x00000000bba80000, 0x00000000e0000000)
  object space 453120K, 90% used [0x00000000a0000000,0x00000000b8eea8a8,0x00000000bba80000)
 Metaspace       used 161165K, capacity 176164K, committed 176536K, reserved 1202176K
  class space    used 20163K, capacity 23764K, committed 23960K, reserved 1048576K
}
Event: 1292.620 GC heap before
{Heap before GC invocations=119 (full 10):
 PSYoungGen      total 349696K, used 41376K [0x00000000e0000000, 0x0000000100000000, 0x0000000100000000)
  eden space 175104K, 0% used [0x00000000e0000000,0x00000000e0000000,0x00000000eab00000)
  from space 174592K, 23% used [0x00000000eab00000,0x00000000ed368000,0x00000000f5580000)
  to   space 174592K, 0% used [0x00000000f5580000,0x00000000f5580000,0x0000000100000000)
 ParOldGen       total 453120K, used 408490K [0x00000000a0000000, 0x00000000bba80000, 0x00000000e0000000)
  object space 453120K, 90% used [0x00000000a0000000,0x00000000b8eea8a8,0x00000000bba80000)
 Metaspace       used 161165K, capacity 176164K, committed 176536K, reserved 1202176K
  class space    used 20163K, capacity 23764K, committed 23960K, reserved 1048576K

