# JRE version: OpenJDK Runtime Environment (8.0_152-b01) (build 1.8.0_152-release-1248-b01)
# Java VM: OpenJDK 64-Bit Server VM (25.152-b01 mixed mode linux-amd64 compressed oops)
Heap:
 PSYoungGen      total 419840K, used 0K [0x00000000e0000000, 0x0000000100000000, 0x0000000100000000)
  eden space 334848K, 0% used [0x00000000e0000000,0x00000000e0000000,0x00000000f4700000)
  from space 84992K, 0% used [0x00000000fad00000,0x00000000fad00000,0x0000000100000000)
  to   space 94720K, 0% used [0x00000000f4700000,0x00000000f4700000,0x00000000fa380000)
 ParOldGen       total 892416K, used 246326K [0x00000000a0000000, 0x00000000d6780000, 0x00000000e0000000)
  object space 892416K, 27% used [0x00000000a0000000,0x00000000af08d930,0x00000000d6780000)
 Metaspace       used 100499K, capacity 106576K, committed 109080K, reserved 1144832K
  class space    used 12270K, capacity 13619K, committed 14104K, reserved 1048576K
GC Heap History (10 events):
Event: 8285.784 GC heap after
Heap after GC invocations=635 (full 28):
 PSYoungGen      total 418304K, used 6486K [0x00000000e0000000, 0x00000000ff100000, 0x0000000100000000)
  eden space 344064K, 0% used [0x00000000e0000000,0x00000000e0000000,0x00000000f5000000)
  from space 74240K, 8% used [0x00000000fa880000,0x00000000faed5a10,0x00000000ff100000)
  to   space 82432K, 0% used [0x00000000f5000000,0x00000000f5000000,0x00000000fa080000)
 ParOldGen       total 892416K, used 781107K [0x00000000a0000000, 0x00000000d6780000, 0x00000000e0000000)
  object space 892416K, 87% used [0x00000000a0000000,0x00000000cfaccf48,0x00000000d6780000)
 Metaspace       used 102041K, capacity 108714K, committed 109080K, reserved 1144832K
  class space    used 12501K, capacity 13983K, committed 14104K, reserved 1048576K
}
Event: 8286.434 GC heap before
{Heap before GC invocations=636 (full 28):
 PSYoungGen      total 418304K, used 350550K [0x00000000e0000000, 0x00000000ff100000, 0x0000000100000000)
  eden space 344064K, 100% used [0x00000000e0000000,0x00000000f5000000,0x00000000f5000000)
  from space 74240K, 8% used [0x00000000fa880000,0x00000000faed5a10,0x00000000ff100000)
  to   space 82432K, 0% used [0x00000000f5000000,0x00000000f5000000,0x00000000fa080000)
 ParOldGen       total 892416K, used 781107K [0x00000000a0000000, 0x00000000d6780000, 0x00000000e0000000)
  object space 892416K, 87% used [0x00000000a0000000,0x00000000cfaccf48,0x00000000d6780000)
 Metaspace       used 102041K, capacity 108714K, committed 109080K, reserved 1144832K
  class space    used 12501K, capacity 13983K, committed 14104K, reserved 1048576K
Event: 8286.446 GC heap after
Heap after GC invocations=636 (full 28):
 PSYoungGen      total 426496K, used 2272K [0x00000000e0000000, 0x0000000100000000, 0x0000000100000000)
  eden space 344064K, 0% used [0x00000000e0000000,0x00000000e0000000,0x00000000f5000000)
  from space 82432K, 2% used [0x00000000f5000000,0x00000000f5238140,0x00000000fa080000)
  to   space 78336K, 0% used [0x00000000fb380000,0x00000000fb380000,0x0000000100000000)
 ParOldGen       total 892416K, used 787473K [0x00000000a0000000, 0x00000000d6780000, 0x00000000e0000000)
  object space 892416K, 88% used [0x00000000a0000000,0x00000000d0104710,0x00000000d6780000)
 Metaspace       used 102041K, capacity 108714K, committed 109080K, reserved 1144832K
  class space    used 12501K, capacity 13983K, committed 14104K, reserved 1048576K
}
Event: 8287.339 GC heap before
{Heap before GC invocations=637 (full 28):
 PSYoungGen      total 426496K, used 346336K [0x00000000e0000000, 0x0000000100000000, 0x0000000100000000)
  eden space 344064K, 100% used [0x00000000e0000000,0x00000000f5000000,0x00000000f5000000)
  from space 82432K, 2% used [0x00000000f5000000,0x00000000f5238140,0x00000000fa080000)
  to   space 78336K, 0% used [0x00000000fb380000,0x00000000fb380000,0x0000000100000000)
 ParOldGen       total 892416K, used 787473K [0x00000000a0000000, 0x00000000d6780000, 0x00000000e0000000)
  object space 892416K, 88% used [0x00000000a0000000,0x00000000d0104710,0x00000000d6780000)
 Metaspace       used 102041K, capacity 108714K, committed 109080K, reserved 1144832K
  class space    used 12501K, capacity 13983K, committed 14104K, reserved 1048576K
Event: 8287.361 GC heap after
Heap after GC invocations=637 (full 28):
 PSYoungGen      total 433664K, used 25927K [0x00000000e0000000, 0x00000000ff800000, 0x0000000100000000)
  eden space 363520K, 0% used [0x00000000e0000000,0x00000000e0000000,0x00000000f6300000)
  from space 70144K, 36% used [0x00000000fb380000,0x00000000fccd1f68,0x00000000ff800000)
  to   space 76288K, 0% used [0x00000000f6300000,0x00000000f6300000,0x00000000fad80000)
 ParOldGen       total 892416K, used 789353K [0x00000000a0000000, 0x00000000d6780000, 0x00000000e0000000)
  object space 892416K, 88% used [0x00000000a0000000,0x00000000d02da720,0x00000000d6780000)
 Metaspace       used 102041K, capacity 108714K, committed 109080K, reserved 1144832K
  class space    used 12501K, capacity 13983K, committed 14104K, reserved 1048576K
}
Event: 8287.769 GC heap before
{Heap before GC invocations=638 (full 28):
 PSYoungGen      total 433664K, used 389447K [0x00000000e0000000, 0x00000000ff800000, 0x0000000100000000)
  eden space 363520K, 100% used [0x00000000e0000000,0x00000000f6300000,0x00000000f6300000)
  from space 70144K, 36% used [0x00000000fb380000,0x00000000fccd1f68,0x00000000ff800000)
  to   space 76288K, 0% used [0x00000000f6300000,0x00000000f6300000,0x00000000fad80000)
 ParOldGen       total 892416K, used 789353K [0x00000000a0000000, 0x00000000d6780000, 0x00000000e0000000)
  object space 892416K, 88% used [0x00000000a0000000,0x00000000d02da720,0x00000000d6780000)
 Metaspace       used 102041K, capacity 108714K, committed 109080K, reserved 1144832K
  class space    used 12501K, capacity 13983K, committed 14104K, reserved 1048576K
Event: 8287.837 GC heap after
Heap after GC invocations=638 (full 28):
 PSYoungGen      total 439296K, used 75752K [0x00000000e0000000, 0x0000000100000000, 0x0000000100000000)
  eden space 363520K, 0% used [0x00000000e0000000,0x00000000e0000000,0x00000000f6300000)
  from space 75776K, 99% used [0x00000000f6300000,0x00000000facfa180,0x00000000fad00000)
  to   space 84992K, 0% used [0x00000000fad00000,0x00000000fad00000,0x0000000100000000)
 ParOldGen       total 892416K, used 812232K [0x00000000a0000000, 0x00000000d6780000, 0x00000000e0000000)
  object space 892416K, 91% used [0x00000000a0000000,0x00000000d1932200,0x00000000d6780000)
 Metaspace       used 102041K, capacity 108714K, committed 109080K, reserved 1144832K
  class space    used 12501K, capacity 13983K, committed 14104K, reserved 1048576K
}
Event: 8288.209 GC heap before
{Heap before GC invocations=639 (full 28):
 PSYoungGen      total 439296K, used 439272K [0x00000000e0000000, 0x0000000100000000, 0x0000000100000000)
  eden space 363520K, 100% used [0x00000000e0000000,0x00000000f6300000,0x00000000f6300000)
  from space 75776K, 99% used [0x00000000f6300000,0x00000000facfa180,0x00000000fad00000)
  to   space 84992K, 0% used [0x00000000fad00000,0x00000000fad00000,0x0000000100000000)
 ParOldGen       total 892416K, used 812232K [0x00000000a0000000, 0x00000000d6780000, 0x00000000e0000000)
  object space 892416K, 91% used [0x00000000a0000000,0x00000000d1932200,0x00000000d6780000)
 Metaspace       used 102041K, capacity 108714K, committed 109080K, reserved 1144832K
  class space    used 12501K, capacity 13983K, committed 14104K, reserved 1048576K
Event: 8288.323 GC heap after
Heap after GC invocations=639 (full 28):
 PSYoungGen      total 419840K, used 48567K [0x00000000e0000000, 0x0000000100000000, 0x0000000100000000)
  eden space 334848K, 0% used [0x00000000e0000000,0x00000000e0000000,0x00000000f4700000)
  from space 84992K, 57% used [0x00000000fad00000,0x00000000fdc6dc78,0x0000000100000000)
  to   space 94720K, 0% used [0x00000000f4700000,0x00000000f4700000,0x00000000fa380000)
 ParOldGen       total 892416K, used 879897K [0x00000000a0000000, 0x00000000d6780000, 0x00000000e0000000)
  object space 892416K, 98% used [0x00000000a0000000,0x00000000d5b465d0,0x00000000d6780000)
 Metaspace       used 102041K, capacity 108714K, committed 109080K, reserved 1144832K
  class space    used 12501K, capacity 13983K, committed 14104K, reserved 1048576K
}
Event: 8288.323 GC heap before
{Heap before GC invocations=640 (full 29):
 PSYoungGen      total 419840K, used 48567K [0x00000000e0000000, 0x0000000100000000, 0x0000000100000000)
  eden space 334848K, 0% used [0x00000000e0000000,0x00000000e0000000,0x00000000f4700000)
  from space 84992K, 57% used [0x00000000fad00000,0x00000000fdc6dc78,0x0000000100000000)
  to   space 94720K, 0% used [0x00000000f4700000,0x00000000f4700000,0x00000000fa380000)
 ParOldGen       total 892416K, used 879897K [0x00000000a0000000, 0x00000000d6780000, 0x00000000e0000000)
  object space 892416K, 98% used [0x00000000a0000000,0x00000000d5b465d0,0x00000000d6780000)
 Metaspace       used 102041K, capacity 108714K, committed 109080K, reserved 1144832K
  class space    used 12501K, capacity 13983K, committed 14104K, reserved 1048576K

