# JRE version: OpenJDK Runtime Environment (8.0_152-b01) (build 1.8.0_152-release-1248-b01)
# Java VM: OpenJDK 64-Bit Server VM (25.152-b01 mixed mode linux-amd64 compressed oops)
Heap:
 PSYoungGen      total 374272K, used 77121K [0x00000000e0000000, 0x0000000100000000, 0x0000000100000000)
  eden space 224256K, 0% used [0x00000000e0000000,0x00000000e0000000,0x00000000edb00000)
  from space 150016K, 51% used [0x00000000edb00000,0x00000000f2650538,0x00000000f6d80000)
  to   space 150016K, 0% used [0x00000000f6d80000,0x00000000f6d80000,0x0000000100000000)
 ParOldGen       total 259072K, used 258993K [0x00000000a0000000, 0x00000000afd00000, 0x00000000e0000000)
  object space 259072K, 99% used [0x00000000a0000000,0x00000000afcec508,0x00000000afd00000)
 Metaspace       used 157093K, capacity 166417K, committed 170840K, reserved 1198080K
  class space    used 19355K, capacity 21475K, committed 22144K, reserved 1048576K
GC Heap History (10 events):
Event: 29060.198 GC heap after
Heap after GC invocations=128 (full 11):
 PSYoungGen      total 461824K, used 53731K [0x00000000e0000000, 0x0000000100000000, 0x0000000100000000)
  eden space 408064K, 0% used [0x00000000e0000000,0x00000000e0000000,0x00000000f8e80000)
  from space 53760K, 99% used [0x00000000f8e80000,0x00000000fc2f8fd8,0x00000000fc300000)
  to   space 62464K, 0% used [0x00000000fc300000,0x00000000fc300000,0x0000000100000000)
 ParOldGen       total 259072K, used 88740K [0x00000000a0000000, 0x00000000afd00000, 0x00000000e0000000)
  object space 259072K, 34% used [0x00000000a0000000,0x00000000a56a9390,0x00000000afd00000)
 Metaspace       used 154750K, capacity 163947K, committed 168280K, reserved 1196032K
  class space    used 19134K, capacity 21225K, committed 21888K, reserved 1048576K
}
Event: 29064.520 GC heap before
{Heap before GC invocations=129 (full 11):
 PSYoungGen      total 461824K, used 461795K [0x00000000e0000000, 0x0000000100000000, 0x0000000100000000)
  eden space 408064K, 100% used [0x00000000e0000000,0x00000000f8e80000,0x00000000f8e80000)
  from space 53760K, 99% used [0x00000000f8e80000,0x00000000fc2f8fd8,0x00000000fc300000)
  to   space 62464K, 0% used [0x00000000fc300000,0x00000000fc300000,0x0000000100000000)
 ParOldGen       total 259072K, used 88740K [0x00000000a0000000, 0x00000000afd00000, 0x00000000e0000000)
  object space 259072K, 34% used [0x00000000a0000000,0x00000000a56a9390,0x00000000afd00000)
 Metaspace       used 156072K, capacity 165441K, committed 169432K, reserved 1196032K
  class space    used 19290K, capacity 21416K, committed 22016K, reserved 1048576K
Event: 29064.638 GC heap after
Heap after GC invocations=129 (full 11):
 PSYoungGen      total 404480K, used 62433K [0x00000000e0000000, 0x0000000100000000, 0x0000000100000000)
  eden space 342016K, 0% used [0x00000000e0000000,0x00000000e0000000,0x00000000f4e00000)
  from space 62464K, 99% used [0x00000000fc300000,0x00000000ffff8670,0x0000000100000000)
  to   space 91136K, 0% used [0x00000000f4e00000,0x00000000f4e00000,0x00000000fa700000)
 ParOldGen       total 259072K, used 115577K [0x00000000a0000000, 0x00000000afd00000, 0x00000000e0000000)
  object space 259072K, 44% used [0x00000000a0000000,0x00000000a70de550,0x00000000afd00000)
 Metaspace       used 156072K, capacity 165441K, committed 169432K, reserved 1196032K
  class space    used 19290K, capacity 21416K, committed 22016K, reserved 1048576K
}
Event: 29066.854 GC heap before
{Heap before GC invocations=130 (full 11):
 PSYoungGen      total 404480K, used 404449K [0x00000000e0000000, 0x0000000100000000, 0x0000000100000000)
  eden space 342016K, 100% used [0x00000000e0000000,0x00000000f4e00000,0x00000000f4e00000)
  from space 62464K, 99% used [0x00000000fc300000,0x00000000ffff8670,0x0000000100000000)
  to   space 91136K, 0% used [0x00000000f4e00000,0x00000000f4e00000,0x00000000fa700000)
 ParOldGen       total 259072K, used 115577K [0x00000000a0000000, 0x00000000afd00000, 0x00000000e0000000)
  object space 259072K, 44% used [0x00000000a0000000,0x00000000a70de550,0x00000000afd00000)
 Metaspace       used 156677K, capacity 166061K, committed 170072K, reserved 1198080K
  class space    used 19346K, capacity 21456K, committed 22144K, reserved 1048576K
Event: 29067.011 GC heap after
Heap after GC invocations=130 (full 11):
 PSYoungGen      total 433152K, used 91126K [0x00000000e0000000, 0x0000000100000000, 0x0000000100000000)
  eden space 342016K, 0% used [0x00000000e0000000,0x00000000e0000000,0x00000000f4e00000)
  from space 91136K, 99% used [0x00000000f4e00000,0x00000000fa6fda48,0x00000000fa700000)
  to   space 91136K, 0% used [0x00000000fa700000,0x00000000fa700000,0x0000000100000000)
 ParOldGen       total 259072K, used 184009K [0x00000000a0000000, 0x00000000afd00000, 0x00000000e0000000)
  object space 259072K, 71% used [0x00000000a0000000,0x00000000ab3b25b8,0x00000000afd00000)
 Metaspace       used 156677K, capacity 166061K, committed 170072K, reserved 1198080K
  class space    used 19346K, capacity 21456K, committed 22144K, reserved 1048576K
}
Event: 29068.558 GC heap before
{Heap before GC invocations=131 (full 11):
 PSYoungGen      total 433152K, used 433142K [0x00000000e0000000, 0x0000000100000000, 0x0000000100000000)
  eden space 342016K, 100% used [0x00000000e0000000,0x00000000f4e00000,0x00000000f4e00000)
  from space 91136K, 99% used [0x00000000f4e00000,0x00000000fa6fda48,0x00000000fa700000)
  to   space 91136K, 0% used [0x00000000fa700000,0x00000000fa700000,0x0000000100000000)
 ParOldGen       total 259072K, used 184009K [0x00000000a0000000, 0x00000000afd00000, 0x00000000e0000000)
  object space 259072K, 71% used [0x00000000a0000000,0x00000000ab3b25b8,0x00000000afd00000)
 Metaspace       used 157358K, capacity 166879K, committed 170840K, reserved 1198080K
  class space    used 19398K, capacity 21555K, committed 22144K, reserved 1048576K
Event: 29068.745 GC heap after
Heap after GC invocations=131 (full 11):
 PSYoungGen      total 315392K, used 91135K [0x00000000e0000000, 0x0000000100000000, 0x0000000100000000)
  eden space 224256K, 0% used [0x00000000e0000000,0x00000000e0000000,0x00000000edb00000)
  from space 91136K, 99% used [0x00000000fa700000,0x00000000fffffe90,0x0000000100000000)
  to   space 150016K, 0% used [0x00000000edb00000,0x00000000edb00000,0x00000000f6d80000)
 ParOldGen       total 259072K, used 211606K [0x00000000a0000000, 0x00000000afd00000, 0x00000000e0000000)
  object space 259072K, 81% used [0x00000000a0000000,0x00000000acea5af8,0x00000000afd00000)
 Metaspace       used 157358K, capacity 166879K, committed 170840K, reserved 1198080K
  class space    used 19398K, capacity 21555K, committed 22144K, reserved 1048576K
}
Event: 29070.569 GC heap before
{Heap before GC invocations=132 (full 11):
 PSYoungGen      total 315392K, used 315391K [0x00000000e0000000, 0x0000000100000000, 0x0000000100000000)
  eden space 224256K, 100% used [0x00000000e0000000,0x00000000edb00000,0x00000000edb00000)
  from space 91136K, 99% used [0x00000000fa700000,0x00000000fffffe90,0x0000000100000000)
  to   space 150016K, 0% used [0x00000000edb00000,0x00000000edb00000,0x00000000f6d80000)
 ParOldGen       total 259072K, used 211606K [0x00000000a0000000, 0x00000000afd00000, 0x00000000e0000000)
  object space 259072K, 81% used [0x00000000a0000000,0x00000000acea5af8,0x00000000afd00000)
 Metaspace       used 157377K, capacity 166879K, committed 170840K, reserved 1198080K
  class space    used 19398K, capacity 21555K, committed 22144K, reserved 1048576K
Event: 29070.835 GC heap after
Heap after GC invocations=132 (full 11):
 PSYoungGen      total 374272K, used 150015K [0x00000000e0000000, 0x0000000100000000, 0x0000000100000000)
  eden space 224256K, 0% used [0x00000000e0000000,0x00000000e0000000,0x00000000edb00000)
  from space 150016K, 99% used [0x00000000edb00000,0x00000000f6d7fea0,0x00000000f6d80000)
  to   space 150016K, 0% used [0x00000000f6d80000,0x00000000f6d80000,0x0000000100000000)
 ParOldGen       total 259072K, used 242738K [0x00000000a0000000, 0x00000000afd00000, 0x00000000e0000000)
  object space 259072K, 93% used [0x00000000a0000000,0x00000000aed0c890,0x00000000afd00000)
 Metaspace       used 157377K, capacity 166879K, committed 170840K, reserved 1198080K
  class space    used 19398K, capacity 21555K, committed 22144K, reserved 1048576K
}
Event: 29070.835 GC heap before
{Heap before GC invocations=133 (full 12):
 PSYoungGen      total 374272K, used 150015K [0x00000000e0000000, 0x0000000100000000, 0x0000000100000000)
  eden space 224256K, 0% used [0x00000000e0000000,0x00000000e0000000,0x00000000edb00000)
  from space 150016K, 99% used [0x00000000edb00000,0x00000000f6d7fea0,0x00000000f6d80000)
  to   space 150016K, 0% used [0x00000000f6d80000,0x00000000f6d80000,0x0000000100000000)
 ParOldGen       total 259072K, used 242738K [0x00000000a0000000, 0x00000000afd00000, 0x00000000e0000000)
  object space 259072K, 93% used [0x00000000a0000000,0x00000000aed0c890,0x00000000afd00000)
 Metaspace       used 157377K, capacity 166879K, committed 170840K, reserved 1198080K
  class space    used 19398K, capacity 21555K, committed 22144K, reserved 1048576K

