# JRE version: OpenJDK Runtime Environment (8.0_152-b01) (build 1.8.0_152-release-1248-b01)
# Java VM: OpenJDK 64-Bit Server VM (25.152-b01 mixed mode linux-amd64 compressed oops)
Heap:
 PSYoungGen      total 349696K, used 0K [0x00000000e0000000, 0x0000000100000000, 0x0000000100000000)
  eden space 175104K, 0% used [0x00000000e0000000,0x00000000e0000000,0x00000000eab00000)
  from space 174592K, 0% used [0x00000000f5580000,0x00000000f5580000,0x0000000100000000)
  to   space 174592K, 0% used [0x00000000eab00000,0x00000000eab00000,0x00000000f5580000)
 ParOldGen       total 448512K, used 345888K [0x00000000a0000000, 0x00000000bb600000, 0x00000000e0000000)
  object space 448512K, 77% used [0x00000000a0000000,0x00000000b51c8118,0x00000000bb600000)
 Metaspace       used 154932K, capacity 164099K, committed 167320K, reserved 1193984K
  class space    used 19279K, capacity 21377K, committed 21936K, reserved 1048576K
GC Heap History (10 events):
Event: 27153.845 GC heap after
Heap after GC invocations=76 (full 8):
 PSYoungGen      total 349696K, used 99299K [0x00000000e0000000, 0x0000000100000000, 0x0000000100000000)
  eden space 175104K, 0% used [0x00000000e0000000,0x00000000e0000000,0x00000000eab00000)
  from space 174592K, 56% used [0x00000000f5580000,0x00000000fb678d98,0x0000000100000000)
  to   space 174592K, 0% used [0x00000000eab00000,0x00000000eab00000,0x00000000f5580000)
 ParOldGen       total 448512K, used 270758K [0x00000000a0000000, 0x00000000bb600000, 0x00000000e0000000)
  object space 448512K, 60% used [0x00000000a0000000,0x00000000b08699f0,0x00000000bb600000)
 Metaspace       used 154718K, capacity 163935K, committed 166552K, reserved 1193984K
  class space    used 19215K, capacity 21347K, committed 21936K, reserved 1048576K
}
Event: 27154.587 GC heap before
{Heap before GC invocations=77 (full 8):
 PSYoungGen      total 349696K, used 274403K [0x00000000e0000000, 0x0000000100000000, 0x0000000100000000)
  eden space 175104K, 100% used [0x00000000e0000000,0x00000000eab00000,0x00000000eab00000)
  from space 174592K, 56% used [0x00000000f5580000,0x00000000fb678d98,0x0000000100000000)
  to   space 174592K, 0% used [0x00000000eab00000,0x00000000eab00000,0x00000000f5580000)
 ParOldGen       total 448512K, used 270758K [0x00000000a0000000, 0x00000000bb600000, 0x00000000e0000000)
  object space 448512K, 60% used [0x00000000a0000000,0x00000000b08699f0,0x00000000bb600000)
 Metaspace       used 155520K, capacity 164769K, committed 167064K, reserved 1193984K
  class space    used 19332K, capacity 21452K, committed 21936K, reserved 1048576K
Event: 27154.787 GC heap after
Heap after GC invocations=77 (full 8):
 PSYoungGen      total 349696K, used 51083K [0x00000000e0000000, 0x0000000100000000, 0x0000000100000000)
  eden space 175104K, 0% used [0x00000000e0000000,0x00000000e0000000,0x00000000eab00000)
  from space 174592K, 29% used [0x00000000eab00000,0x00000000edce2d60,0x00000000f5580000)
  to   space 174592K, 0% used [0x00000000f5580000,0x00000000f5580000,0x0000000100000000)
 ParOldGen       total 448512K, used 339326K [0x00000000a0000000, 0x00000000bb600000, 0x00000000e0000000)
  object space 448512K, 75% used [0x00000000a0000000,0x00000000b4b5f8c0,0x00000000bb600000)
 Metaspace       used 155520K, capacity 164769K, committed 167064K, reserved 1193984K
  class space    used 19332K, capacity 21452K, committed 21936K, reserved 1048576K
}
Event: 27155.572 GC heap before
{Heap before GC invocations=78 (full 8):
 PSYoungGen      total 349696K, used 226187K [0x00000000e0000000, 0x0000000100000000, 0x0000000100000000)
  eden space 175104K, 100% used [0x00000000e0000000,0x00000000eab00000,0x00000000eab00000)
  from space 174592K, 29% used [0x00000000eab00000,0x00000000edce2d60,0x00000000f5580000)
  to   space 174592K, 0% used [0x00000000f5580000,0x00000000f5580000,0x0000000100000000)
 ParOldGen       total 448512K, used 339326K [0x00000000a0000000, 0x00000000bb600000, 0x00000000e0000000)
  object space 448512K, 75% used [0x00000000a0000000,0x00000000b4b5f8c0,0x00000000bb600000)
 Metaspace       used 155547K, capacity 164769K, committed 167064K, reserved 1193984K
  class space    used 19334K, capacity 21452K, committed 21936K, reserved 1048576K
Event: 27155.801 GC heap after
Heap after GC invocations=78 (full 8):
 PSYoungGen      total 349696K, used 127831K [0x00000000e0000000, 0x0000000100000000, 0x0000000100000000)
  eden space 175104K, 0% used [0x00000000e0000000,0x00000000e0000000,0x00000000eab00000)
  from space 174592K, 73% used [0x00000000f5580000,0x00000000fd255fc0,0x0000000100000000)
  to   space 174592K, 0% used [0x00000000eab00000,0x00000000eab00000,0x00000000f5580000)
 ParOldGen       total 448512K, used 352495K [0x00000000a0000000, 0x00000000bb600000, 0x00000000e0000000)
  object space 448512K, 78% used [0x00000000a0000000,0x00000000b583bdc0,0x00000000bb600000)
 Metaspace       used 155547K, capacity 164769K, committed 167064K, reserved 1193984K
  class space    used 19334K, capacity 21452K, committed 21936K, reserved 1048576K
}
Event: 27156.740 GC heap before
{Heap before GC invocations=79 (full 8):
 PSYoungGen      total 349696K, used 302935K [0x00000000e0000000, 0x0000000100000000, 0x0000000100000000)
  eden space 175104K, 100% used [0x00000000e0000000,0x00000000eab00000,0x00000000eab00000)
  from space 174592K, 73% used [0x00000000f5580000,0x00000000fd255fc0,0x0000000100000000)
  to   space 174592K, 0% used [0x00000000eab00000,0x00000000eab00000,0x00000000f5580000)
 ParOldGen       total 448512K, used 352495K [0x00000000a0000000, 0x00000000bb600000, 0x00000000e0000000)
  object space 448512K, 78% used [0x00000000a0000000,0x00000000b583bdc0,0x00000000bb600000)
 Metaspace       used 155587K, capacity 164801K, committed 167064K, reserved 1193984K
  class space    used 19338K, capacity 21484K, committed 21936K, reserved 1048576K
Event: 27156.999 GC heap after
Heap after GC invocations=79 (full 8):
 PSYoungGen      total 349696K, used 174562K [0x00000000e0000000, 0x0000000100000000, 0x0000000100000000)
  eden space 175104K, 0% used [0x00000000e0000000,0x00000000e0000000,0x00000000eab00000)
  from space 174592K, 99% used [0x00000000eab00000,0x00000000f5578af8,0x00000000f5580000)
  to   space 174592K, 0% used [0x00000000f5580000,0x00000000f5580000,0x0000000100000000)
 ParOldGen       total 448512K, used 374950K [0x00000000a0000000, 0x00000000bb600000, 0x00000000e0000000)
  object space 448512K, 83% used [0x00000000a0000000,0x00000000b6e298e8,0x00000000bb600000)
 Metaspace       used 155587K, capacity 164801K, committed 167064K, reserved 1193984K
  class space    used 19338K, capacity 21484K, committed 21936K, reserved 1048576K
}
Event: 27158.632 GC heap before
{Heap before GC invocations=80 (full 8):
 PSYoungGen      total 349696K, used 349666K [0x00000000e0000000, 0x0000000100000000, 0x0000000100000000)
  eden space 175104K, 100% used [0x00000000e0000000,0x00000000eab00000,0x00000000eab00000)
  from space 174592K, 99% used [0x00000000eab00000,0x00000000f5578af8,0x00000000f5580000)
  to   space 174592K, 0% used [0x00000000f5580000,0x00000000f5580000,0x0000000100000000)
 ParOldGen       total 448512K, used 374950K [0x00000000a0000000, 0x00000000bb600000, 0x00000000e0000000)
  object space 448512K, 83% used [0x00000000a0000000,0x00000000b6e298e8,0x00000000bb600000)
 Metaspace       used 155783K, capacity 164993K, committed 167320K, reserved 1193984K
  class space    used 19357K, capacity 21484K, committed 21936K, reserved 1048576K
Event: 27158.882 GC heap after
Heap after GC invocations=80 (full 8):
 PSYoungGen      total 349696K, used 167875K [0x00000000e0000000, 0x0000000100000000, 0x0000000100000000)
  eden space 175104K, 0% used [0x00000000e0000000,0x00000000e0000000,0x00000000eab00000)
  from space 174592K, 96% used [0x00000000f5580000,0x00000000ff970e48,0x0000000100000000)
  to   space 174592K, 0% used [0x00000000eab00000,0x00000000eab00000,0x00000000f5580000)
 ParOldGen       total 448512K, used 399081K [0x00000000a0000000, 0x00000000bb600000, 0x00000000e0000000)
  object space 448512K, 88% used [0x00000000a0000000,0x00000000b85ba590,0x00000000bb600000)
 Metaspace       used 155783K, capacity 164993K, committed 167320K, reserved 1193984K
  class space    used 19357K, capacity 21484K, committed 21936K, reserved 1048576K
}
Event: 27158.882 GC heap before
{Heap before GC invocations=81 (full 9):
 PSYoungGen      total 349696K, used 167875K [0x00000000e0000000, 0x0000000100000000, 0x0000000100000000)
  eden space 175104K, 0% used [0x00000000e0000000,0x00000000e0000000,0x00000000eab00000)
  from space 174592K, 96% used [0x00000000f5580000,0x00000000ff970e48,0x0000000100000000)
  to   space 174592K, 0% used [0x00000000eab00000,0x00000000eab00000,0x00000000f5580000)
 ParOldGen       total 448512K, used 399081K [0x00000000a0000000, 0x00000000bb600000, 0x00000000e0000000)
  object space 448512K, 88% used [0x00000000a0000000,0x00000000b85ba590,0x00000000bb600000)
 Metaspace       used 155783K, capacity 164993K, committed 167320K, reserved 1193984K
  class space    used 19357K, capacity 21484K, committed 21936K, reserved 1048576K

