# JRE version: OpenJDK Runtime Environment (8.0_152-b01) (build 1.8.0_152-release-1248-b01)
# Java VM: OpenJDK 64-Bit Server VM (25.152-b01 mixed mode linux-amd64 compressed oops)
Heap:
 PSYoungGen      total 349696K, used 0K [0x00000000e0000000, 0x0000000100000000, 0x0000000100000000)
  eden space 175104K, 0% used [0x00000000e0000000,0x00000000e0000000,0x00000000eab00000)
  from space 174592K, 0% used [0x00000000eab00000,0x00000000eab00000,0x00000000f5580000)
  to   space 174592K, 0% used [0x00000000f5580000,0x00000000f5580000,0x0000000100000000)
 ParOldGen       total 529920K, used 313783K [0x00000000a0000000, 0x00000000c0580000, 0x00000000e0000000)
  object space 529920K, 59% used [0x00000000a0000000,0x00000000b326dd70,0x00000000c0580000)
 Metaspace       used 95639K, capacity 101686K, committed 102704K, reserved 1138688K
  class space    used 12083K, capacity 13502K, committed 13616K, reserved 1048576K
GC Heap History (10 events):
Event: 361.643 GC heap after
Heap after GC invocations=95 (full 8):
 PSYoungGen      total 349696K, used 139262K [0x00000000e0000000, 0x0000000100000000, 0x0000000100000000)
  eden space 175104K, 0% used [0x00000000e0000000,0x00000000e0000000,0x00000000eab00000)
  from space 174592K, 79% used [0x00000000eab00000,0x00000000f32ff8b0,0x00000000f5580000)
  to   space 174592K, 0% used [0x00000000f5580000,0x00000000f5580000,0x0000000100000000)
 ParOldGen       total 529920K, used 229612K [0x00000000a0000000, 0x00000000c0580000, 0x00000000e0000000)
  object space 529920K, 43% used [0x00000000a0000000,0x00000000ae03b180,0x00000000c0580000)
 Metaspace       used 96445K, capacity 102502K, committed 102704K, reserved 1138688K
  class space    used 12160K, capacity 13606K, committed 13616K, reserved 1048576K
}
Event: 378.656 GC heap before
{Heap before GC invocations=96 (full 8):
 PSYoungGen      total 349696K, used 314366K [0x00000000e0000000, 0x0000000100000000, 0x0000000100000000)
  eden space 175104K, 100% used [0x00000000e0000000,0x00000000eab00000,0x00000000eab00000)
  from space 174592K, 79% used [0x00000000eab00000,0x00000000f32ff8b0,0x00000000f5580000)
  to   space 174592K, 0% used [0x00000000f5580000,0x00000000f5580000,0x0000000100000000)
 ParOldGen       total 529920K, used 229612K [0x00000000a0000000, 0x00000000c0580000, 0x00000000e0000000)
  object space 529920K, 43% used [0x00000000a0000000,0x00000000ae03b180,0x00000000c0580000)
 Metaspace       used 96478K, capacity 102516K, committed 102704K, reserved 1138688K
  class space    used 12162K, capacity 13609K, committed 13616K, reserved 1048576K
Event: 382.027 GC heap after
Heap after GC invocations=96 (full 8):
 PSYoungGen      total 349696K, used 73456K [0x00000000e0000000, 0x0000000100000000, 0x0000000100000000)
  eden space 175104K, 0% used [0x00000000e0000000,0x00000000e0000000,0x00000000eab00000)
  from space 174592K, 42% used [0x00000000f5580000,0x00000000f9d3c328,0x0000000100000000)
  to   space 174592K, 0% used [0x00000000eab00000,0x00000000eab00000,0x00000000f5580000)
 ParOldGen       total 529920K, used 295949K [0x00000000a0000000, 0x00000000c0580000, 0x00000000e0000000)
  object space 529920K, 55% used [0x00000000a0000000,0x00000000b21037f8,0x00000000c0580000)
 Metaspace       used 96478K, capacity 102516K, committed 102704K, reserved 1138688K
  class space    used 12162K, capacity 13609K, committed 13616K, reserved 1048576K
}
Event: 385.630 GC heap before
{Heap before GC invocations=97 (full 8):
 PSYoungGen      total 349696K, used 248560K [0x00000000e0000000, 0x0000000100000000, 0x0000000100000000)
  eden space 175104K, 100% used [0x00000000e0000000,0x00000000eab00000,0x00000000eab00000)
  from space 174592K, 42% used [0x00000000f5580000,0x00000000f9d3c328,0x0000000100000000)
  to   space 174592K, 0% used [0x00000000eab00000,0x00000000eab00000,0x00000000f5580000)
 ParOldGen       total 529920K, used 295949K [0x00000000a0000000, 0x00000000c0580000, 0x00000000e0000000)
  object space 529920K, 55% used [0x00000000a0000000,0x00000000b21037f8,0x00000000c0580000)
 Metaspace       used 96495K, capacity 102580K, committed 102704K, reserved 1138688K
  class space    used 12162K, capacity 13609K, committed 13616K, reserved 1048576K
Event: 385.773 GC heap after
Heap after GC invocations=97 (full 8):
 PSYoungGen      total 349696K, used 32621K [0x00000000e0000000, 0x0000000100000000, 0x0000000100000000)
  eden space 175104K, 0% used [0x00000000e0000000,0x00000000e0000000,0x00000000eab00000)
  from space 174592K, 18% used [0x00000000eab00000,0x00000000ecadb428,0x00000000f5580000)
  to   space 174592K, 0% used [0x00000000f5580000,0x00000000f5580000,0x0000000100000000)
 ParOldGen       total 529920K, used 353143K [0x00000000a0000000, 0x00000000c0580000, 0x00000000e0000000)
  object space 529920K, 66% used [0x00000000a0000000,0x00000000b58dde50,0x00000000c0580000)
 Metaspace       used 96495K, capacity 102580K, committed 102704K, reserved 1138688K
  class space    used 12162K, capacity 13609K, committed 13616K, reserved 1048576K
}
Event: 386.074 GC heap before
{Heap before GC invocations=98 (full 8):
 PSYoungGen      total 349696K, used 207725K [0x00000000e0000000, 0x0000000100000000, 0x0000000100000000)
  eden space 175104K, 100% used [0x00000000e0000000,0x00000000eab00000,0x00000000eab00000)
  from space 174592K, 18% used [0x00000000eab00000,0x00000000ecadb428,0x00000000f5580000)
  to   space 174592K, 0% used [0x00000000f5580000,0x00000000f5580000,0x0000000100000000)
 ParOldGen       total 529920K, used 353143K [0x00000000a0000000, 0x00000000c0580000, 0x00000000e0000000)
  object space 529920K, 66% used [0x00000000a0000000,0x00000000b58dde50,0x00000000c0580000)
 Metaspace       used 96497K, capacity 102580K, committed 102704K, reserved 1138688K
  class space    used 12162K, capacity 13609K, committed 13616K, reserved 1048576K
Event: 386.211 GC heap after
Heap after GC invocations=98 (full 8):
 PSYoungGen      total 349696K, used 108778K [0x00000000e0000000, 0x0000000100000000, 0x0000000100000000)
  eden space 175104K, 0% used [0x00000000e0000000,0x00000000e0000000,0x00000000eab00000)
  from space 174592K, 62% used [0x00000000f5580000,0x00000000fbfba848,0x0000000100000000)
  to   space 174592K, 0% used [0x00000000eab00000,0x00000000eab00000,0x00000000f5580000)
 ParOldGen       total 529920K, used 367767K [0x00000000a0000000, 0x00000000c0580000, 0x00000000e0000000)
  object space 529920K, 69% used [0x00000000a0000000,0x00000000b6725dd0,0x00000000c0580000)
 Metaspace       used 96497K, capacity 102580K, committed 102704K, reserved 1138688K
  class space    used 12162K, capacity 13609K, committed 13616K, reserved 1048576K
}
Event: 386.734 GC heap before
{Heap before GC invocations=99 (full 8):
 PSYoungGen      total 349696K, used 283882K [0x00000000e0000000, 0x0000000100000000, 0x0000000100000000)
  eden space 175104K, 100% used [0x00000000e0000000,0x00000000eab00000,0x00000000eab00000)
  from space 174592K, 62% used [0x00000000f5580000,0x00000000fbfba848,0x0000000100000000)
  to   space 174592K, 0% used [0x00000000eab00000,0x00000000eab00000,0x00000000f5580000)
 ParOldGen       total 529920K, used 367767K [0x00000000a0000000, 0x00000000c0580000, 0x00000000e0000000)
  object space 529920K, 69% used [0x00000000a0000000,0x00000000b6725dd0,0x00000000c0580000)
 Metaspace       used 96498K, capacity 102580K, committed 102704K, reserved 1138688K
  class space    used 12162K, capacity 13609K, committed 13616K, reserved 1048576K
Event: 386.909 GC heap after
Heap after GC invocations=99 (full 8):
 PSYoungGen      total 349696K, used 71979K [0x00000000e0000000, 0x0000000100000000, 0x0000000100000000)
  eden space 175104K, 0% used [0x00000000e0000000,0x00000000e0000000,0x00000000eab00000)
  from space 174592K, 41% used [0x00000000eab00000,0x00000000ef14ad68,0x00000000f5580000)
  to   space 174592K, 0% used [0x00000000f5580000,0x00000000f5580000,0x0000000100000000)
 ParOldGen       total 529920K, used 476924K [0x00000000a0000000, 0x00000000c0580000, 0x00000000e0000000)
  object space 529920K, 89% used [0x00000000a0000000,0x00000000bd1bf2a0,0x00000000c0580000)
 Metaspace       used 96498K, capacity 102580K, committed 102704K, reserved 1138688K
  class space    used 12162K, capacity 13609K, committed 13616K, reserved 1048576K
}
Event: 386.909 GC heap before
{Heap before GC invocations=100 (full 9):
 PSYoungGen      total 349696K, used 71979K [0x00000000e0000000, 0x0000000100000000, 0x0000000100000000)
  eden space 175104K, 0% used [0x00000000e0000000,0x00000000e0000000,0x00000000eab00000)
  from space 174592K, 41% used [0x00000000eab00000,0x00000000ef14ad68,0x00000000f5580000)
  to   space 174592K, 0% used [0x00000000f5580000,0x00000000f5580000,0x0000000100000000)
 ParOldGen       total 529920K, used 476924K [0x00000000a0000000, 0x00000000c0580000, 0x00000000e0000000)
  object space 529920K, 89% used [0x00000000a0000000,0x00000000bd1bf2a0,0x00000000c0580000)
 Metaspace       used 96498K, capacity 102580K, committed 102704K, reserved 1138688K
  class space    used 12162K, capacity 13609K, committed 13616K, reserved 1048576K

