# JRE version: OpenJDK Runtime Environment (8.0_152-b06) (build 1.8.0_152-release-1136-b06)
# Java VM: OpenJDK 64-Bit Server VM (25.152-b06 mixed mode linux-amd64 compressed oops)
Heap:
 PSYoungGen      total 272896K, used 29166K [0x00000000e0000000, 0x00000000f4f80000, 0x0000000100000000)
  eden space 243712K, 0% used [0x00000000e0000000,0x00000000e0000000,0x00000000eee00000)
  from space 29184K, 99% used [0x00000000f3300000,0x00000000f4f7bb60,0x00000000f4f80000)
  to   space 24576K, 0% used [0x00000000eee00000,0x00000000eee00000,0x00000000f0600000)
 ParOldGen       total 159744K, used 140117K [0x00000000a0000000, 0x00000000a9c00000, 0x00000000e0000000)
  object space 159744K, 87% used [0x00000000a0000000,0x00000000a88d56f8,0x00000000a9c00000)
 Metaspace       used 65472K, capacity 69192K, committed 69376K, reserved 1110016K
  class space    used 8728K, capacity 9702K, committed 9728K, reserved 1048576K
GC Heap History (10 events):
Event: 19.713 GC heap after
Heap after GC invocations=12 (full 2):
 PSYoungGen      total 204800K, used 15346K [0x00000000e0000000, 0x00000000eeb80000, 0x0000000100000000)
  eden space 189440K, 0% used [0x00000000e0000000,0x00000000e0000000,0x00000000eb900000)
  from space 15360K, 99% used [0x00000000ecf00000,0x00000000eddfc938,0x00000000ede00000)
  to   space 22528K, 0% used [0x00000000eb900000,0x00000000eb900000,0x00000000ecf00000)
 ParOldGen       total 82432K, used 32739K [0x00000000a0000000, 0x00000000a5080000, 0x00000000e0000000)
  object space 82432K, 39% used [0x00000000a0000000,0x00000000a1ff8f18,0x00000000a5080000)
 Metaspace       used 53877K, capacity 56524K, committed 56576K, reserved 1097728K
  class space    used 7434K, capacity 8140K, committed 8192K, reserved 1048576K
}
Event: 23.795 GC heap before
{Heap before GC invocations=13 (full 2):
 PSYoungGen      total 204800K, used 94585K [0x00000000e0000000, 0x00000000eeb80000, 0x0000000100000000)
  eden space 189440K, 41% used [0x00000000e0000000,0x00000000e4d61d50,0x00000000eb900000)
  from space 15360K, 99% used [0x00000000ecf00000,0x00000000eddfc938,0x00000000ede00000)
  to   space 22528K, 0% used [0x00000000eb900000,0x00000000eb900000,0x00000000ecf00000)
 ParOldGen       total 82432K, used 32739K [0x00000000a0000000, 0x00000000a5080000, 0x00000000e0000000)
  object space 82432K, 39% used [0x00000000a0000000,0x00000000a1ff8f18,0x00000000a5080000)
 Metaspace       used 55733K, capacity 58934K, committed 59008K, reserved 1099776K
  class space    used 7654K, capacity 8565K, committed 8576K, reserved 1048576K
Event: 23.991 GC heap after
Heap after GC invocations=13 (full 2):
 PSYoungGen      total 211968K, used 19027K [0x00000000e0000000, 0x00000000f2780000, 0x0000000100000000)
  eden space 189440K, 0% used [0x00000000e0000000,0x00000000e0000000,0x00000000eb900000)
  from space 22528K, 84% used [0x00000000eb900000,0x00000000ecb94ca8,0x00000000ecf00000)
  to   space 24576K, 0% used [0x00000000f0f80000,0x00000000f0f80000,0x00000000f2780000)
 ParOldGen       total 82432K, used 48114K [0x00000000a0000000, 0x00000000a5080000, 0x00000000e0000000)
  object space 82432K, 58% used [0x00000000a0000000,0x00000000a2efca40,0x00000000a5080000)
 Metaspace       used 55733K, capacity 58934K, committed 59008K, reserved 1099776K
  class space    used 7654K, capacity 8565K, committed 8576K, reserved 1048576K
}
Event: 23.992 GC heap before
{Heap before GC invocations=14 (full 3):
 PSYoungGen      total 211968K, used 19027K [0x00000000e0000000, 0x00000000f2780000, 0x0000000100000000)
  eden space 189440K, 0% used [0x00000000e0000000,0x00000000e0000000,0x00000000eb900000)
  from space 22528K, 84% used [0x00000000eb900000,0x00000000ecb94ca8,0x00000000ecf00000)
  to   space 24576K, 0% used [0x00000000f0f80000,0x00000000f0f80000,0x00000000f2780000)
 ParOldGen       total 82432K, used 48114K [0x00000000a0000000, 0x00000000a5080000, 0x00000000e0000000)
  object space 82432K, 58% used [0x00000000a0000000,0x00000000a2efca40,0x00000000a5080000)
 Metaspace       used 55733K, capacity 58934K, committed 59008K, reserved 1099776K
  class space    used 7654K, capacity 8565K, committed 8576K, reserved 1048576K
Event: 25.347 GC heap after
Heap after GC invocations=14 (full 3):
 PSYoungGen      total 211968K, used 0K [0x00000000e0000000, 0x00000000f2780000, 0x0000000100000000)
  eden space 189440K, 0% used [0x00000000e0000000,0x00000000e0000000,0x00000000eb900000)
  from space 22528K, 0% used [0x00000000eb900000,0x00000000eb900000,0x00000000ecf00000)
  to   space 24576K, 0% used [0x00000000f0f80000,0x00000000f0f80000,0x00000000f2780000)
 ParOldGen       total 159744K, used 62255K [0x00000000a0000000, 0x00000000a9c00000, 0x00000000e0000000)
  object space 159744K, 38% used [0x00000000a0000000,0x00000000a3ccbf40,0x00000000a9c00000)
 Metaspace       used 55733K, capacity 58934K, committed 59008K, reserved 1099776K
  class space    used 7654K, capacity 8565K, committed 8576K, reserved 1048576K
}
Event: 33.840 GC heap before
{Heap before GC invocations=15 (full 3):
 PSYoungGen      total 211968K, used 189440K [0x00000000e0000000, 0x00000000f2780000, 0x0000000100000000)
  eden space 189440K, 100% used [0x00000000e0000000,0x00000000eb900000,0x00000000eb900000)
  from space 22528K, 0% used [0x00000000eb900000,0x00000000eb900000,0x00000000ecf00000)
  to   space 24576K, 0% used [0x00000000f0f80000,0x00000000f0f80000,0x00000000f2780000)
 ParOldGen       total 159744K, used 62255K [0x00000000a0000000, 0x00000000a9c00000, 0x00000000e0000000)
  object space 159744K, 38% used [0x00000000a0000000,0x00000000a3ccbf40,0x00000000a9c00000)
 Metaspace       used 57868K, capacity 61290K, committed 61312K, reserved 1101824K
  class space    used 7893K, capacity 8823K, committed 8832K, reserved 1048576K
Event: 33.948 GC heap after
Heap after GC invocations=15 (full 3):
 PSYoungGen      total 249344K, used 14772K [0x00000000e0000000, 0x00000000f1e00000, 0x0000000100000000)
  eden space 234496K, 0% used [0x00000000e0000000,0x00000000e0000000,0x00000000ee500000)
  from space 14848K, 99% used [0x00000000f0f80000,0x00000000f1ded098,0x00000000f1e00000)
  to   space 24576K, 0% used [0x00000000eee00000,0x00000000eee00000,0x00000000f0600000)
 ParOldGen       total 159744K, used 62263K [0x00000000a0000000, 0x00000000a9c00000, 0x00000000e0000000)
  object space 159744K, 38% used [0x00000000a0000000,0x00000000a3ccdf40,0x00000000a9c00000)
 Metaspace       used 57868K, capacity 61290K, committed 61312K, reserved 1101824K
  class space    used 7893K, capacity 8823K, committed 8832K, reserved 1048576K
}
Event: 45.894 GC heap before
{Heap before GC invocations=16 (full 3):
 PSYoungGen      total 249344K, used 249268K [0x00000000e0000000, 0x00000000f1e00000, 0x0000000100000000)
  eden space 234496K, 100% used [0x00000000e0000000,0x00000000ee500000,0x00000000ee500000)
  from space 14848K, 99% used [0x00000000f0f80000,0x00000000f1ded098,0x00000000f1e00000)
  to   space 24576K, 0% used [0x00000000eee00000,0x00000000eee00000,0x00000000f0600000)
 ParOldGen       total 159744K, used 62263K [0x00000000a0000000, 0x00000000a9c00000, 0x00000000e0000000)
  object space 159744K, 38% used [0x00000000a0000000,0x00000000a3ccdf40,0x00000000a9c00000)
 Metaspace       used 64222K, capacity 67970K, committed 68096K, reserved 1107968K
  class space    used 8651K, capacity 9637K, committed 9728K, reserved 1048576K
Event: 46.050 GC heap after
Heap after GC invocations=16 (full 3):
 PSYoungGen      total 268288K, used 24560K [0x00000000e0000000, 0x00000000f4f80000, 0x0000000100000000)
  eden space 243712K, 0% used [0x00000000e0000000,0x00000000e0000000,0x00000000eee00000)
  from space 24576K, 99% used [0x00000000eee00000,0x00000000f05fc2a8,0x00000000f0600000)
  to   space 29184K, 0% used [0x00000000f3300000,0x00000000f3300000,0x00000000f4f80000)
 ParOldGen       total 159744K, used 65658K [0x00000000a0000000, 0x00000000a9c00000, 0x00000000e0000000)
  object space 159744K, 41% used [0x00000000a0000000,0x00000000a401e8c0,0x00000000a9c00000)
 Metaspace       used 64222K, capacity 67970K, committed 68096K, reserved 1107968K
  class space    used 8651K, capacity 9637K, committed 9728K, reserved 1048576K
}
Event: 53.415 GC heap before
{Heap before GC invocations=17 (full 3):
 PSYoungGen      total 268288K, used 268272K [0x00000000e0000000, 0x00000000f4f80000, 0x0000000100000000)
  eden space 243712K, 100% used [0x00000000e0000000,0x00000000eee00000,0x00000000eee00000)
  from space 24576K, 99% used [0x00000000eee00000,0x00000000f05fc2a8,0x00000000f0600000)
  to   space 29184K, 0% used [0x00000000f3300000,0x00000000f3300000,0x00000000f4f80000)
 ParOldGen       total 159744K, used 65658K [0x00000000a0000000, 0x00000000a9c00000, 0x00000000e0000000)
  object space 159744K, 41% used [0x00000000a0000000,0x00000000a401e8c0,0x00000000a9c00000)
 Metaspace       used 65472K, capacity 69192K, committed 69376K, reserved 1110016K
  class space    used 8728K, capacity 9702K, committed 9728K, reserved 1048576K

