# JRE version: OpenJDK Runtime Environment (8.0_152-b01) (build 1.8.0_152-release-1248-b01)
# Java VM: OpenJDK 64-Bit Server VM (25.152-b01 mixed mode linux-amd64 compressed oops)
Heap:
 PSYoungGen      total 410624K, used 0K [0x00000000e0000000, 0x0000000100000000, 0x0000000100000000)
  eden space 296960K, 0% used [0x00000000e0000000,0x00000000e0000000,0x00000000f2200000)
  from space 113664K, 0% used [0x00000000f2200000,0x00000000f2200000,0x00000000f9100000)
  to   space 111104K, 0% used [0x00000000f9380000,0x00000000f9380000,0x0000000100000000)
 ParOldGen       total 336896K, used 326243K [0x00000000a0000000, 0x00000000b4900000, 0x00000000e0000000)
  object space 336896K, 96% used [0x00000000a0000000,0x00000000b3e98ed8,0x00000000b4900000)
 Metaspace       used 77064K, capacity 81096K, committed 81328K, reserved 1120256K
  class space    used 10016K, capacity 11173K, committed 11184K, reserved 1048576K
GC Heap History (10 events):
Event: 32.939 GC heap after
Heap after GC invocations=19 (full 3):
 PSYoungGen      total 354304K, used 48127K [0x00000000e0000000, 0x00000000fef80000, 0x0000000100000000)
  eden space 306176K, 0% used [0x00000000e0000000,0x00000000e0000000,0x00000000f2b00000)
  from space 48128K, 99% used [0x00000000f7780000,0x00000000fa67fc28,0x00000000fa680000)
  to   space 78336K, 0% used [0x00000000f2b00000,0x00000000f2b00000,0x00000000f7780000)
 ParOldGen       total 173568K, used 173050K [0x00000000a0000000, 0x00000000aa980000, 0x00000000e0000000)
  object space 173568K, 99% used [0x00000000a0000000,0x00000000aa8fe920,0x00000000aa980000)
 Metaspace       used 74352K, capacity 78402K, committed 78640K, reserved 1116160K
  class space    used 9831K, capacity 10980K, committed 11056K, reserved 1048576K
}
Event: 32.940 GC heap before
{Heap before GC invocations=20 (full 4):
 PSYoungGen      total 354304K, used 48127K [0x00000000e0000000, 0x00000000fef80000, 0x0000000100000000)
  eden space 306176K, 0% used [0x00000000e0000000,0x00000000e0000000,0x00000000f2b00000)
  from space 48128K, 99% used [0x00000000f7780000,0x00000000fa67fc28,0x00000000fa680000)
  to   space 78336K, 0% used [0x00000000f2b00000,0x00000000f2b00000,0x00000000f7780000)
 ParOldGen       total 173568K, used 173050K [0x00000000a0000000, 0x00000000aa980000, 0x00000000e0000000)
  object space 173568K, 99% used [0x00000000a0000000,0x00000000aa8fe920,0x00000000aa980000)
 Metaspace       used 74352K, capacity 78402K, committed 78640K, reserved 1116160K
  class space    used 9831K, capacity 10980K, committed 11056K, reserved 1048576K
Event: 34.279 GC heap after
Heap after GC invocations=20 (full 4):
 PSYoungGen      total 354304K, used 15787K [0x00000000e0000000, 0x00000000fef80000, 0x0000000100000000)
  eden space 306176K, 0% used [0x00000000e0000000,0x00000000e0000000,0x00000000f2b00000)
  from space 48128K, 32% used [0x00000000f7780000,0x00000000f86eac48,0x00000000fa680000)
  to   space 78336K, 0% used [0x00000000f2b00000,0x00000000f2b00000,0x00000000f7780000)
 ParOldGen       total 336896K, used 173541K [0x00000000a0000000, 0x00000000b4900000, 0x00000000e0000000)
  object space 336896K, 51% used [0x00000000a0000000,0x00000000aa979468,0x00000000b4900000)
 Metaspace       used 74349K, capacity 78390K, committed 78640K, reserved 1116160K
  class space    used 9830K, capacity 10978K, committed 11056K, reserved 1048576K
}
Event: 36.054 GC heap before
{Heap before GC invocations=21 (full 4):
 PSYoungGen      total 354304K, used 321963K [0x00000000e0000000, 0x00000000fef80000, 0x0000000100000000)
  eden space 306176K, 100% used [0x00000000e0000000,0x00000000f2b00000,0x00000000f2b00000)
  from space 48128K, 32% used [0x00000000f7780000,0x00000000f86eac48,0x00000000fa680000)
  to   space 78336K, 0% used [0x00000000f2b00000,0x00000000f2b00000,0x00000000f7780000)
 ParOldGen       total 336896K, used 173541K [0x00000000a0000000, 0x00000000b4900000, 0x00000000e0000000)
  object space 336896K, 51% used [0x00000000a0000000,0x00000000aa979468,0x00000000b4900000)
 Metaspace       used 75003K, capacity 79048K, committed 79152K, reserved 1118208K
  class space    used 9882K, capacity 11045K, committed 11056K, reserved 1048576K
Event: 36.136 GC heap after
Heap after GC invocations=21 (full 4):
 PSYoungGen      total 384512K, used 31958K [0x00000000e0000000, 0x00000000fec80000, 0x0000000100000000)
  eden space 306176K, 0% used [0x00000000e0000000,0x00000000e0000000,0x00000000f2b00000)
  from space 78336K, 40% used [0x00000000f2b00000,0x00000000f4a35850,0x00000000f7780000)
  to   space 74752K, 0% used [0x00000000fa380000,0x00000000fa380000,0x00000000fec80000)
 ParOldGen       total 336896K, used 189379K [0x00000000a0000000, 0x00000000b4900000, 0x00000000e0000000)
  object space 336896K, 56% used [0x00000000a0000000,0x00000000ab8f0e58,0x00000000b4900000)
 Metaspace       used 75003K, capacity 79048K, committed 79152K, reserved 1118208K
  class space    used 9882K, capacity 11045K, committed 11056K, reserved 1048576K
}
Event: 38.807 GC heap before
{Heap before GC invocations=22 (full 4):
 PSYoungGen      total 384512K, used 338134K [0x00000000e0000000, 0x00000000fec80000, 0x0000000100000000)
  eden space 306176K, 100% used [0x00000000e0000000,0x00000000f2b00000,0x00000000f2b00000)
  from space 78336K, 40% used [0x00000000f2b00000,0x00000000f4a35850,0x00000000f7780000)
  to   space 74752K, 0% used [0x00000000fa380000,0x00000000fa380000,0x00000000fec80000)
 ParOldGen       total 336896K, used 189379K [0x00000000a0000000, 0x00000000b4900000, 0x00000000e0000000)
  object space 336896K, 56% used [0x00000000a0000000,0x00000000ab8f0e58,0x00000000b4900000)
 Metaspace       used 76446K, capacity 80520K, committed 80560K, reserved 1118208K
  class space    used 10003K, capacity 11173K, committed 11184K, reserved 1048576K
Event: 39.037 GC heap after
Heap after GC invocations=22 (full 4):
 PSYoungGen      total 371712K, used 74751K [0x00000000e0000000, 0x0000000100000000, 0x0000000100000000)
  eden space 296960K, 0% used [0x00000000e0000000,0x00000000e0000000,0x00000000f2200000)
  from space 74752K, 99% used [0x00000000fa380000,0x00000000fec7fc80,0x00000000fec80000)
  to   space 113664K, 0% used [0x00000000f2200000,0x00000000f2200000,0x00000000f9100000)
 ParOldGen       total 336896K, used 259924K [0x00000000a0000000, 0x00000000b4900000, 0x00000000e0000000)
  object space 336896K, 77% used [0x00000000a0000000,0x00000000afdd5140,0x00000000b4900000)
 Metaspace       used 76446K, capacity 80520K, committed 80560K, reserved 1118208K
  class space    used 10003K, capacity 11173K, committed 11184K, reserved 1048576K
}
Event: 41.898 GC heap before
{Heap before GC invocations=23 (full 4):
 PSYoungGen      total 371712K, used 371711K [0x00000000e0000000, 0x0000000100000000, 0x0000000100000000)
  eden space 296960K, 100% used [0x00000000e0000000,0x00000000f2200000,0x00000000f2200000)
  from space 74752K, 99% used [0x00000000fa380000,0x00000000fec7fc80,0x00000000fec80000)
  to   space 113664K, 0% used [0x00000000f2200000,0x00000000f2200000,0x00000000f9100000)
 ParOldGen       total 336896K, used 259924K [0x00000000a0000000, 0x00000000b4900000, 0x00000000e0000000)
  object space 336896K, 77% used [0x00000000a0000000,0x00000000afdd5140,0x00000000b4900000)
 Metaspace       used 77064K, capacity 81096K, committed 81328K, reserved 1120256K
  class space    used 10016K, capacity 11173K, committed 11184K, reserved 1048576K
Event: 42.051 GC heap after
Heap after GC invocations=23 (full 4):
 PSYoungGen      total 410624K, used 9873K [0x00000000e0000000, 0x0000000100000000, 0x0000000100000000)
  eden space 296960K, 0% used [0x00000000e0000000,0x00000000e0000000,0x00000000f2200000)
  from space 113664K, 8% used [0x00000000f2200000,0x00000000f2ba4528,0x00000000f9100000)
  to   space 111104K, 0% used [0x00000000f9380000,0x00000000f9380000,0x0000000100000000)
 ParOldGen       total 336896K, used 333859K [0x00000000a0000000, 0x00000000b4900000, 0x00000000e0000000)
  object space 336896K, 99% used [0x00000000a0000000,0x00000000b4608c40,0x00000000b4900000)
 Metaspace       used 77064K, capacity 81096K, committed 81328K, reserved 1120256K
  class space    used 10016K, capacity 11173K, committed 11184K, reserved 1048576K
}
Event: 42.052 GC heap before
{Heap before GC invocations=24 (full 5):
 PSYoungGen      total 410624K, used 9873K [0x00000000e0000000, 0x0000000100000000, 0x0000000100000000)
  eden space 296960K, 0% used [0x00000000e0000000,0x00000000e0000000,0x00000000f2200000)
  from space 113664K, 8% used [0x00000000f2200000,0x00000000f2ba4528,0x00000000f9100000)
  to   space 111104K, 0% used [0x00000000f9380000,0x00000000f9380000,0x0000000100000000)
 ParOldGen       total 336896K, used 333859K [0x00000000a0000000, 0x00000000b4900000, 0x00000000e0000000)
  object space 336896K, 99% used [0x00000000a0000000,0x00000000b4608c40,0x00000000b4900000)
 Metaspace       used 77064K, capacity 81096K, committed 81328K, reserved 1120256K
  class space    used 10016K, capacity 11173K, committed 11184K, reserved 1048576K

