# JRE version: OpenJDK Runtime Environment (8.0_152-b01) (build 1.8.0_152-release-1248-b01)
# Java VM: OpenJDK 64-Bit Server VM (25.152-b01 mixed mode linux-amd64 compressed oops)
Heap:
 PSYoungGen      total 279040K, used 0K [0x00000000e0000000, 0x0000000100000000, 0x0000000100000000)
  eden space 204800K, 0% used [0x00000000e0000000,0x00000000e0000000,0x00000000ec800000)
  from space 74240K, 0% used [0x00000000fb780000,0x00000000fb780000,0x0000000100000000)
  to   space 159744K, 0% used [0x00000000ec800000,0x00000000ec800000,0x00000000f6400000)
 ParOldGen       total 753152K, used 323373K [0x00000000a0000000, 0x00000000cdf80000, 0x00000000e0000000)
  object space 753152K, 42% used [0x00000000a0000000,0x00000000b3bcb690,0x00000000cdf80000)
 Metaspace       used 99854K, capacity 106382K, committed 110336K, reserved 1144832K
  class space    used 12171K, capacity 13714K, committed 14848K, reserved 1048576K
GC Heap History (10 events):
Event: 3883.455 GC heap after
Heap after GC invocations=294 (full 18):
 PSYoungGen      total 458240K, used 6738K [0x00000000e0000000, 0x00000000ffc00000, 0x0000000100000000)
  eden space 401408K, 0% used [0x00000000e0000000,0x00000000e0000000,0x00000000f8800000)
  from space 56832K, 11% used [0x00000000fc480000,0x00000000fcb14930,0x00000000ffc00000)
  to   space 59392K, 0% used [0x00000000f8800000,0x00000000f8800000,0x00000000fc200000)
 ParOldGen       total 753152K, used 566869K [0x00000000a0000000, 0x00000000cdf80000, 0x00000000e0000000)
  object space 753152K, 75% used [0x00000000a0000000,0x00000000c29955e0,0x00000000cdf80000)
 Metaspace       used 100521K, capacity 107482K, committed 108800K, reserved 1144832K
  class space    used 12342K, capacity 13997K, committed 14336K, reserved 1048576K
}
Event: 5554.928 GC heap before
{Heap before GC invocations=295 (full 18):
 PSYoungGen      total 458240K, used 408146K [0x00000000e0000000, 0x00000000ffc00000, 0x0000000100000000)
  eden space 401408K, 100% used [0x00000000e0000000,0x00000000f8800000,0x00000000f8800000)
  from space 56832K, 11% used [0x00000000fc480000,0x00000000fcb14930,0x00000000ffc00000)
  to   space 59392K, 0% used [0x00000000f8800000,0x00000000f8800000,0x00000000fc200000)
 ParOldGen       total 753152K, used 566869K [0x00000000a0000000, 0x00000000cdf80000, 0x00000000e0000000)
  object space 753152K, 75% used [0x00000000a0000000,0x00000000c29955e0,0x00000000cdf80000)
 Metaspace       used 101441K, capacity 109722K, committed 110336K, reserved 1144832K
  class space    used 12536K, capacity 14650K, committed 14848K, reserved 1048576K
Event: 5555.006 GC heap after
Heap after GC invocations=295 (full 18):
 PSYoungGen      total 444416K, used 42936K [0x00000000e0000000, 0x0000000100000000, 0x0000000100000000)
  eden space 401408K, 0% used [0x00000000e0000000,0x00000000e0000000,0x00000000f8800000)
  from space 43008K, 99% used [0x00000000f8800000,0x00000000fb1ee140,0x00000000fb200000)
  to   space 64512K, 0% used [0x00000000fc100000,0x00000000fc100000,0x0000000100000000)
 ParOldGen       total 753152K, used 567129K [0x00000000a0000000, 0x00000000cdf80000, 0x00000000e0000000)
  object space 753152K, 75% used [0x00000000a0000000,0x00000000c29d6640,0x00000000cdf80000)
 Metaspace       used 101441K, capacity 109722K, committed 110336K, reserved 1144832K
  class space    used 12536K, capacity 14650K, committed 14848K, reserved 1048576K
}
Event: 5559.872 GC heap before
{Heap before GC invocations=296 (full 18):
 PSYoungGen      total 444416K, used 444344K [0x00000000e0000000, 0x0000000100000000, 0x0000000100000000)
  eden space 401408K, 100% used [0x00000000e0000000,0x00000000f8800000,0x00000000f8800000)
  from space 43008K, 99% used [0x00000000f8800000,0x00000000fb1ee140,0x00000000fb200000)
  to   space 64512K, 0% used [0x00000000fc100000,0x00000000fc100000,0x0000000100000000)
 ParOldGen       total 753152K, used 567129K [0x00000000a0000000, 0x00000000cdf80000, 0x00000000e0000000)
  object space 753152K, 75% used [0x00000000a0000000,0x00000000c29d6640,0x00000000cdf80000)
 Metaspace       used 101508K, capacity 109884K, committed 110336K, reserved 1144832K
  class space    used 12551K, capacity 14677K, committed 14848K, reserved 1048576K
Event: 5559.987 GC heap after
Heap after GC invocations=296 (full 18):
 PSYoungGen      total 440320K, used 58938K [0x00000000e0000000, 0x0000000100000000, 0x0000000100000000)
  eden space 375808K, 0% used [0x00000000e0000000,0x00000000e0000000,0x00000000f6f00000)
  from space 64512K, 91% used [0x00000000fc100000,0x00000000ffa8ea88,0x0000000100000000)
  to   space 74240K, 0% used [0x00000000f6f00000,0x00000000f6f00000,0x00000000fb780000)
 ParOldGen       total 753152K, used 567129K [0x00000000a0000000, 0x00000000cdf80000, 0x00000000e0000000)
  object space 753152K, 75% used [0x00000000a0000000,0x00000000c29d6640,0x00000000cdf80000)
 Metaspace       used 101508K, capacity 109884K, committed 110336K, reserved 1144832K
  class space    used 12551K, capacity 14677K, committed 14848K, reserved 1048576K
}
Event: 5562.099 GC heap before
{Heap before GC invocations=297 (full 18):
 PSYoungGen      total 440320K, used 434746K [0x00000000e0000000, 0x0000000100000000, 0x0000000100000000)
  eden space 375808K, 100% used [0x00000000e0000000,0x00000000f6f00000,0x00000000f6f00000)
  from space 64512K, 91% used [0x00000000fc100000,0x00000000ffa8ea88,0x0000000100000000)
  to   space 74240K, 0% used [0x00000000f6f00000,0x00000000f6f00000,0x00000000fb780000)
 ParOldGen       total 753152K, used 567129K [0x00000000a0000000, 0x00000000cdf80000, 0x00000000e0000000)
  object space 753152K, 75% used [0x00000000a0000000,0x00000000c29d6640,0x00000000cdf80000)
 Metaspace       used 101518K, capacity 109884K, committed 110336K, reserved 1144832K
  class space    used 12551K, capacity 14677K, committed 14848K, reserved 1048576K
Event: 5562.267 GC heap after
Heap after GC invocations=297 (full 18):
 PSYoungGen      total 450048K, used 74226K [0x00000000e0000000, 0x0000000100000000, 0x0000000100000000)
  eden space 375808K, 0% used [0x00000000e0000000,0x00000000e0000000,0x00000000f6f00000)
  from space 74240K, 99% used [0x00000000f6f00000,0x00000000fb77c888,0x00000000fb780000)
  to   space 74240K, 0% used [0x00000000fb780000,0x00000000fb780000,0x0000000100000000)
 ParOldGen       total 753152K, used 623964K [0x00000000a0000000, 0x00000000cdf80000, 0x00000000e0000000)
  object space 753152K, 82% used [0x00000000a0000000,0x00000000c61572f8,0x00000000cdf80000)
 Metaspace       used 101518K, capacity 109884K, committed 110336K, reserved 1144832K
  class space    used 12551K, capacity 14677K, committed 14848K, reserved 1048576K
}
Event: 5564.124 GC heap before
{Heap before GC invocations=298 (full 18):
 PSYoungGen      total 450048K, used 450034K [0x00000000e0000000, 0x0000000100000000, 0x0000000100000000)
  eden space 375808K, 100% used [0x00000000e0000000,0x00000000f6f00000,0x00000000f6f00000)
  from space 74240K, 99% used [0x00000000f6f00000,0x00000000fb77c888,0x00000000fb780000)
  to   space 74240K, 0% used [0x00000000fb780000,0x00000000fb780000,0x0000000100000000)
 ParOldGen       total 753152K, used 623964K [0x00000000a0000000, 0x00000000cdf80000, 0x00000000e0000000)
  object space 753152K, 82% used [0x00000000a0000000,0x00000000c61572f8,0x00000000cdf80000)
 Metaspace       used 101518K, capacity 109884K, committed 110336K, reserved 1144832K
  class space    used 12551K, capacity 14677K, committed 14848K, reserved 1048576K
Event: 5564.407 GC heap after
Heap after GC invocations=298 (full 18):
 PSYoungGen      total 279040K, used 74222K [0x00000000e0000000, 0x0000000100000000, 0x0000000100000000)
  eden space 204800K, 0% used [0x00000000e0000000,0x00000000e0000000,0x00000000ec800000)
  from space 74240K, 99% used [0x00000000fb780000,0x00000000ffffbbe8,0x0000000100000000)
  to   space 159744K, 0% used [0x00000000ec800000,0x00000000ec800000,0x00000000f6400000)
 ParOldGen       total 753152K, used 743860K [0x00000000a0000000, 0x00000000cdf80000, 0x00000000e0000000)
  object space 753152K, 98% used [0x00000000a0000000,0x00000000cd66d228,0x00000000cdf80000)
 Metaspace       used 101518K, capacity 109884K, committed 110336K, reserved 1144832K
  class space    used 12551K, capacity 14677K, committed 14848K, reserved 1048576K
}
Event: 5564.409 GC heap before
{Heap before GC invocations=299 (full 19):
 PSYoungGen      total 279040K, used 74222K [0x00000000e0000000, 0x0000000100000000, 0x0000000100000000)
  eden space 204800K, 0% used [0x00000000e0000000,0x00000000e0000000,0x00000000ec800000)
  from space 74240K, 99% used [0x00000000fb780000,0x00000000ffffbbe8,0x0000000100000000)
  to   space 159744K, 0% used [0x00000000ec800000,0x00000000ec800000,0x00000000f6400000)
 ParOldGen       total 753152K, used 743860K [0x00000000a0000000, 0x00000000cdf80000, 0x00000000e0000000)
  object space 753152K, 98% used [0x00000000a0000000,0x00000000cd66d228,0x00000000cdf80000)
 Metaspace       used 101518K, capacity 109884K, committed 110336K, reserved 1144832K
  class space    used 12551K, capacity 14677K, committed 14848K, reserved 1048576K

