# JRE version: OpenJDK Runtime Environment (8.0_152-b06) (build 1.8.0_152-release-1136-b06)
# Java VM: OpenJDK 64-Bit Server VM (25.152-b06 mixed mode linux-amd64 compressed oops)
Heap:
 PSYoungGen      total 375808K, used 6720K [0x00000000e0000000, 0x0000000100000000, 0x0000000100000000)
  eden space 243712K, 0% used [0x00000000e0000000,0x00000000e0000000,0x00000000eee00000)
  from space 132096K, 5% used [0x00000000f7f00000,0x00000000f8590220,0x0000000100000000)
  to   space 140288K, 0% used [0x00000000eee00000,0x00000000eee00000,0x00000000f7700000)
 ParOldGen       total 282624K, used 282331K [0x00000000a0000000, 0x00000000b1400000, 0x00000000e0000000)
  object space 282624K, 99% used [0x00000000a0000000,0x00000000b13b6d80,0x00000000b1400000)
 Metaspace       used 71090K, capacity 75000K, committed 75264K, reserved 1114112K
  class space    used 9237K, capacity 10210K, committed 10240K, reserved 1048576K
GC Heap History (10 events):
Event: 82.814 GC heap after
Heap after GC invocations=23 (full 5):
 PSYoungGen      total 370688K, used 0K [0x00000000e0000000, 0x0000000100000000, 0x0000000100000000)
  eden space 268288K, 0% used [0x00000000e0000000,0x00000000e0000000,0x00000000f0600000)
  from space 102400K, 0% used [0x00000000f9c00000,0x00000000f9c00000,0x0000000100000000)
  to   space 128000K, 0% used [0x00000000f0600000,0x00000000f0600000,0x00000000f8300000)
 ParOldGen       total 282624K, used 90349K [0x00000000a0000000, 0x00000000b1400000, 0x00000000e0000000)
  object space 282624K, 31% used [0x00000000a0000000,0x00000000a583b4f0,0x00000000b1400000)
 Metaspace       used 68993K, capacity 72782K, committed 73856K, reserved 1114112K
  class space    used 8974K, capacity 9969K, committed 10112K, reserved 1048576K
}
Event: 89.418 GC heap before
{Heap before GC invocations=24 (full 5):
 PSYoungGen      total 370688K, used 268288K [0x00000000e0000000, 0x0000000100000000, 0x0000000100000000)
  eden space 268288K, 100% used [0x00000000e0000000,0x00000000f0600000,0x00000000f0600000)
  from space 102400K, 0% used [0x00000000f9c00000,0x00000000f9c00000,0x0000000100000000)
  to   space 128000K, 0% used [0x00000000f0600000,0x00000000f0600000,0x00000000f8300000)
 ParOldGen       total 282624K, used 90349K [0x00000000a0000000, 0x00000000b1400000, 0x00000000e0000000)
  object space 282624K, 31% used [0x00000000a0000000,0x00000000a583b4f0,0x00000000b1400000)
 Metaspace       used 69700K, capacity 73602K, committed 73856K, reserved 1114112K
  class space    used 9047K, capacity 10031K, committed 10112K, reserved 1048576K
Event: 89.536 GC heap after
Heap after GC invocations=24 (full 5):
 PSYoungGen      total 396288K, used 22977K [0x00000000e0000000, 0x0000000100000000, 0x0000000100000000)
  eden space 268288K, 0% used [0x00000000e0000000,0x00000000e0000000,0x00000000f0600000)
  from space 128000K, 17% used [0x00000000f0600000,0x00000000f1c704e0,0x00000000f8300000)
  to   space 123392K, 0% used [0x00000000f8780000,0x00000000f8780000,0x0000000100000000)
 ParOldGen       total 282624K, used 90357K [0x00000000a0000000, 0x00000000b1400000, 0x00000000e0000000)
  object space 282624K, 31% used [0x00000000a0000000,0x00000000a583d4f0,0x00000000b1400000)
 Metaspace       used 69700K, capacity 73602K, committed 73856K, reserved 1114112K
  class space    used 9047K, capacity 10031K, committed 10112K, reserved 1048576K
}
Event: 97.599 GC heap before
{Heap before GC invocations=25 (full 5):
 PSYoungGen      total 396288K, used 291265K [0x00000000e0000000, 0x0000000100000000, 0x0000000100000000)
  eden space 268288K, 100% used [0x00000000e0000000,0x00000000f0600000,0x00000000f0600000)
  from space 128000K, 17% used [0x00000000f0600000,0x00000000f1c704e0,0x00000000f8300000)
  to   space 123392K, 0% used [0x00000000f8780000,0x00000000f8780000,0x0000000100000000)
 ParOldGen       total 282624K, used 90357K [0x00000000a0000000, 0x00000000b1400000, 0x00000000e0000000)
  object space 282624K, 31% used [0x00000000a0000000,0x00000000a583d4f0,0x00000000b1400000)
 Metaspace       used 70103K, capacity 74008K, committed 74240K, reserved 1114112K
  class space    used 9106K, capacity 10050K, committed 10240K, reserved 1048576K
Event: 97.732 GC heap after
Heap after GC invocations=25 (full 5):
 PSYoungGen      total 384512K, used 12546K [0x00000000e0000000, 0x00000000ff480000, 0x0000000100000000)
  eden space 272896K, 0% used [0x00000000e0000000,0x00000000e0000000,0x00000000f0a80000)
  from space 111616K, 11% used [0x00000000f8780000,0x00000000f93c0808,0x00000000ff480000)
  to   space 119808K, 0% used [0x00000000f0a80000,0x00000000f0a80000,0x00000000f7f80000)
 ParOldGen       total 282624K, used 109091K [0x00000000a0000000, 0x00000000b1400000, 0x00000000e0000000)
  object space 282624K, 38% used [0x00000000a0000000,0x00000000a6a88fd8,0x00000000b1400000)
 Metaspace       used 70103K, capacity 74008K, committed 74240K, reserved 1114112K
  class space    used 9106K, capacity 10050K, committed 10240K, reserved 1048576K
}
Event: 99.568 GC heap before
{Heap before GC invocations=26 (full 5):
 PSYoungGen      total 384512K, used 285442K [0x00000000e0000000, 0x00000000ff480000, 0x0000000100000000)
  eden space 272896K, 100% used [0x00000000e0000000,0x00000000f0a80000,0x00000000f0a80000)
  from space 111616K, 11% used [0x00000000f8780000,0x00000000f93c0808,0x00000000ff480000)
  to   space 119808K, 0% used [0x00000000f0a80000,0x00000000f0a80000,0x00000000f7f80000)
 ParOldGen       total 282624K, used 109091K [0x00000000a0000000, 0x00000000b1400000, 0x00000000e0000000)
  object space 282624K, 38% used [0x00000000a0000000,0x00000000a6a88fd8,0x00000000b1400000)
 Metaspace       used 70843K, capacity 74776K, committed 75008K, reserved 1114112K
  class space    used 9214K, capacity 10178K, committed 10240K, reserved 1048576K
Event: 99.796 GC heap after
Heap after GC invocations=26 (full 5):
 PSYoungGen      total 366592K, used 93363K [0x00000000e0000000, 0x0000000100000000, 0x0000000100000000)
  eden space 272896K, 0% used [0x00000000e0000000,0x00000000e0000000,0x00000000f0a80000)
  from space 93696K, 99% used [0x00000000f0a80000,0x00000000f65ace78,0x00000000f6600000)
  to   space 132096K, 0% used [0x00000000f7f00000,0x00000000f7f00000,0x0000000100000000)
 ParOldGen       total 282624K, used 119347K [0x00000000a0000000, 0x00000000b1400000, 0x00000000e0000000)
  object space 282624K, 42% used [0x00000000a0000000,0x00000000a748cc70,0x00000000b1400000)
 Metaspace       used 70843K, capacity 74776K, committed 75008K, reserved 1114112K
  class space    used 9214K, capacity 10178K, committed 10240K, reserved 1048576K
}
Event: 103.604 GC heap before
{Heap before GC invocations=27 (full 5):
 PSYoungGen      total 366592K, used 366259K [0x00000000e0000000, 0x0000000100000000, 0x0000000100000000)
  eden space 272896K, 100% used [0x00000000e0000000,0x00000000f0a80000,0x00000000f0a80000)
  from space 93696K, 99% used [0x00000000f0a80000,0x00000000f65ace78,0x00000000f6600000)
  to   space 132096K, 0% used [0x00000000f7f00000,0x00000000f7f00000,0x0000000100000000)
 ParOldGen       total 282624K, used 119347K [0x00000000a0000000, 0x00000000b1400000, 0x00000000e0000000)
  object space 282624K, 42% used [0x00000000a0000000,0x00000000a748cc70,0x00000000b1400000)
 Metaspace       used 71090K, capacity 75000K, committed 75264K, reserved 1114112K
  class space    used 9237K, capacity 10210K, committed 10240K, reserved 1048576K
Event: 104.031 GC heap after
Heap after GC invocations=27 (full 5):
 PSYoungGen      total 375808K, used 89787K [0x00000000e0000000, 0x0000000100000000, 0x0000000100000000)
  eden space 243712K, 0% used [0x00000000e0000000,0x00000000e0000000,0x00000000eee00000)
  from space 132096K, 67% used [0x00000000f7f00000,0x00000000fd6aed78,0x0000000100000000)
  to   space 140288K, 0% used [0x00000000eee00000,0x00000000eee00000,0x00000000f7700000)
 ParOldGen       total 282624K, used 203667K [0x00000000a0000000, 0x00000000b1400000, 0x00000000e0000000)
  object space 282624K, 72% used [0x00000000a0000000,0x00000000ac6e4df0,0x00000000b1400000)
 Metaspace       used 71090K, capacity 75000K, committed 75264K, reserved 1114112K
  class space    used 9237K, capacity 10210K, committed 10240K, reserved 1048576K
}
Event: 104.031 GC heap before
{Heap before GC invocations=28 (full 6):
 PSYoungGen      total 375808K, used 89787K [0x00000000e0000000, 0x0000000100000000, 0x0000000100000000)
  eden space 243712K, 0% used [0x00000000e0000000,0x00000000e0000000,0x00000000eee00000)
  from space 132096K, 67% used [0x00000000f7f00000,0x00000000fd6aed78,0x0000000100000000)
  to   space 140288K, 0% used [0x00000000eee00000,0x00000000eee00000,0x00000000f7700000)
 ParOldGen       total 282624K, used 203667K [0x00000000a0000000, 0x00000000b1400000, 0x00000000e0000000)
  object space 282624K, 72% used [0x00000000a0000000,0x00000000ac6e4df0,0x00000000b1400000)
 Metaspace       used 71090K, capacity 75000K, committed 75264K, reserved 1114112K
  class space    used 9237K, capacity 10210K, committed 10240K, reserved 1048576K

