# JRE version: OpenJDK Runtime Environment (8.0_152-b01) (build 1.8.0_152-release-1024-b01)
# Java VM: OpenJDK 64-Bit Server VM (25.152-b01 mixed mode linux-amd64 compressed oops)
Heap:
 PSYoungGen      total 333824K, used 0K [0x00000000e0000000, 0x0000000100000000, 0x0000000100000000)
  eden space 229376K, 0% used [0x00000000e0000000,0x00000000e0000000,0x00000000ee000000)
  from space 104448K, 0% used [0x00000000f9a00000,0x00000000f9a00000,0x0000000100000000)
  to   space 147456K, 0% used [0x00000000ee000000,0x00000000ee000000,0x00000000f7000000)
 ParOldGen       total 946176K, used 318002K [0x00000000a0000000, 0x00000000d9c00000, 0x00000000e0000000)
  object space 946176K, 33% used [0x00000000a0000000,0x00000000b368c858,0x00000000d9c00000)
 Metaspace       used 94085K, capacity 101758K, committed 105560K, reserved 1140736K
  class space    used 11482K, capacity 13222K, committed 14208K, reserved 1048576K
GC Heap History (10 events):
Event: 19727.669 GC heap after
Heap after GC invocations=814 (full 36):
 PSYoungGen      total 409600K, used 43003K [0x00000000e0000000, 0x0000000100000000, 0x0000000100000000)
  eden space 366592K, 0% used [0x00000000e0000000,0x00000000e0000000,0x00000000f6600000)
  from space 43008K, 99% used [0x00000000fd600000,0x00000000ffffee28,0x0000000100000000)
  to   space 78848K, 0% used [0x00000000f6600000,0x00000000f6600000,0x00000000fb300000)
 ParOldGen       total 946176K, used 592942K [0x00000000a0000000, 0x00000000d9c00000, 0x00000000e0000000)
  object space 946176K, 62% used [0x00000000a0000000,0x00000000c430b908,0x00000000d9c00000)
 Metaspace       used 95134K, capacity 104062K, committed 104920K, reserved 1140736K
  class space    used 11705K, capacity 13897K, committed 14080K, reserved 1048576K
}
Event: 19730.776 GC heap before
{Heap before GC invocations=815 (full 36):
 PSYoungGen      total 409600K, used 409595K [0x00000000e0000000, 0x0000000100000000, 0x0000000100000000)
  eden space 366592K, 100% used [0x00000000e0000000,0x00000000f6600000,0x00000000f6600000)
  from space 43008K, 99% used [0x00000000fd600000,0x00000000ffffee28,0x0000000100000000)
  to   space 78848K, 0% used [0x00000000f6600000,0x00000000f6600000,0x00000000fb300000)
 ParOldGen       total 946176K, used 592942K [0x00000000a0000000, 0x00000000d9c00000, 0x00000000e0000000)
  object space 946176K, 62% used [0x00000000a0000000,0x00000000c430b908,0x00000000d9c00000)
 Metaspace       used 95644K, capacity 104566K, committed 105560K, reserved 1140736K
  class space    used 11743K, capacity 13933K, committed 14208K, reserved 1048576K
Event: 19731.826 GC heap after
Heap after GC invocations=815 (full 36):
 PSYoungGen      total 445440K, used 78833K [0x00000000e0000000, 0x0000000100000000, 0x0000000100000000)
  eden space 366592K, 0% used [0x00000000e0000000,0x00000000e0000000,0x00000000f6600000)
  from space 78848K, 99% used [0x00000000f6600000,0x00000000fb2fc5d0,0x00000000fb300000)
  to   space 78848K, 0% used [0x00000000fb300000,0x00000000fb300000,0x0000000100000000)
 ParOldGen       total 946176K, used 632507K [0x00000000a0000000, 0x00000000d9c00000, 0x00000000e0000000)
  object space 946176K, 66% used [0x00000000a0000000,0x00000000c69aee40,0x00000000d9c00000)
 Metaspace       used 95644K, capacity 104566K, committed 105560K, reserved 1140736K
  class space    used 11743K, capacity 13933K, committed 14208K, reserved 1048576K
}
Event: 19735.400 GC heap before
{Heap before GC invocations=816 (full 36):
 PSYoungGen      total 445440K, used 445425K [0x00000000e0000000, 0x0000000100000000, 0x0000000100000000)
  eden space 366592K, 100% used [0x00000000e0000000,0x00000000f6600000,0x00000000f6600000)
  from space 78848K, 99% used [0x00000000f6600000,0x00000000fb2fc5d0,0x00000000fb300000)
  to   space 78848K, 0% used [0x00000000fb300000,0x00000000fb300000,0x0000000100000000)
 ParOldGen       total 946176K, used 632507K [0x00000000a0000000, 0x00000000d9c00000, 0x00000000e0000000)
  object space 946176K, 66% used [0x00000000a0000000,0x00000000c69aee40,0x00000000d9c00000)
 Metaspace       used 95659K, capacity 104566K, committed 105560K, reserved 1140736K
  class space    used 11743K, capacity 13933K, committed 14208K, reserved 1048576K
Event: 19736.985 GC heap after
Heap after GC invocations=816 (full 36):
 PSYoungGen      total 394240K, used 45449K [0x00000000e0000000, 0x0000000100000000, 0x0000000100000000)
  eden space 315392K, 0% used [0x00000000e0000000,0x00000000e0000000,0x00000000f3400000)
  from space 78848K, 57% used [0x00000000fb300000,0x00000000fdf625f8,0x0000000100000000)
  to   space 104448K, 0% used [0x00000000f3400000,0x00000000f3400000,0x00000000f9a00000)
 ParOldGen       total 946176K, used 710915K [0x00000000a0000000, 0x00000000d9c00000, 0x00000000e0000000)
  object space 946176K, 75% used [0x00000000a0000000,0x00000000cb640c50,0x00000000d9c00000)
 Metaspace       used 95659K, capacity 104566K, committed 105560K, reserved 1140736K
  class space    used 11743K, capacity 13933K, committed 14208K, reserved 1048576K
}
Event: 19739.097 GC heap before
{Heap before GC invocations=817 (full 36):
 PSYoungGen      total 394240K, used 360841K [0x00000000e0000000, 0x0000000100000000, 0x0000000100000000)
  eden space 315392K, 100% used [0x00000000e0000000,0x00000000f3400000,0x00000000f3400000)
  from space 78848K, 57% used [0x00000000fb300000,0x00000000fdf625f8,0x0000000100000000)
  to   space 104448K, 0% used [0x00000000f3400000,0x00000000f3400000,0x00000000f9a00000)
 ParOldGen       total 946176K, used 710915K [0x00000000a0000000, 0x00000000d9c00000, 0x00000000e0000000)
  object space 946176K, 75% used [0x00000000a0000000,0x00000000cb640c50,0x00000000d9c00000)
 Metaspace       used 95661K, capacity 104566K, committed 105560K, reserved 1140736K
  class space    used 11743K, capacity 13933K, committed 14208K, reserved 1048576K
Event: 19741.022 GC heap after
Heap after GC invocations=817 (full 36):
 PSYoungGen      total 419840K, used 104419K [0x00000000e0000000, 0x0000000100000000, 0x0000000100000000)
  eden space 315392K, 0% used [0x00000000e0000000,0x00000000e0000000,0x00000000f3400000)
  from space 104448K, 99% used [0x00000000f3400000,0x00000000f99f8fc0,0x00000000f9a00000)
  to   space 104448K, 0% used [0x00000000f9a00000,0x00000000f9a00000,0x0000000100000000)
 ParOldGen       total 946176K, used 775945K [0x00000000a0000000, 0x00000000d9c00000, 0x00000000e0000000)
  object space 946176K, 82% used [0x00000000a0000000,0x00000000cf5c26a8,0x00000000d9c00000)
 Metaspace       used 95661K, capacity 104566K, committed 105560K, reserved 1140736K
  class space    used 11743K, capacity 13933K, committed 14208K, reserved 1048576K
}
Event: 19743.329 GC heap before
{Heap before GC invocations=818 (full 36):
 PSYoungGen      total 419840K, used 419811K [0x00000000e0000000, 0x0000000100000000, 0x0000000100000000)
  eden space 315392K, 100% used [0x00000000e0000000,0x00000000f3400000,0x00000000f3400000)
  from space 104448K, 99% used [0x00000000f3400000,0x00000000f99f8fc0,0x00000000f9a00000)
  to   space 104448K, 0% used [0x00000000f9a00000,0x00000000f9a00000,0x0000000100000000)
 ParOldGen       total 946176K, used 775945K [0x00000000a0000000, 0x00000000d9c00000, 0x00000000e0000000)
  object space 946176K, 82% used [0x00000000a0000000,0x00000000cf5c26a8,0x00000000d9c00000)
 Metaspace       used 95661K, capacity 104566K, committed 105560K, reserved 1140736K
  class space    used 11743K, capacity 13933K, committed 14208K, reserved 1048576K
Event: 19744.850 GC heap after
Heap after GC invocations=818 (full 36):
 PSYoungGen      total 333824K, used 78336K [0x00000000e0000000, 0x0000000100000000, 0x0000000100000000)
  eden space 229376K, 0% used [0x00000000e0000000,0x00000000e0000000,0x00000000ee000000)
  from space 104448K, 75% used [0x00000000f9a00000,0x00000000fe680000,0x0000000100000000)
  to   space 147456K, 0% used [0x00000000ee000000,0x00000000ee000000,0x00000000f7000000)
 ParOldGen       total 946176K, used 855036K [0x00000000a0000000, 0x00000000d9c00000, 0x00000000e0000000)
  object space 946176K, 90% used [0x00000000a0000000,0x00000000d42ff348,0x00000000d9c00000)
 Metaspace       used 95661K, capacity 104566K, committed 105560K, reserved 1140736K
  class space    used 11743K, capacity 13933K, committed 14208K, reserved 1048576K
}
Event: 19744.850 GC heap before
{Heap before GC invocations=819 (full 37):
 PSYoungGen      total 333824K, used 78336K [0x00000000e0000000, 0x0000000100000000, 0x0000000100000000)
  eden space 229376K, 0% used [0x00000000e0000000,0x00000000e0000000,0x00000000ee000000)
  from space 104448K, 75% used [0x00000000f9a00000,0x00000000fe680000,0x0000000100000000)
  to   space 147456K, 0% used [0x00000000ee000000,0x00000000ee000000,0x00000000f7000000)
 ParOldGen       total 946176K, used 855036K [0x00000000a0000000, 0x00000000d9c00000, 0x00000000e0000000)
  object space 946176K, 90% used [0x00000000a0000000,0x00000000d42ff348,0x00000000d9c00000)
 Metaspace       used 95661K, capacity 104566K, committed 105560K, reserved 1140736K
  class space    used 11743K, capacity 13933K, committed 14208K, reserved 1048576K

