# JRE version: OpenJDK Runtime Environment (8.0_152-b01) (build 1.8.0_152-release-1024-b01)
# Java VM: OpenJDK 64-Bit Server VM (25.152-b01 mixed mode linux-amd64 compressed oops)
Heap:
 PSYoungGen      total 328192K, used 35324K [0x00000000e0000000, 0x00000000f6300000, 0x0000000100000000)
  eden space 292864K, 0% used [0x00000000e0000000,0x00000000e0000000,0x00000000f1e00000)
  from space 35328K, 99% used [0x00000000f1e00000,0x00000000f407f310,0x00000000f4080000)
  to   space 24576K, 0% used [0x00000000f4b00000,0x00000000f4b00000,0x00000000f6300000)
 ParOldGen       total 171520K, used 110269K [0x00000000a0000000, 0x00000000aa780000, 0x00000000e0000000)
  object space 171520K, 64% used [0x00000000a0000000,0x00000000a6baf7f0,0x00000000aa780000)
 Metaspace       used 63313K, capacity 67020K, committed 67288K, reserved 1107968K
  class space    used 8447K, capacity 9354K, committed 9472K, reserved 1048576K
GC Heap History (10 events):
Event: 17.811 GC heap after
Heap after GC invocations=9 (full 2):
 PSYoungGen      total 196096K, used 14827K [0x00000000e0000000, 0x00000000f1680000, 0x0000000100000000)
  eden space 181248K, 0% used [0x00000000e0000000,0x00000000e0000000,0x00000000eb100000)
  from space 14848K, 99% used [0x00000000eb100000,0x00000000ebf7af38,0x00000000ebf80000)
  to   space 18432K, 0% used [0x00000000f0480000,0x00000000f0480000,0x00000000f1680000)
 ParOldGen       total 99840K, used 23095K [0x00000000a0000000, 0x00000000a6180000, 0x00000000e0000000)
  object space 99840K, 23% used [0x00000000a0000000,0x00000000a168dd70,0x00000000a6180000)
 Metaspace       used 46104K, capacity 47092K, committed 47320K, reserved 1089536K
  class space    used 6266K, capacity 6583K, committed 6656K, reserved 1048576K
}
Event: 21.540 GC heap before
{Heap before GC invocations=10 (full 2):
 PSYoungGen      total 196096K, used 196075K [0x00000000e0000000, 0x00000000f1680000, 0x0000000100000000)
  eden space 181248K, 100% used [0x00000000e0000000,0x00000000eb100000,0x00000000eb100000)
  from space 14848K, 99% used [0x00000000eb100000,0x00000000ebf7af38,0x00000000ebf80000)
  to   space 18432K, 0% used [0x00000000f0480000,0x00000000f0480000,0x00000000f1680000)
 ParOldGen       total 99840K, used 23095K [0x00000000a0000000, 0x00000000a6180000, 0x00000000e0000000)
  object space 99840K, 23% used [0x00000000a0000000,0x00000000a168dd70,0x00000000a6180000)
 Metaspace       used 52922K, capacity 54826K, committed 55128K, reserved 1097728K
  class space    used 7224K, capacity 7682K, committed 7808K, reserved 1048576K
Event: 21.596 GC heap after
Heap after GC invocations=10 (full 2):
 PSYoungGen      total 261120K, used 18414K [0x00000000e0000000, 0x00000000f2100000, 0x0000000100000000)
  eden space 242688K, 0% used [0x00000000e0000000,0x00000000e0000000,0x00000000eed00000)
  from space 18432K, 99% used [0x00000000f0480000,0x00000000f167bbd8,0x00000000f1680000)
  to   space 24064K, 0% used [0x00000000eed00000,0x00000000eed00000,0x00000000f0480000)
 ParOldGen       total 99840K, used 29186K [0x00000000a0000000, 0x00000000a6180000, 0x00000000e0000000)
  object space 99840K, 29% used [0x00000000a0000000,0x00000000a1c80af8,0x00000000a6180000)
 Metaspace       used 52922K, capacity 54826K, committed 55128K, reserved 1097728K
  class space    used 7224K, capacity 7682K, committed 7808K, reserved 1048576K
}
Event: 25.932 GC heap before
{Heap before GC invocations=11 (full 2):
 PSYoungGen      total 261120K, used 137112K [0x00000000e0000000, 0x00000000f2100000, 0x0000000100000000)
  eden space 242688K, 48% used [0x00000000e0000000,0x00000000e73ea710,0x00000000eed00000)
  from space 18432K, 99% used [0x00000000f0480000,0x00000000f167bbd8,0x00000000f1680000)
  to   space 24064K, 0% used [0x00000000eed00000,0x00000000eed00000,0x00000000f0480000)
 ParOldGen       total 99840K, used 29186K [0x00000000a0000000, 0x00000000a6180000, 0x00000000e0000000)
  object space 99840K, 29% used [0x00000000a0000000,0x00000000a1c80af8,0x00000000a6180000)
 Metaspace       used 55772K, capacity 58852K, committed 58968K, reserved 1099776K
  class space    used 7597K, capacity 8460K, committed 8576K, reserved 1048576K
Event: 26.065 GC heap after
Heap after GC invocations=11 (full 2):
 PSYoungGen      total 266752K, used 24034K [0x00000000e0000000, 0x00000000f6e00000, 0x0000000100000000)
  eden space 242688K, 0% used [0x00000000e0000000,0x00000000e0000000,0x00000000eed00000)
  from space 24064K, 99% used [0x00000000eed00000,0x00000000f0478918,0x00000000f0480000)
  to   space 35840K, 0% used [0x00000000f4b00000,0x00000000f4b00000,0x00000000f6e00000)
 ParOldGen       total 99840K, used 50012K [0x00000000a0000000, 0x00000000a6180000, 0x00000000e0000000)
  object space 99840K, 50% used [0x00000000a0000000,0x00000000a30d7178,0x00000000a6180000)
 Metaspace       used 55772K, capacity 58852K, committed 58968K, reserved 1099776K
  class space    used 7597K, capacity 8460K, committed 8576K, reserved 1048576K
}
Event: 26.065 GC heap before
{Heap before GC invocations=12 (full 3):
 PSYoungGen      total 266752K, used 24034K [0x00000000e0000000, 0x00000000f6e00000, 0x0000000100000000)
  eden space 242688K, 0% used [0x00000000e0000000,0x00000000e0000000,0x00000000eed00000)
  from space 24064K, 99% used [0x00000000eed00000,0x00000000f0478918,0x00000000f0480000)
  to   space 35840K, 0% used [0x00000000f4b00000,0x00000000f4b00000,0x00000000f6e00000)
 ParOldGen       total 99840K, used 50012K [0x00000000a0000000, 0x00000000a6180000, 0x00000000e0000000)
  object space 99840K, 50% used [0x00000000a0000000,0x00000000a30d7178,0x00000000a6180000)
 Metaspace       used 55772K, capacity 58852K, committed 58968K, reserved 1099776K
  class space    used 7597K, capacity 8460K, committed 8576K, reserved 1048576K
Event: 26.694 GC heap after
Heap after GC invocations=12 (full 3):
 PSYoungGen      total 266752K, used 0K [0x00000000e0000000, 0x00000000f6e00000, 0x0000000100000000)
  eden space 242688K, 0% used [0x00000000e0000000,0x00000000e0000000,0x00000000eed00000)
  from space 24064K, 0% used [0x00000000eed00000,0x00000000eed00000,0x00000000f0480000)
  to   space 35840K, 0% used [0x00000000f4b00000,0x00000000f4b00000,0x00000000f6e00000)
 ParOldGen       total 171520K, used 58547K [0x00000000a0000000, 0x00000000aa780000, 0x00000000e0000000)
  object space 171520K, 34% used [0x00000000a0000000,0x00000000a392cfe8,0x00000000aa780000)
 Metaspace       used 55772K, capacity 58852K, committed 58968K, reserved 1099776K
  class space    used 7597K, capacity 8460K, committed 8576K, reserved 1048576K
}
Event: 36.424 GC heap before
{Heap before GC invocations=13 (full 3):
 PSYoungGen      total 266752K, used 242688K [0x00000000e0000000, 0x00000000f6e00000, 0x0000000100000000)
  eden space 242688K, 100% used [0x00000000e0000000,0x00000000eed00000,0x00000000eed00000)
  from space 24064K, 0% used [0x00000000eed00000,0x00000000eed00000,0x00000000f0480000)
  to   space 35840K, 0% used [0x00000000f4b00000,0x00000000f4b00000,0x00000000f6e00000)
 ParOldGen       total 171520K, used 58547K [0x00000000a0000000, 0x00000000aa780000, 0x00000000e0000000)
  object space 171520K, 34% used [0x00000000a0000000,0x00000000a392cfe8,0x00000000aa780000)
 Metaspace       used 57722K, capacity 61210K, committed 61528K, reserved 1101824K
  class space    used 7813K, capacity 8707K, committed 8832K, reserved 1048576K
Event: 36.541 GC heap after
Heap after GC invocations=13 (full 3):
 PSYoungGen      total 317440K, used 18527K [0x00000000e0000000, 0x00000000f6300000, 0x0000000100000000)
  eden space 292864K, 0% used [0x00000000e0000000,0x00000000e0000000,0x00000000f1e00000)
  from space 24576K, 75% used [0x00000000f4b00000,0x00000000f5d17ce0,0x00000000f6300000)
  to   space 35328K, 0% used [0x00000000f1e00000,0x00000000f1e00000,0x00000000f4080000)
 ParOldGen       total 171520K, used 58547K [0x00000000a0000000, 0x00000000aa780000, 0x00000000e0000000)
  object space 171520K, 34% used [0x00000000a0000000,0x00000000a392cfe8,0x00000000aa780000)
 Metaspace       used 57722K, capacity 61210K, committed 61528K, reserved 1101824K
  class space    used 7813K, capacity 8707K, committed 8832K, reserved 1048576K
}
Event: 43.980 GC heap before
{Heap before GC invocations=14 (full 3):
 PSYoungGen      total 317440K, used 311391K [0x00000000e0000000, 0x00000000f6300000, 0x0000000100000000)
  eden space 292864K, 100% used [0x00000000e0000000,0x00000000f1e00000,0x00000000f1e00000)
  from space 24576K, 75% used [0x00000000f4b00000,0x00000000f5d17ce0,0x00000000f6300000)
  to   space 35328K, 0% used [0x00000000f1e00000,0x00000000f1e00000,0x00000000f4080000)
 ParOldGen       total 171520K, used 58547K [0x00000000a0000000, 0x00000000aa780000, 0x00000000e0000000)
  object space 171520K, 34% used [0x00000000a0000000,0x00000000a392cfe8,0x00000000aa780000)
 Metaspace       used 63313K, capacity 67020K, committed 67288K, reserved 1107968K
  class space    used 8447K, capacity 9354K, committed 9472K, reserved 1048576K

