# JRE version: OpenJDK Runtime Environment (8.0_152-b01) (build 1.8.0_152-release-1248-b01)
# Java VM: OpenJDK 64-Bit Server VM (25.152-b01 mixed mode linux-amd64 compressed oops)
Heap:
 PSYoungGen      total 358400K, used 0K [0x00000000e0000000, 0x0000000100000000, 0x0000000100000000)
  eden space 192512K, 0% used [0x00000000e0000000,0x00000000e0000000,0x00000000ebc00000)
  from space 165888K, 0% used [0x00000000ebc00000,0x00000000ebc00000,0x00000000f5e00000)
  to   space 156160K, 0% used [0x00000000f6780000,0x00000000f6780000,0x0000000100000000)
 ParOldGen       total 719360K, used 345785K [0x00000000a0000000, 0x00000000cbe80000, 0x00000000e0000000)
  object space 719360K, 48% used [0x00000000a0000000,0x00000000b51ae5e0,0x00000000cbe80000)
 Metaspace       used 93296K, capacity 99962K, committed 102528K, reserved 1138688K
  class space    used 11519K, capacity 13162K, committed 13952K, reserved 1048576K
GC Heap History (10 events):
Event: 6495.389 GC heap after
Heap after GC invocations=309 (full 18):
 PSYoungGen      total 435200K, used 89057K [0x00000000e0000000, 0x0000000100000000, 0x0000000100000000)
  eden space 346112K, 0% used [0x00000000e0000000,0x00000000e0000000,0x00000000f5200000)
  from space 89088K, 99% used [0x00000000f5200000,0x00000000fa8f8630,0x00000000fa900000)
  to   space 89088K, 0% used [0x00000000fa900000,0x00000000fa900000,0x0000000100000000)
 ParOldGen       total 719360K, used 413044K [0x00000000a0000000, 0x00000000cbe80000, 0x00000000e0000000)
  object space 719360K, 57% used [0x00000000a0000000,0x00000000b935d2b8,0x00000000cbe80000)
 Metaspace       used 94362K, capacity 101148K, committed 102528K, reserved 1138688K
  class space    used 11636K, capacity 13342K, committed 13952K, reserved 1048576K
}
Event: 6496.929 GC heap before
{Heap before GC invocations=310 (full 18):
 PSYoungGen      total 435200K, used 435169K [0x00000000e0000000, 0x0000000100000000, 0x0000000100000000)
  eden space 346112K, 100% used [0x00000000e0000000,0x00000000f5200000,0x00000000f5200000)
  from space 89088K, 99% used [0x00000000f5200000,0x00000000fa8f8630,0x00000000fa900000)
  to   space 89088K, 0% used [0x00000000fa900000,0x00000000fa900000,0x0000000100000000)
 ParOldGen       total 719360K, used 413044K [0x00000000a0000000, 0x00000000cbe80000, 0x00000000e0000000)
  object space 719360K, 57% used [0x00000000a0000000,0x00000000b935d2b8,0x00000000cbe80000)
 Metaspace       used 94375K, capacity 101212K, committed 102528K, reserved 1138688K
  class space    used 11636K, capacity 13342K, committed 13952K, reserved 1048576K
Event: 6497.012 GC heap after
Heap after GC invocations=310 (full 18):
 PSYoungGen      total 338944K, used 14822K [0x00000000e0000000, 0x0000000100000000, 0x0000000100000000)
  eden space 249856K, 0% used [0x00000000e0000000,0x00000000e0000000,0x00000000ef400000)
  from space 89088K, 16% used [0x00000000fa900000,0x00000000fb779ba0,0x0000000100000000)
  to   space 137216K, 0% used [0x00000000ef400000,0x00000000ef400000,0x00000000f7a00000)
 ParOldGen       total 719360K, used 481160K [0x00000000a0000000, 0x00000000cbe80000, 0x00000000e0000000)
  object space 719360K, 66% used [0x00000000a0000000,0x00000000bd5e2288,0x00000000cbe80000)
 Metaspace       used 94375K, capacity 101212K, committed 102528K, reserved 1138688K
  class space    used 11636K, capacity 13342K, committed 13952K, reserved 1048576K
}
Event: 6498.756 GC heap before
{Heap before GC invocations=311 (full 18):
 PSYoungGen      total 338944K, used 264678K [0x00000000e0000000, 0x0000000100000000, 0x0000000100000000)
  eden space 249856K, 100% used [0x00000000e0000000,0x00000000ef400000,0x00000000ef400000)
  from space 89088K, 16% used [0x00000000fa900000,0x00000000fb779ba0,0x0000000100000000)
  to   space 137216K, 0% used [0x00000000ef400000,0x00000000ef400000,0x00000000f7a00000)
 ParOldGen       total 719360K, used 481160K [0x00000000a0000000, 0x00000000cbe80000, 0x00000000e0000000)
  object space 719360K, 66% used [0x00000000a0000000,0x00000000bd5e2288,0x00000000cbe80000)
 Metaspace       used 94400K, capacity 101276K, committed 102528K, reserved 1138688K
  class space    used 11637K, capacity 13342K, committed 13952K, reserved 1048576K
Event: 6498.820 GC heap after
Heap after GC invocations=311 (full 18):
 PSYoungGen      total 387072K, used 35439K [0x00000000e0000000, 0x0000000100000000, 0x0000000100000000)
  eden space 249856K, 0% used [0x00000000e0000000,0x00000000e0000000,0x00000000ef400000)
  from space 137216K, 25% used [0x00000000ef400000,0x00000000f169bc68,0x00000000f7a00000)
  to   space 128512K, 0% used [0x00000000f8280000,0x00000000f8280000,0x0000000100000000)
 ParOldGen       total 719360K, used 495214K [0x00000000a0000000, 0x00000000cbe80000, 0x00000000e0000000)
  object space 719360K, 68% used [0x00000000a0000000,0x00000000be39ba70,0x00000000cbe80000)
 Metaspace       used 94400K, capacity 101276K, committed 102528K, reserved 1138688K
  class space    used 11637K, capacity 13342K, committed 13952K, reserved 1048576K
}
Event: 6499.569 GC heap before
{Heap before GC invocations=312 (full 18):
 PSYoungGen      total 387072K, used 285295K [0x00000000e0000000, 0x0000000100000000, 0x0000000100000000)
  eden space 249856K, 100% used [0x00000000e0000000,0x00000000ef400000,0x00000000ef400000)
  from space 137216K, 25% used [0x00000000ef400000,0x00000000f169bc68,0x00000000f7a00000)
  to   space 128512K, 0% used [0x00000000f8280000,0x00000000f8280000,0x0000000100000000)
 ParOldGen       total 719360K, used 495214K [0x00000000a0000000, 0x00000000cbe80000, 0x00000000e0000000)
  object space 719360K, 68% used [0x00000000a0000000,0x00000000be39ba70,0x00000000cbe80000)
 Metaspace       used 94400K, capacity 101276K, committed 102528K, reserved 1138688K
  class space    used 11637K, capacity 13342K, committed 13952K, reserved 1048576K
Event: 6499.739 GC heap after
Heap after GC invocations=312 (full 18):
 PSYoungGen      total 321024K, used 128504K [0x00000000e0000000, 0x0000000100000000, 0x0000000100000000)
  eden space 192512K, 0% used [0x00000000e0000000,0x00000000e0000000,0x00000000ebc00000)
  from space 128512K, 99% used [0x00000000f8280000,0x00000000ffffe278,0x0000000100000000)
  to   space 165888K, 0% used [0x00000000ebc00000,0x00000000ebc00000,0x00000000f5e00000)
 ParOldGen       total 719360K, used 532374K [0x00000000a0000000, 0x00000000cbe80000, 0x00000000e0000000)
  object space 719360K, 74% used [0x00000000a0000000,0x00000000c07e5810,0x00000000cbe80000)
 Metaspace       used 94400K, capacity 101276K, committed 102528K, reserved 1138688K
  class space    used 11637K, capacity 13342K, committed 13952K, reserved 1048576K
}
Event: 6501.056 GC heap before
{Heap before GC invocations=313 (full 18):
 PSYoungGen      total 321024K, used 321016K [0x00000000e0000000, 0x0000000100000000, 0x0000000100000000)
  eden space 192512K, 100% used [0x00000000e0000000,0x00000000ebc00000,0x00000000ebc00000)
  from space 128512K, 99% used [0x00000000f8280000,0x00000000ffffe278,0x0000000100000000)
  to   space 165888K, 0% used [0x00000000ebc00000,0x00000000ebc00000,0x00000000f5e00000)
 ParOldGen       total 719360K, used 532374K [0x00000000a0000000, 0x00000000cbe80000, 0x00000000e0000000)
  object space 719360K, 74% used [0x00000000a0000000,0x00000000c07e5810,0x00000000cbe80000)
 Metaspace       used 94400K, capacity 101276K, committed 102528K, reserved 1138688K
  class space    used 11637K, capacity 13342K, committed 13952K, reserved 1048576K
Event: 6501.252 GC heap after
Heap after GC invocations=313 (full 18):
 PSYoungGen      total 358400K, used 44960K [0x00000000e0000000, 0x0000000100000000, 0x0000000100000000)
  eden space 192512K, 0% used [0x00000000e0000000,0x00000000e0000000,0x00000000ebc00000)
  from space 165888K, 27% used [0x00000000ebc00000,0x00000000ee7e8000,0x00000000f5e00000)
  to   space 156160K, 0% used [0x00000000f6780000,0x00000000f6780000,0x0000000100000000)
 ParOldGen       total 719360K, used 645924K [0x00000000a0000000, 0x00000000cbe80000, 0x00000000e0000000)
  object space 719360K, 89% used [0x00000000a0000000,0x00000000c76c9080,0x00000000cbe80000)
 Metaspace       used 94400K, capacity 101276K, committed 102528K, reserved 1138688K
  class space    used 11637K, capacity 13342K, committed 13952K, reserved 1048576K
}
Event: 6501.252 GC heap before
{Heap before GC invocations=314 (full 19):
 PSYoungGen      total 358400K, used 44960K [0x00000000e0000000, 0x0000000100000000, 0x0000000100000000)
  eden space 192512K, 0% used [0x00000000e0000000,0x00000000e0000000,0x00000000ebc00000)
  from space 165888K, 27% used [0x00000000ebc00000,0x00000000ee7e8000,0x00000000f5e00000)
  to   space 156160K, 0% used [0x00000000f6780000,0x00000000f6780000,0x0000000100000000)
 ParOldGen       total 719360K, used 645924K [0x00000000a0000000, 0x00000000cbe80000, 0x00000000e0000000)
  object space 719360K, 89% used [0x00000000a0000000,0x00000000c76c9080,0x00000000cbe80000)
 Metaspace       used 94400K, capacity 101276K, committed 102528K, reserved 1138688K
  class space    used 11637K, capacity 13342K, committed 13952K, reserved 1048576K

