# JRE version: OpenJDK Runtime Environment (8.0_152-b06) (build 1.8.0_152-release-1136-b06)
# Java VM: OpenJDK 64-Bit Server VM (25.152-b06 mixed mode linux-amd64 compressed oops)
Heap:
 PSYoungGen      total 229376K, used 24885K [0x00000000e0000000, 0x00000000f1000000, 0x0000000100000000)
  eden space 198656K, 0% used [0x00000000e0000000,0x00000000e0000000,0x00000000ec200000)
  from space 30720K, 81% used [0x00000000ec200000,0x00000000eda4d5b0,0x00000000ee000000)
  to   space 17920K, 0% used [0x00000000ee000000,0x00000000ee000000,0x00000000ef180000)
 ParOldGen       total 110080K, used 42535K [0x00000000a0000000, 0x00000000a6b80000, 0x00000000e0000000)
  object space 110080K, 38% used [0x00000000a0000000,0x00000000a2989df8,0x00000000a6b80000)
 Metaspace       used 55698K, capacity 58950K, committed 59008K, reserved 1099776K
  class space    used 7652K, capacity 8568K, committed 8576K, reserved 1048576K
GC Heap History (10 events):
Event: 8.019 GC heap after
Heap after GC invocations=6 (full 1):
 PSYoungGen      total 128000K, used 5088K [0x00000000e0000000, 0x00000000ec000000, 0x0000000100000000)
  eden space 122880K, 0% used [0x00000000e0000000,0x00000000e0000000,0x00000000e7800000)
  from space 5120K, 99% used [0x00000000e7800000,0x00000000e7cf8020,0x00000000e7d00000)
  to   space 14336K, 0% used [0x00000000eb200000,0x00000000eb200000,0x00000000ec000000)
 ParOldGen       total 64512K, used 15670K [0x00000000a0000000, 0x00000000a3f00000, 0x00000000e0000000)
  object space 64512K, 24% used [0x00000000a0000000,0x00000000a0f4d888,0x00000000a3f00000)
 Metaspace       used 29185K, capacity 29722K, committed 29952K, reserved 1075200K
  class space    used 4096K, capacity 4310K, committed 4352K, reserved 1048576K
}
Event: 11.160 GC heap before
{Heap before GC invocations=7 (full 1):
 PSYoungGen      total 128000K, used 49390K [0x00000000e0000000, 0x00000000ec000000, 0x0000000100000000)
  eden space 122880K, 36% used [0x00000000e0000000,0x00000000e2b43890,0x00000000e7800000)
  from space 5120K, 99% used [0x00000000e7800000,0x00000000e7cf8020,0x00000000e7d00000)
  to   space 14336K, 0% used [0x00000000eb200000,0x00000000eb200000,0x00000000ec000000)
 ParOldGen       total 64512K, used 15670K [0x00000000a0000000, 0x00000000a3f00000, 0x00000000e0000000)
  object space 64512K, 24% used [0x00000000a0000000,0x00000000a0f4d888,0x00000000a3f00000)
 Metaspace       used 34531K, capacity 35272K, committed 35416K, reserved 1079296K
  class space    used 4791K, capacity 5066K, committed 5120K, reserved 1048576K
Event: 11.254 GC heap after
Heap after GC invocations=7 (full 1):
 PSYoungGen      total 181760K, used 10790K [0x00000000e0000000, 0x00000000ec780000, 0x0000000100000000)
  eden space 167424K, 0% used [0x00000000e0000000,0x00000000e0000000,0x00000000ea380000)
  from space 14336K, 75% used [0x00000000eb200000,0x00000000ebc89af8,0x00000000ec000000)
  to   space 14848K, 0% used [0x00000000ea380000,0x00000000ea380000,0x00000000eb200000)
 ParOldGen       total 64512K, used 15678K [0x00000000a0000000, 0x00000000a3f00000, 0x00000000e0000000)
  object space 64512K, 24% used [0x00000000a0000000,0x00000000a0f4f888,0x00000000a3f00000)
 Metaspace       used 34531K, capacity 35272K, committed 35416K, reserved 1079296K
  class space    used 4791K, capacity 5066K, committed 5120K, reserved 1048576K
}
Event: 11.254 GC heap before
{Heap before GC invocations=8 (full 2):
 PSYoungGen      total 181760K, used 10790K [0x00000000e0000000, 0x00000000ec780000, 0x0000000100000000)
  eden space 167424K, 0% used [0x00000000e0000000,0x00000000e0000000,0x00000000ea380000)
  from space 14336K, 75% used [0x00000000eb200000,0x00000000ebc89af8,0x00000000ec000000)
  to   space 14848K, 0% used [0x00000000ea380000,0x00000000ea380000,0x00000000eb200000)
 ParOldGen       total 64512K, used 15678K [0x00000000a0000000, 0x00000000a3f00000, 0x00000000e0000000)
  object space 64512K, 24% used [0x00000000a0000000,0x00000000a0f4f888,0x00000000a3f00000)
 Metaspace       used 34531K, capacity 35272K, committed 35416K, reserved 1079296K
  class space    used 4791K, capacity 5066K, committed 5120K, reserved 1048576K
Event: 11.733 GC heap after
Heap after GC invocations=8 (full 2):
 PSYoungGen      total 181760K, used 0K [0x00000000e0000000, 0x00000000ec780000, 0x0000000100000000)
  eden space 167424K, 0% used [0x00000000e0000000,0x00000000e0000000,0x00000000ea380000)
  from space 14336K, 0% used [0x00000000eb200000,0x00000000eb200000,0x00000000ec000000)
  to   space 14848K, 0% used [0x00000000ea380000,0x00000000ea380000,0x00000000eb200000)
 ParOldGen       total 110080K, used 17339K [0x00000000a0000000, 0x00000000a6b80000, 0x00000000e0000000)
  object space 110080K, 15% used [0x00000000a0000000,0x00000000a10eedb8,0x00000000a6b80000)
 Metaspace       used 34531K, capacity 35272K, committed 35416K, reserved 1079296K
  class space    used 4791K, capacity 5066K, committed 5120K, reserved 1048576K
}
Event: 18.607 GC heap before
{Heap before GC invocations=9 (full 2):
 PSYoungGen      total 181760K, used 167424K [0x00000000e0000000, 0x00000000ec780000, 0x0000000100000000)
  eden space 167424K, 100% used [0x00000000e0000000,0x00000000ea380000,0x00000000ea380000)
  from space 14336K, 0% used [0x00000000eb200000,0x00000000eb200000,0x00000000ec000000)
  to   space 14848K, 0% used [0x00000000ea380000,0x00000000ea380000,0x00000000eb200000)
 ParOldGen       total 110080K, used 17339K [0x00000000a0000000, 0x00000000a6b80000, 0x00000000e0000000)
  object space 110080K, 15% used [0x00000000a0000000,0x00000000a10eedb8,0x00000000a6b80000)
 Metaspace       used 46747K, capacity 47904K, committed 48256K, reserved 1091584K
  class space    used 6372K, capacity 6729K, committed 6784K, reserved 1048576K
Event: 18.668 GC heap after
Heap after GC invocations=9 (full 2):
 PSYoungGen      total 182272K, used 14846K [0x00000000e0000000, 0x00000000ef180000, 0x0000000100000000)
  eden space 167424K, 0% used [0x00000000e0000000,0x00000000e0000000,0x00000000ea380000)
  from space 14848K, 99% used [0x00000000ea380000,0x00000000eb1ffb20,0x00000000eb200000)
  to   space 17920K, 0% used [0x00000000ee000000,0x00000000ee000000,0x00000000ef180000)
 ParOldGen       total 110080K, used 19263K [0x00000000a0000000, 0x00000000a6b80000, 0x00000000e0000000)
  object space 110080K, 17% used [0x00000000a0000000,0x00000000a12cfd78,0x00000000a6b80000)
 Metaspace       used 46747K, capacity 47904K, committed 48256K, reserved 1091584K
  class space    used 6372K, capacity 6729K, committed 6784K, reserved 1048576K
}
Event: 29.475 GC heap before
{Heap before GC invocations=10 (full 2):
 PSYoungGen      total 182272K, used 182270K [0x00000000e0000000, 0x00000000ef180000, 0x0000000100000000)
  eden space 167424K, 100% used [0x00000000e0000000,0x00000000ea380000,0x00000000ea380000)
  from space 14848K, 99% used [0x00000000ea380000,0x00000000eb1ffb20,0x00000000eb200000)
  to   space 17920K, 0% used [0x00000000ee000000,0x00000000ee000000,0x00000000ef180000)
 ParOldGen       total 110080K, used 19263K [0x00000000a0000000, 0x00000000a6b80000, 0x00000000e0000000)
  object space 110080K, 17% used [0x00000000a0000000,0x00000000a12cfd78,0x00000000a6b80000)
 Metaspace       used 54600K, capacity 57814K, committed 57856K, reserved 1099776K
  class space    used 7523K, capacity 8422K, committed 8448K, reserved 1048576K
Event: 29.792 GC heap after
Heap after GC invocations=10 (full 2):
 PSYoungGen      total 216576K, used 17906K [0x00000000e0000000, 0x00000000f1000000, 0x0000000100000000)
  eden space 198656K, 0% used [0x00000000e0000000,0x00000000e0000000,0x00000000ec200000)
  from space 17920K, 99% used [0x00000000ee000000,0x00000000ef17c918,0x00000000ef180000)
  to   space 30720K, 0% used [0x00000000ec200000,0x00000000ec200000,0x00000000ee000000)
 ParOldGen       total 110080K, used 42527K [0x00000000a0000000, 0x00000000a6b80000, 0x00000000e0000000)
  object space 110080K, 38% used [0x00000000a0000000,0x00000000a2987df8,0x00000000a6b80000)
 Metaspace       used 54600K, capacity 57814K, committed 57856K, reserved 1099776K
  class space    used 7523K, capacity 8422K, committed 8448K, reserved 1048576K
}
Event: 33.913 GC heap before
{Heap before GC invocations=11 (full 2):
 PSYoungGen      total 216576K, used 60540K [0x00000000e0000000, 0x00000000f1000000, 0x0000000100000000)
  eden space 198656K, 21% used [0x00000000e0000000,0x00000000e29a29f0,0x00000000ec200000)
  from space 17920K, 99% used [0x00000000ee000000,0x00000000ef17c918,0x00000000ef180000)
  to   space 30720K, 0% used [0x00000000ec200000,0x00000000ec200000,0x00000000ee000000)
 ParOldGen       total 110080K, used 42527K [0x00000000a0000000, 0x00000000a6b80000, 0x00000000e0000000)
  object space 110080K, 38% used [0x00000000a0000000,0x00000000a2987df8,0x00000000a6b80000)
 Metaspace       used 55698K, capacity 58950K, committed 59008K, reserved 1099776K
  class space    used 7652K, capacity 8568K, committed 8576K, reserved 1048576K

