# JRE version: OpenJDK Runtime Environment (8.0_152-b01) (build 1.8.0_152-release-1248-b01)
# Java VM: OpenJDK 64-Bit Server VM (25.152-b01 mixed mode linux-amd64 compressed oops)
Heap:
 PSYoungGen      total 352768K, used 0K [0x00000000e0000000, 0x0000000100000000, 0x0000000100000000)
  eden space 227328K, 0% used [0x00000000e0000000,0x00000000e0000000,0x00000000ede00000)
  from space 125440K, 0% used [0x00000000f8580000,0x00000000f8580000,0x0000000100000000)
  to   space 148480K, 0% used [0x00000000ede00000,0x00000000ede00000,0x00000000f6f00000)
 ParOldGen       total 571904K, used 339012K [0x00000000a0000000, 0x00000000c2e80000, 0x00000000e0000000)
  object space 571904K, 59% used [0x00000000a0000000,0x00000000b4b11390,0x00000000c2e80000)
 Metaspace       used 90752K, capacity 97500K, committed 98480K, reserved 1134592K
  class space    used 11456K, capacity 13104K, committed 13232K, reserved 1048576K
GC Heap History (10 events):
Event: 352.436 GC heap after
Heap after GC invocations=139 (full 11):
 PSYoungGen      total 378880K, used 11222K [0x00000000e0000000, 0x00000000ff180000, 0x0000000100000000)
  eden space 270848K, 0% used [0x00000000e0000000,0x00000000e0000000,0x00000000f0880000)
  from space 108032K, 10% used [0x00000000f8800000,0x00000000f92f5808,0x00000000ff180000)
  to   space 119296K, 0% used [0x00000000f0880000,0x00000000f0880000,0x00000000f7d00000)
 ParOldGen       total 571904K, used 355637K [0x00000000a0000000, 0x00000000c2e80000, 0x00000000e0000000)
  object space 571904K, 62% used [0x00000000a0000000,0x00000000b5b4d750,0x00000000c2e80000)
 Metaspace       used 91450K, capacity 98276K, committed 98480K, reserved 1134592K
  class space    used 11518K, capacity 13200K, committed 13232K, reserved 1048576K
}
Event: 353.105 GC heap before
{Heap before GC invocations=140 (full 11):
 PSYoungGen      total 378880K, used 282070K [0x00000000e0000000, 0x00000000ff180000, 0x0000000100000000)
  eden space 270848K, 100% used [0x00000000e0000000,0x00000000f0880000,0x00000000f0880000)
  from space 108032K, 10% used [0x00000000f8800000,0x00000000f92f5808,0x00000000ff180000)
  to   space 119296K, 0% used [0x00000000f0880000,0x00000000f0880000,0x00000000f7d00000)
 ParOldGen       total 571904K, used 355637K [0x00000000a0000000, 0x00000000c2e80000, 0x00000000e0000000)
  object space 571904K, 62% used [0x00000000a0000000,0x00000000b5b4d750,0x00000000c2e80000)
 Metaspace       used 91550K, capacity 98388K, committed 98480K, reserved 1134592K
  class space    used 11529K, capacity 13210K, committed 13232K, reserved 1048576K
Event: 353.155 GC heap after
Heap after GC invocations=140 (full 11):
 PSYoungGen      total 390144K, used 9179K [0x00000000e0000000, 0x0000000100000000, 0x0000000100000000)
  eden space 270848K, 0% used [0x00000000e0000000,0x00000000e0000000,0x00000000f0880000)
  from space 119296K, 7% used [0x00000000f0880000,0x00000000f1176d18,0x00000000f7d00000)
  to   space 115712K, 0% used [0x00000000f8f00000,0x00000000f8f00000,0x0000000100000000)
 ParOldGen       total 571904K, used 365285K [0x00000000a0000000, 0x00000000c2e80000, 0x00000000e0000000)
  object space 571904K, 63% used [0x00000000a0000000,0x00000000b64b95e0,0x00000000c2e80000)
 Metaspace       used 91550K, capacity 98388K, committed 98480K, reserved 1134592K
  class space    used 11529K, capacity 13210K, committed 13232K, reserved 1048576K
}
Event: 354.806 GC heap before
{Heap before GC invocations=141 (full 11):
 PSYoungGen      total 390144K, used 280027K [0x00000000e0000000, 0x0000000100000000, 0x0000000100000000)
  eden space 270848K, 100% used [0x00000000e0000000,0x00000000f0880000,0x00000000f0880000)
  from space 119296K, 7% used [0x00000000f0880000,0x00000000f1176d18,0x00000000f7d00000)
  to   space 115712K, 0% used [0x00000000f8f00000,0x00000000f8f00000,0x0000000100000000)
 ParOldGen       total 571904K, used 365285K [0x00000000a0000000, 0x00000000c2e80000, 0x00000000e0000000)
  object space 571904K, 63% used [0x00000000a0000000,0x00000000b64b95e0,0x00000000c2e80000)
 Metaspace       used 91599K, capacity 98394K, committed 98480K, reserved 1134592K
  class space    used 11535K, capacity 13211K, committed 13232K, reserved 1048576K
Event: 354.856 GC heap after
Heap after GC invocations=141 (full 11):
 PSYoungGen      total 389120K, used 20501K [0x00000000e0000000, 0x00000000ff080000, 0x0000000100000000)
  eden space 289280K, 0% used [0x00000000e0000000,0x00000000e0000000,0x00000000f1a80000)
  from space 99840K, 20% used [0x00000000f8f00000,0x00000000fa305738,0x00000000ff080000)
  to   space 109568K, 0% used [0x00000000f1a80000,0x00000000f1a80000,0x00000000f8580000)
 ParOldGen       total 571904K, used 369648K [0x00000000a0000000, 0x00000000c2e80000, 0x00000000e0000000)
  object space 571904K, 64% used [0x00000000a0000000,0x00000000b68fc360,0x00000000c2e80000)
 Metaspace       used 91599K, capacity 98394K, committed 98480K, reserved 1134592K
  class space    used 11535K, capacity 13211K, committed 13232K, reserved 1048576K
}
Event: 355.474 GC heap before
{Heap before GC invocations=142 (full 11):
 PSYoungGen      total 389120K, used 309781K [0x00000000e0000000, 0x00000000ff080000, 0x0000000100000000)
  eden space 289280K, 100% used [0x00000000e0000000,0x00000000f1a80000,0x00000000f1a80000)
  from space 99840K, 20% used [0x00000000f8f00000,0x00000000fa305738,0x00000000ff080000)
  to   space 109568K, 0% used [0x00000000f1a80000,0x00000000f1a80000,0x00000000f8580000)
 ParOldGen       total 571904K, used 369648K [0x00000000a0000000, 0x00000000c2e80000, 0x00000000e0000000)
  object space 571904K, 64% used [0x00000000a0000000,0x00000000b68fc360,0x00000000c2e80000)
 Metaspace       used 91599K, capacity 98394K, committed 98480K, reserved 1134592K
  class space    used 11535K, capacity 13211K, committed 13232K, reserved 1048576K
Event: 355.584 GC heap after
Heap after GC invocations=142 (full 11):
 PSYoungGen      total 398848K, used 109555K [0x00000000e0000000, 0x0000000100000000, 0x0000000100000000)
  eden space 289280K, 0% used [0x00000000e0000000,0x00000000e0000000,0x00000000f1a80000)
  from space 109568K, 99% used [0x00000000f1a80000,0x00000000f857cc78,0x00000000f8580000)
  to   space 125440K, 0% used [0x00000000f8580000,0x00000000f8580000,0x0000000100000000)
 ParOldGen       total 571904K, used 430545K [0x00000000a0000000, 0x00000000c2e80000, 0x00000000e0000000)
  object space 571904K, 75% used [0x00000000a0000000,0x00000000ba474658,0x00000000c2e80000)
 Metaspace       used 91599K, capacity 98394K, committed 98480K, reserved 1134592K
  class space    used 11535K, capacity 13211K, committed 13232K, reserved 1048576K
}
Event: 356.555 GC heap before
{Heap before GC invocations=143 (full 11):
 PSYoungGen      total 398848K, used 398835K [0x00000000e0000000, 0x0000000100000000, 0x0000000100000000)
  eden space 289280K, 100% used [0x00000000e0000000,0x00000000f1a80000,0x00000000f1a80000)
  from space 109568K, 99% used [0x00000000f1a80000,0x00000000f857cc78,0x00000000f8580000)
  to   space 125440K, 0% used [0x00000000f8580000,0x00000000f8580000,0x0000000100000000)
 ParOldGen       total 571904K, used 430545K [0x00000000a0000000, 0x00000000c2e80000, 0x00000000e0000000)
  object space 571904K, 75% used [0x00000000a0000000,0x00000000ba474658,0x00000000c2e80000)
 Metaspace       used 91600K, capacity 98394K, committed 98480K, reserved 1134592K
  class space    used 11535K, capacity 13211K, committed 13232K, reserved 1048576K
Event: 356.677 GC heap after
Heap after GC invocations=143 (full 11):
 PSYoungGen      total 352768K, used 62976K [0x00000000e0000000, 0x0000000100000000, 0x0000000100000000)
  eden space 227328K, 0% used [0x00000000e0000000,0x00000000e0000000,0x00000000ede00000)
  from space 125440K, 50% used [0x00000000f8580000,0x00000000fc300000,0x0000000100000000)
  to   space 148480K, 0% used [0x00000000ede00000,0x00000000ede00000,0x00000000f6f00000)
 ParOldGen       total 571904K, used 518564K [0x00000000a0000000, 0x00000000c2e80000, 0x00000000e0000000)
  object space 571904K, 90% used [0x00000000a0000000,0x00000000bfa690c8,0x00000000c2e80000)
 Metaspace       used 91600K, capacity 98394K, committed 98480K, reserved 1134592K
  class space    used 11535K, capacity 13211K, committed 13232K, reserved 1048576K
}
Event: 356.679 GC heap before
{Heap before GC invocations=144 (full 12):
 PSYoungGen      total 352768K, used 62976K [0x00000000e0000000, 0x0000000100000000, 0x0000000100000000)
  eden space 227328K, 0% used [0x00000000e0000000,0x00000000e0000000,0x00000000ede00000)
  from space 125440K, 50% used [0x00000000f8580000,0x00000000fc300000,0x0000000100000000)
  to   space 148480K, 0% used [0x00000000ede00000,0x00000000ede00000,0x00000000f6f00000)
 ParOldGen       total 571904K, used 518564K [0x00000000a0000000, 0x00000000c2e80000, 0x00000000e0000000)
  object space 571904K, 90% used [0x00000000a0000000,0x00000000bfa690c8,0x00000000c2e80000)
 Metaspace       used 91600K, capacity 98394K, committed 98480K, reserved 1134592K
  class space    used 11535K, capacity 13211K, committed 13232K, reserved 1048576K

