# JRE version: OpenJDK Runtime Environment (8.0_202) (build 1.8.0_202-release-1483-b49-5587405)
# Java VM: OpenJDK 64-Bit Server VM (25.202-b49-5587405 mixed mode linux-amd64 compressed oops)
Heap:
 PSYoungGen      total 360960K, used 0K [0x00000000e0000000, 0x0000000100000000, 0x0000000100000000)
  eden space 238592K, 0% used [0x00000000e0000000,0x00000000e0000000,0x00000000ee900000)
  from space 122368K, 0% used [0x00000000f8880000,0x00000000f8880000,0x0000000100000000)
  to   space 142848K, 0% used [0x00000000ee900000,0x00000000ee900000,0x00000000f7480000)
 ParOldGen       total 323072K, used 308835K [0x00000000a0000000, 0x00000000b3b80000, 0x00000000e0000000)
  object space 323072K, 95% used [0x00000000a0000000,0x00000000b2d98e90,0x00000000b3b80000)
 Metaspace       used 74168K, capacity 79602K, committed 79768K, reserved 1118208K
  class space    used 9789K, capacity 11136K, committed 11160K, reserved 1048576K
GC Heap History (10 events):
Event: 56.338 GC heap after
Heap after GC invocations=22 (full 3):
 PSYoungGen      total 394752K, used 66029K [0x00000000e0000000, 0x0000000100000000, 0x0000000100000000)
  eden space 328704K, 0% used [0x00000000e0000000,0x00000000e0000000,0x00000000f4100000)
  from space 66048K, 99% used [0x00000000f4100000,0x00000000f817b6f0,0x00000000f8180000)
  to   space 96768K, 0% used [0x00000000fa180000,0x00000000fa180000,0x0000000100000000)
 ParOldGen       total 175616K, used 174881K [0x00000000a0000000, 0x00000000aab80000, 0x00000000e0000000)
  object space 175616K, 99% used [0x00000000a0000000,0x00000000aaac86a0,0x00000000aab80000)
 Metaspace       used 73753K, capacity 79250K, committed 79512K, reserved 1118208K
  class space    used 9747K, capacity 11104K, committed 11160K, reserved 1048576K
}
Event: 56.345 GC heap before
{Heap before GC invocations=23 (full 4):
 PSYoungGen      total 394752K, used 66029K [0x00000000e0000000, 0x0000000100000000, 0x0000000100000000)
  eden space 328704K, 0% used [0x00000000e0000000,0x00000000e0000000,0x00000000f4100000)
  from space 66048K, 99% used [0x00000000f4100000,0x00000000f817b6f0,0x00000000f8180000)
  to   space 96768K, 0% used [0x00000000fa180000,0x00000000fa180000,0x0000000100000000)
 ParOldGen       total 175616K, used 174881K [0x00000000a0000000, 0x00000000aab80000, 0x00000000e0000000)
  object space 175616K, 99% used [0x00000000a0000000,0x00000000aaac86a0,0x00000000aab80000)
 Metaspace       used 73753K, capacity 79250K, committed 79512K, reserved 1118208K
  class space    used 9747K, capacity 11104K, committed 11160K, reserved 1048576K
Event: 57.350 GC heap after
Heap after GC invocations=23 (full 4):
 PSYoungGen      total 394752K, used 0K [0x00000000e0000000, 0x0000000100000000, 0x0000000100000000)
  eden space 328704K, 0% used [0x00000000e0000000,0x00000000e0000000,0x00000000f4100000)
  from space 66048K, 0% used [0x00000000f4100000,0x00000000f4100000,0x00000000f8180000)
  to   space 96768K, 0% used [0x00000000fa180000,0x00000000fa180000,0x0000000100000000)
 ParOldGen       total 323072K, used 169544K [0x00000000a0000000, 0x00000000b3b80000, 0x00000000e0000000)
  object space 323072K, 52% used [0x00000000a0000000,0x00000000aa592000,0x00000000b3b80000)
 Metaspace       used 73753K, capacity 79250K, committed 79512K, reserved 1118208K
  class space    used 9747K, capacity 11104K, committed 11160K, reserved 1048576K
}
Event: 60.113 GC heap before
{Heap before GC invocations=24 (full 4):
 PSYoungGen      total 394752K, used 328704K [0x00000000e0000000, 0x0000000100000000, 0x0000000100000000)
  eden space 328704K, 100% used [0x00000000e0000000,0x00000000f4100000,0x00000000f4100000)
  from space 66048K, 0% used [0x00000000f4100000,0x00000000f4100000,0x00000000f8180000)
  to   space 96768K, 0% used [0x00000000fa180000,0x00000000fa180000,0x0000000100000000)
 ParOldGen       total 323072K, used 169544K [0x00000000a0000000, 0x00000000b3b80000, 0x00000000e0000000)
  object space 323072K, 52% used [0x00000000a0000000,0x00000000aa592000,0x00000000b3b80000)
 Metaspace       used 73977K, capacity 79474K, committed 79512K, reserved 1118208K
  class space    used 9770K, capacity 11136K, committed 11160K, reserved 1048576K
Event: 60.272 GC heap after
Heap after GC invocations=24 (full 4):
 PSYoungGen      total 376320K, used 96750K [0x00000000e0000000, 0x0000000100000000, 0x0000000100000000)
  eden space 279552K, 0% used [0x00000000e0000000,0x00000000e0000000,0x00000000f1100000)
  from space 96768K, 99% used [0x00000000fa180000,0x00000000ffffb810,0x0000000100000000)
  to   space 122368K, 0% used [0x00000000f1100000,0x00000000f1100000,0x00000000f8880000)
 ParOldGen       total 323072K, used 193578K [0x00000000a0000000, 0x00000000b3b80000, 0x00000000e0000000)
  object space 323072K, 59% used [0x00000000a0000000,0x00000000abd0aaf8,0x00000000b3b80000)
 Metaspace       used 73977K, capacity 79474K, committed 79512K, reserved 1118208K
  class space    used 9770K, capacity 11136K, committed 11160K, reserved 1048576K
}
Event: 61.690 GC heap before
{Heap before GC invocations=25 (full 4):
 PSYoungGen      total 376320K, used 376302K [0x00000000e0000000, 0x0000000100000000, 0x0000000100000000)
  eden space 279552K, 100% used [0x00000000e0000000,0x00000000f1100000,0x00000000f1100000)
  from space 96768K, 99% used [0x00000000fa180000,0x00000000ffffb810,0x0000000100000000)
  to   space 122368K, 0% used [0x00000000f1100000,0x00000000f1100000,0x00000000f8880000)
 ParOldGen       total 323072K, used 193578K [0x00000000a0000000, 0x00000000b3b80000, 0x00000000e0000000)
  object space 323072K, 59% used [0x00000000a0000000,0x00000000abd0aaf8,0x00000000b3b80000)
 Metaspace       used 74126K, capacity 79602K, committed 79768K, reserved 1118208K
  class space    used 9785K, capacity 11136K, committed 11160K, reserved 1048576K
Event: 61.927 GC heap after
Heap after GC invocations=25 (full 4):
 PSYoungGen      total 401920K, used 122339K [0x00000000e0000000, 0x0000000100000000, 0x0000000100000000)
  eden space 279552K, 0% used [0x00000000e0000000,0x00000000e0000000,0x00000000f1100000)
  from space 122368K, 99% used [0x00000000f1100000,0x00000000f8878c88,0x00000000f8880000)
  to   space 122368K, 0% used [0x00000000f8880000,0x00000000f8880000,0x0000000100000000)
 ParOldGen       total 323072K, used 214177K [0x00000000a0000000, 0x00000000b3b80000, 0x00000000e0000000)
  object space 323072K, 66% used [0x00000000a0000000,0x00000000ad1284a8,0x00000000b3b80000)
 Metaspace       used 74126K, capacity 79602K, committed 79768K, reserved 1118208K
  class space    used 9785K, capacity 11136K, committed 11160K, reserved 1048576K
}
Event: 64.187 GC heap before
{Heap before GC invocations=26 (full 4):
 PSYoungGen      total 401920K, used 401891K [0x00000000e0000000, 0x0000000100000000, 0x0000000100000000)
  eden space 279552K, 100% used [0x00000000e0000000,0x00000000f1100000,0x00000000f1100000)
  from space 122368K, 99% used [0x00000000f1100000,0x00000000f8878c88,0x00000000f8880000)
  to   space 122368K, 0% used [0x00000000f8880000,0x00000000f8880000,0x0000000100000000)
 ParOldGen       total 323072K, used 214177K [0x00000000a0000000, 0x00000000b3b80000, 0x00000000e0000000)
  object space 323072K, 66% used [0x00000000a0000000,0x00000000ad1284a8,0x00000000b3b80000)
 Metaspace       used 74168K, capacity 79602K, committed 79768K, reserved 1118208K
  class space    used 9789K, capacity 11136K, committed 11160K, reserved 1048576K
Event: 64.475 GC heap after
Heap after GC invocations=26 (full 4):
 PSYoungGen      total 360960K, used 46023K [0x00000000e0000000, 0x0000000100000000, 0x0000000100000000)
  eden space 238592K, 0% used [0x00000000e0000000,0x00000000e0000000,0x00000000ee900000)
  from space 122368K, 37% used [0x00000000f8880000,0x00000000fb571e48,0x0000000100000000)
  to   space 142848K, 0% used [0x00000000ee900000,0x00000000ee900000,0x00000000f7480000)
 ParOldGen       total 323072K, used 291492K [0x00000000a0000000, 0x00000000b3b80000, 0x00000000e0000000)
  object space 323072K, 90% used [0x00000000a0000000,0x00000000b1ca93e0,0x00000000b3b80000)
 Metaspace       used 74168K, capacity 79602K, committed 79768K, reserved 1118208K
  class space    used 9789K, capacity 11136K, committed 11160K, reserved 1048576K
}
Event: 64.475 GC heap before
{Heap before GC invocations=27 (full 5):
 PSYoungGen      total 360960K, used 46023K [0x00000000e0000000, 0x0000000100000000, 0x0000000100000000)
  eden space 238592K, 0% used [0x00000000e0000000,0x00000000e0000000,0x00000000ee900000)
  from space 122368K, 37% used [0x00000000f8880000,0x00000000fb571e48,0x0000000100000000)
  to   space 142848K, 0% used [0x00000000ee900000,0x00000000ee900000,0x00000000f7480000)
 ParOldGen       total 323072K, used 291492K [0x00000000a0000000, 0x00000000b3b80000, 0x00000000e0000000)
  object space 323072K, 90% used [0x00000000a0000000,0x00000000b1ca93e0,0x00000000b3b80000)
 Metaspace       used 74168K, capacity 79602K, committed 79768K, reserved 1118208K
  class space    used 9789K, capacity 11136K, committed 11160K, reserved 1048576K

