# JRE version: OpenJDK Runtime Environment (8.0_152) (build 1.8.0_152-release-1343-b16-5323222)
# Java VM: OpenJDK 64-Bit Server VM (25.152-b16-5323222 mixed mode linux-amd64 compressed oops)
Heap:
 PSYoungGen      total 359936K, used 0K [0x00000000e0000000, 0x0000000100000000, 0x0000000100000000)
  eden space 260096K, 0% used [0x00000000e0000000,0x00000000e0000000,0x00000000efe00000)
  from space 99840K, 0% used [0x00000000f9e80000,0x00000000f9e80000,0x0000000100000000)
  to   space 132096K, 0% used [0x00000000efe00000,0x00000000efe00000,0x00000000f7f00000)
 ParOldGen       total 433664K, used 328580K [0x00000000a0000000, 0x00000000ba780000, 0x00000000e0000000)
  object space 433664K, 75% used [0x00000000a0000000,0x00000000b40e1308,0x00000000ba780000)
 Metaspace       used 98877K, capacity 105408K, committed 105648K, reserved 1140736K
  class space    used 12486K, capacity 13930K, committed 14000K, reserved 1048576K
GC Heap History (10 events):
Event: 710.890 GC heap after
Heap after GC invocations=99 (full 8):
 PSYoungGen      total 465408K, used 57843K [0x00000000e0000000, 0x0000000100000000, 0x0000000100000000)
  eden space 407552K, 0% used [0x00000000e0000000,0x00000000e0000000,0x00000000f8e00000)
  from space 57856K, 99% used [0x00000000f8e00000,0x00000000fc67cc40,0x00000000fc680000)
  to   space 58880K, 0% used [0x00000000fc680000,0x00000000fc680000,0x0000000100000000)
 ParOldGen       total 514560K, used 496522K [0x00000000a0000000, 0x00000000bf680000, 0x00000000e0000000)
  object space 514560K, 96% used [0x00000000a0000000,0x00000000be4e2a40,0x00000000bf680000)
 Metaspace       used 98829K, capacity 105352K, committed 105648K, reserved 1140736K
  class space    used 12487K, capacity 13934K, committed 14000K, reserved 1048576K
}
Event: 710.934 GC heap before
{Heap before GC invocations=100 (full 9):
 PSYoungGen      total 465408K, used 57843K [0x00000000e0000000, 0x0000000100000000, 0x0000000100000000)
  eden space 407552K, 0% used [0x00000000e0000000,0x00000000e0000000,0x00000000f8e00000)
  from space 57856K, 99% used [0x00000000f8e00000,0x00000000fc67cc40,0x00000000fc680000)
  to   space 58880K, 0% used [0x00000000fc680000,0x00000000fc680000,0x0000000100000000)
 ParOldGen       total 514560K, used 496522K [0x00000000a0000000, 0x00000000bf680000, 0x00000000e0000000)
  object space 514560K, 96% used [0x00000000a0000000,0x00000000be4e2a40,0x00000000bf680000)
 Metaspace       used 98829K, capacity 105352K, committed 105648K, reserved 1140736K
  class space    used 12487K, capacity 13934K, committed 14000K, reserved 1048576K
Event: 712.074 GC heap after
Heap after GC invocations=100 (full 9):
 PSYoungGen      total 465408K, used 0K [0x00000000e0000000, 0x0000000100000000, 0x0000000100000000)
  eden space 407552K, 0% used [0x00000000e0000000,0x00000000e0000000,0x00000000f8e00000)
  from space 57856K, 0% used [0x00000000f8e00000,0x00000000f8e00000,0x00000000fc680000)
  to   space 58880K, 0% used [0x00000000fc680000,0x00000000fc680000,0x0000000100000000)
 ParOldGen       total 433664K, used 172498K [0x00000000a0000000, 0x00000000ba780000, 0x00000000e0000000)
  object space 433664K, 39% used [0x00000000a0000000,0x00000000aa874bb0,0x00000000ba780000)
 Metaspace       used 98823K, capacity 105340K, committed 105648K, reserved 1140736K
  class space    used 12485K, capacity 13930K, committed 14000K, reserved 1048576K
}
Event: 743.732 GC heap before
{Heap before GC invocations=101 (full 9):
 PSYoungGen      total 465408K, used 407552K [0x00000000e0000000, 0x0000000100000000, 0x0000000100000000)
  eden space 407552K, 100% used [0x00000000e0000000,0x00000000f8e00000,0x00000000f8e00000)
  from space 57856K, 0% used [0x00000000f8e00000,0x00000000f8e00000,0x00000000fc680000)
  to   space 58880K, 0% used [0x00000000fc680000,0x00000000fc680000,0x0000000100000000)
 ParOldGen       total 433664K, used 172498K [0x00000000a0000000, 0x00000000ba780000, 0x00000000e0000000)
  object space 433664K, 39% used [0x00000000a0000000,0x00000000aa874bb0,0x00000000ba780000)
 Metaspace       used 98874K, capacity 105408K, committed 105648K, reserved 1140736K
  class space    used 12486K, capacity 13930K, committed 14000K, reserved 1048576K
Event: 743.915 GC heap after
Heap after GC invocations=101 (full 9):
 PSYoungGen      total 383488K, used 58872K [0x00000000e0000000, 0x0000000100000000, 0x0000000100000000)
  eden space 324608K, 0% used [0x00000000e0000000,0x00000000e0000000,0x00000000f3d00000)
  from space 58880K, 99% used [0x00000000fc680000,0x00000000ffffe260,0x0000000100000000)
  to   space 99840K, 0% used [0x00000000f3d00000,0x00000000f3d00000,0x00000000f9e80000)
 ParOldGen       total 433664K, used 214908K [0x00000000a0000000, 0x00000000ba780000, 0x00000000e0000000)
  object space 433664K, 49% used [0x00000000a0000000,0x00000000ad1df130,0x00000000ba780000)
 Metaspace       used 98874K, capacity 105408K, committed 105648K, reserved 1140736K
  class space    used 12486K, capacity 13930K, committed 14000K, reserved 1048576K
}
Event: 748.228 GC heap before
{Heap before GC invocations=102 (full 9):
 PSYoungGen      total 383488K, used 383480K [0x00000000e0000000, 0x0000000100000000, 0x0000000100000000)
  eden space 324608K, 100% used [0x00000000e0000000,0x00000000f3d00000,0x00000000f3d00000)
  from space 58880K, 99% used [0x00000000fc680000,0x00000000ffffe260,0x0000000100000000)
  to   space 99840K, 0% used [0x00000000f3d00000,0x00000000f3d00000,0x00000000f9e80000)
 ParOldGen       total 433664K, used 214908K [0x00000000a0000000, 0x00000000ba780000, 0x00000000e0000000)
  object space 433664K, 49% used [0x00000000a0000000,0x00000000ad1df130,0x00000000ba780000)
 Metaspace       used 98875K, capacity 105408K, committed 105648K, reserved 1140736K
  class space    used 12486K, capacity 13930K, committed 14000K, reserved 1048576K
Event: 748.477 GC heap after
Heap after GC invocations=102 (full 9):
 PSYoungGen      total 424448K, used 99834K [0x00000000e0000000, 0x0000000100000000, 0x0000000100000000)
  eden space 324608K, 0% used [0x00000000e0000000,0x00000000e0000000,0x00000000f3d00000)
  from space 99840K, 99% used [0x00000000f3d00000,0x00000000f9e7eb98,0x00000000f9e80000)
  to   space 99840K, 0% used [0x00000000f9e80000,0x00000000f9e80000,0x0000000100000000)
 ParOldGen       total 433664K, used 277050K [0x00000000a0000000, 0x00000000ba780000, 0x00000000e0000000)
  object space 433664K, 63% used [0x00000000a0000000,0x00000000b0e8e9f8,0x00000000ba780000)
 Metaspace       used 98875K, capacity 105408K, committed 105648K, reserved 1140736K
  class space    used 12486K, capacity 13930K, committed 14000K, reserved 1048576K
}
Event: 751.923 GC heap before
{Heap before GC invocations=103 (full 9):
 PSYoungGen      total 424448K, used 424442K [0x00000000e0000000, 0x0000000100000000, 0x0000000100000000)
  eden space 324608K, 100% used [0x00000000e0000000,0x00000000f3d00000,0x00000000f3d00000)
  from space 99840K, 99% used [0x00000000f3d00000,0x00000000f9e7eb98,0x00000000f9e80000)
  to   space 99840K, 0% used [0x00000000f9e80000,0x00000000f9e80000,0x0000000100000000)
 ParOldGen       total 433664K, used 277050K [0x00000000a0000000, 0x00000000ba780000, 0x00000000e0000000)
  object space 433664K, 63% used [0x00000000a0000000,0x00000000b0e8e9f8,0x00000000ba780000)
 Metaspace       used 98877K, capacity 105408K, committed 105648K, reserved 1140736K
  class space    used 12486K, capacity 13930K, committed 14000K, reserved 1048576K
Event: 752.174 GC heap after
Heap after GC invocations=103 (full 9):
 PSYoungGen      total 359936K, used 43184K [0x00000000e0000000, 0x0000000100000000, 0x0000000100000000)
  eden space 260096K, 0% used [0x00000000e0000000,0x00000000e0000000,0x00000000efe00000)
  from space 99840K, 43% used [0x00000000f9e80000,0x00000000fc8ac140,0x0000000100000000)
  to   space 132096K, 0% used [0x00000000efe00000,0x00000000efe00000,0x00000000f7f00000)
 ParOldGen       total 433664K, used 369740K [0x00000000a0000000, 0x00000000ba780000, 0x00000000e0000000)
  object space 433664K, 85% used [0x00000000a0000000,0x00000000b6913178,0x00000000ba780000)
 Metaspace       used 98877K, capacity 105408K, committed 105648K, reserved 1140736K
  class space    used 12486K, capacity 13930K, committed 14000K, reserved 1048576K
}
Event: 752.174 GC heap before
{Heap before GC invocations=104 (full 10):
 PSYoungGen      total 359936K, used 43184K [0x00000000e0000000, 0x0000000100000000, 0x0000000100000000)
  eden space 260096K, 0% used [0x00000000e0000000,0x00000000e0000000,0x00000000efe00000)
  from space 99840K, 43% used [0x00000000f9e80000,0x00000000fc8ac140,0x0000000100000000)
  to   space 132096K, 0% used [0x00000000efe00000,0x00000000efe00000,0x00000000f7f00000)
 ParOldGen       total 433664K, used 369740K [0x00000000a0000000, 0x00000000ba780000, 0x00000000e0000000)
  object space 433664K, 85% used [0x00000000a0000000,0x00000000b6913178,0x00000000ba780000)
 Metaspace       used 98877K, capacity 105408K, committed 105648K, reserved 1140736K
  class space    used 12486K, capacity 13930K, committed 14000K, reserved 1048576K

