# JRE version: OpenJDK Runtime Environment (8.0_152-b06) (build 1.8.0_152-release-1136-b06)
# Java VM: OpenJDK 64-Bit Server VM (25.152-b06 mixed mode linux-amd64 compressed oops)
Heap:
 PSYoungGen      total 364544K, used 28656K [0x00000000e0000000, 0x00000000f8800000, 0x0000000100000000)
  eden space 335872K, 0% used [0x00000000e0000000,0x00000000e0000000,0x00000000f4800000)
  from space 28672K, 99% used [0x00000000f5000000,0x00000000f6bfc080,0x00000000f6c00000)
  to   space 19456K, 0% used [0x00000000f7500000,0x00000000f7500000,0x00000000f8800000)
 ParOldGen       total 141312K, used 141007K [0x00000000a0000000, 0x00000000a8a00000, 0x00000000e0000000)
  object space 141312K, 99% used [0x00000000a0000000,0x00000000a89b3e38,0x00000000a8a00000)
 Metaspace       used 64221K, capacity 67882K, committed 67968K, reserved 1107968K
  class space    used 8580K, capacity 9583K, committed 9600K, reserved 1048576K
GC Heap History (10 events):
Event: 10.641 GC heap after
Heap after GC invocations=11 (full 2):
 PSYoungGen      total 185344K, used 13814K [0x00000000e0000000, 0x00000000f1900000, 0x0000000100000000)
  eden space 171520K, 0% used [0x00000000e0000000,0x00000000e0000000,0x00000000ea780000)
  from space 13824K, 99% used [0x00000000ea780000,0x00000000eb4fdb78,0x00000000eb500000)
  to   space 16896K, 0% used [0x00000000f0880000,0x00000000f0880000,0x00000000f1900000)
 ParOldGen       total 70656K, used 21935K [0x00000000a0000000, 0x00000000a4500000, 0x00000000e0000000)
  object space 70656K, 31% used [0x00000000a0000000,0x00000000a156bce8,0x00000000a4500000)
 Metaspace       used 46292K, capacity 47430K, committed 47744K, reserved 1089536K
  class space    used 6307K, capacity 6686K, committed 6784K, reserved 1048576K
}
Event: 13.825 GC heap before
{Heap before GC invocations=12 (full 2):
 PSYoungGen      total 185344K, used 185334K [0x00000000e0000000, 0x00000000f1900000, 0x0000000100000000)
  eden space 171520K, 100% used [0x00000000e0000000,0x00000000ea780000,0x00000000ea780000)
  from space 13824K, 99% used [0x00000000ea780000,0x00000000eb4fdb78,0x00000000eb500000)
  to   space 16896K, 0% used [0x00000000f0880000,0x00000000f0880000,0x00000000f1900000)
 ParOldGen       total 70656K, used 21935K [0x00000000a0000000, 0x00000000a4500000, 0x00000000e0000000)
  object space 70656K, 31% used [0x00000000a0000000,0x00000000a156bce8,0x00000000a4500000)
 Metaspace       used 54637K, capacity 57842K, committed 58112K, reserved 1099776K
  class space    used 7531K, capacity 8393K, committed 8448K, reserved 1048576K
Event: 13.967 GC heap after
Heap after GC invocations=12 (full 2):
 PSYoungGen      total 259584K, used 16866K [0x00000000e0000000, 0x00000000f2c00000, 0x0000000100000000)
  eden space 242688K, 0% used [0x00000000e0000000,0x00000000e0000000,0x00000000eed00000)
  from space 16896K, 99% used [0x00000000f0880000,0x00000000f18f8908,0x00000000f1900000)
  to   space 28160K, 0% used [0x00000000eed00000,0x00000000eed00000,0x00000000f0880000)
 ParOldGen       total 70656K, used 46709K [0x00000000a0000000, 0x00000000a4500000, 0x00000000e0000000)
  object space 70656K, 66% used [0x00000000a0000000,0x00000000a2d9d690,0x00000000a4500000)
 Metaspace       used 54637K, capacity 57842K, committed 58112K, reserved 1099776K
  class space    used 7531K, capacity 8393K, committed 8448K, reserved 1048576K
}
Event: 14.904 GC heap before
{Heap before GC invocations=13 (full 2):
 PSYoungGen      total 259584K, used 62694K [0x00000000e0000000, 0x00000000f2c00000, 0x0000000100000000)
  eden space 242688K, 18% used [0x00000000e0000000,0x00000000e2cc1270,0x00000000eed00000)
  from space 16896K, 99% used [0x00000000f0880000,0x00000000f18f8908,0x00000000f1900000)
  to   space 28160K, 0% used [0x00000000eed00000,0x00000000eed00000,0x00000000f0880000)
 ParOldGen       total 70656K, used 46709K [0x00000000a0000000, 0x00000000a4500000, 0x00000000e0000000)
  object space 70656K, 66% used [0x00000000a0000000,0x00000000a2d9d690,0x00000000a4500000)
 Metaspace       used 55745K, capacity 58976K, committed 59008K, reserved 1099776K
  class space    used 7659K, capacity 8576K, committed 8576K, reserved 1048576K
Event: 14.985 GC heap after
Heap after GC invocations=13 (full 2):
 PSYoungGen      total 270848K, used 7187K [0x00000000e0000000, 0x00000000f9000000, 0x0000000100000000)
  eden space 242688K, 0% used [0x00000000e0000000,0x00000000e0000000,0x00000000eed00000)
  from space 28160K, 25% used [0x00000000eed00000,0x00000000ef404ca8,0x00000000f0880000)
  to   space 27648K, 0% used [0x00000000f7500000,0x00000000f7500000,0x00000000f9000000)
 ParOldGen       total 70656K, used 63662K [0x00000000a0000000, 0x00000000a4500000, 0x00000000e0000000)
  object space 70656K, 90% used [0x00000000a0000000,0x00000000a3e2ba10,0x00000000a4500000)
 Metaspace       used 55745K, capacity 58976K, committed 59008K, reserved 1099776K
  class space    used 7659K, capacity 8576K, committed 8576K, reserved 1048576K
}
Event: 14.985 GC heap before
{Heap before GC invocations=14 (full 3):
 PSYoungGen      total 270848K, used 7187K [0x00000000e0000000, 0x00000000f9000000, 0x0000000100000000)
  eden space 242688K, 0% used [0x00000000e0000000,0x00000000e0000000,0x00000000eed00000)
  from space 28160K, 25% used [0x00000000eed00000,0x00000000ef404ca8,0x00000000f0880000)
  to   space 27648K, 0% used [0x00000000f7500000,0x00000000f7500000,0x00000000f9000000)
 ParOldGen       total 70656K, used 63662K [0x00000000a0000000, 0x00000000a4500000, 0x00000000e0000000)
  object space 70656K, 90% used [0x00000000a0000000,0x00000000a3e2ba10,0x00000000a4500000)
 Metaspace       used 55745K, capacity 58976K, committed 59008K, reserved 1099776K
  class space    used 7659K, capacity 8576K, committed 8576K, reserved 1048576K
Event: 15.434 GC heap after
Heap after GC invocations=14 (full 3):
 PSYoungGen      total 270848K, used 0K [0x00000000e0000000, 0x00000000f9000000, 0x0000000100000000)
  eden space 242688K, 0% used [0x00000000e0000000,0x00000000e0000000,0x00000000eed00000)
  from space 28160K, 0% used [0x00000000eed00000,0x00000000eed00000,0x00000000f0880000)
  to   space 27648K, 0% used [0x00000000f7500000,0x00000000f7500000,0x00000000f9000000)
 ParOldGen       total 135168K, used 62206K [0x00000000a0000000, 0x00000000a8400000, 0x00000000e0000000)
  object space 135168K, 46% used [0x00000000a0000000,0x00000000a3cbf9c8,0x00000000a8400000)
 Metaspace       used 55745K, capacity 58976K, committed 59008K, reserved 1099776K
  class space    used 7659K, capacity 8576K, committed 8576K, reserved 1048576K
}
Event: 19.519 GC heap before
{Heap before GC invocations=15 (full 3):
 PSYoungGen      total 270848K, used 242688K [0x00000000e0000000, 0x00000000f9000000, 0x0000000100000000)
  eden space 242688K, 100% used [0x00000000e0000000,0x00000000eed00000,0x00000000eed00000)
  from space 28160K, 0% used [0x00000000eed00000,0x00000000eed00000,0x00000000f0880000)
  to   space 27648K, 0% used [0x00000000f7500000,0x00000000f7500000,0x00000000f9000000)
 ParOldGen       total 135168K, used 62206K [0x00000000a0000000, 0x00000000a8400000, 0x00000000e0000000)
  object space 135168K, 46% used [0x00000000a0000000,0x00000000a3cbf9c8,0x00000000a8400000)
 Metaspace       used 58065K, capacity 61620K, committed 61952K, reserved 1101824K
  class space    used 7914K, capacity 8860K, committed 8960K, reserved 1048576K
Event: 19.569 GC heap after
Heap after GC invocations=15 (full 3):
 PSYoungGen      total 355328K, used 19412K [0x00000000e0000000, 0x00000000f8800000, 0x0000000100000000)
  eden space 335872K, 0% used [0x00000000e0000000,0x00000000e0000000,0x00000000f4800000)
  from space 19456K, 99% used [0x00000000f7500000,0x00000000f87f53d8,0x00000000f8800000)
  to   space 28672K, 0% used [0x00000000f5000000,0x00000000f5000000,0x00000000f6c00000)
 ParOldGen       total 135168K, used 62214K [0x00000000a0000000, 0x00000000a8400000, 0x00000000e0000000)
  object space 135168K, 46% used [0x00000000a0000000,0x00000000a3cc19c8,0x00000000a8400000)
 Metaspace       used 58065K, capacity 61620K, committed 61952K, reserved 1101824K
  class space    used 7914K, capacity 8860K, committed 8960K, reserved 1048576K
}
Event: 148.233 GC heap before
{Heap before GC invocations=16 (full 3):
 PSYoungGen      total 355328K, used 355284K [0x00000000e0000000, 0x00000000f8800000, 0x0000000100000000)
  eden space 335872K, 100% used [0x00000000e0000000,0x00000000f4800000,0x00000000f4800000)
  from space 19456K, 99% used [0x00000000f7500000,0x00000000f87f53d8,0x00000000f8800000)
  to   space 28672K, 0% used [0x00000000f5000000,0x00000000f5000000,0x00000000f6c00000)
 ParOldGen       total 135168K, used 62214K [0x00000000a0000000, 0x00000000a8400000, 0x00000000e0000000)
  object space 135168K, 46% used [0x00000000a0000000,0x00000000a3cc19c8,0x00000000a8400000)
 Metaspace       used 64221K, capacity 67882K, committed 67968K, reserved 1107968K
  class space    used 8580K, capacity 9583K, committed 9600K, reserved 1048576K

