# JRE version: OpenJDK Runtime Environment (8.0_152-b01) (build 1.8.0_152-release-1248-b01)
# Java VM: OpenJDK 64-Bit Server VM (25.152-b01 mixed mode linux-amd64 compressed oops)
Heap:
 PSYoungGen      total 409088K, used 0K [0x00000000e0000000, 0x0000000100000000, 0x0000000100000000)
  eden space 288256K, 0% used [0x00000000e0000000,0x00000000e0000000,0x00000000f1980000)
  from space 120832K, 0% used [0x00000000f8a00000,0x00000000f8a00000,0x0000000100000000)
  to   space 115200K, 0% used [0x00000000f1980000,0x00000000f1980000,0x00000000f8a00000)
 ParOldGen       total 624128K, used 352000K [0x00000000a0000000, 0x00000000c6180000, 0x00000000e0000000)
  object space 624128K, 56% used [0x00000000a0000000,0x00000000b57c0330,0x00000000c6180000)
 Metaspace       used 97198K, capacity 104224K, committed 105520K, reserved 1140736K
  class space    used 12136K, capacity 13860K, committed 14128K, reserved 1048576K
GC Heap History (10 events):
Event: 8761.723 GC heap after
Heap after GC invocations=183 (full 13):
 PSYoungGen      total 458240K, used 6502K [0x00000000e0000000, 0x00000000ffa00000, 0x0000000100000000)
  eden space 406528K, 0% used [0x00000000e0000000,0x00000000e0000000,0x00000000f8d00000)
  from space 51712K, 12% used [0x00000000fc780000,0x00000000fcdd9a68,0x00000000ffa00000)
  to   space 55808K, 0% used [0x00000000f8d00000,0x00000000f8d00000,0x00000000fc380000)
 ParOldGen       total 624128K, used 352053K [0x00000000a0000000, 0x00000000c6180000, 0x00000000e0000000)
  object space 624128K, 56% used [0x00000000a0000000,0x00000000b57cd6e8,0x00000000c6180000)
 Metaspace       used 96186K, capacity 103412K, committed 105264K, reserved 1140736K
  class space    used 12086K, capacity 13810K, committed 14128K, reserved 1048576K
}
Event: 8798.750 GC heap before
{Heap before GC invocations=184 (full 13):
 PSYoungGen      total 458240K, used 412908K [0x00000000e0000000, 0x00000000ffa00000, 0x0000000100000000)
  eden space 406528K, 99% used [0x00000000e0000000,0x00000000f8ce1648,0x00000000f8d00000)
  from space 51712K, 12% used [0x00000000fc780000,0x00000000fcdd9a68,0x00000000ffa00000)
  to   space 55808K, 0% used [0x00000000f8d00000,0x00000000f8d00000,0x00000000fc380000)
 ParOldGen       total 624128K, used 352053K [0x00000000a0000000, 0x00000000c6180000, 0x00000000e0000000)
  object space 624128K, 56% used [0x00000000a0000000,0x00000000b57cd6e8,0x00000000c6180000)
 Metaspace       used 96623K, capacity 103810K, committed 105264K, reserved 1140736K
  class space    used 12105K, capacity 13855K, committed 14128K, reserved 1048576K
Event: 8798.848 GC heap after
Heap after GC invocations=184 (full 13):
 PSYoungGen      total 462336K, used 55797K [0x00000000e0000000, 0x0000000100000000, 0x0000000100000000)
  eden space 406528K, 0% used [0x00000000e0000000,0x00000000e0000000,0x00000000f8d00000)
  from space 55808K, 99% used [0x00000000f8d00000,0x00000000fc37d590,0x00000000fc380000)
  to   space 61952K, 0% used [0x00000000fc380000,0x00000000fc380000,0x0000000100000000)
 ParOldGen       total 624128K, used 362041K [0x00000000a0000000, 0x00000000c6180000, 0x00000000e0000000)
  object space 624128K, 58% used [0x00000000a0000000,0x00000000b618e428,0x00000000c6180000)
 Metaspace       used 96623K, capacity 103810K, committed 105264K, reserved 1140736K
  class space    used 12105K, capacity 13855K, committed 14128K, reserved 1048576K
}
Event: 8801.070 GC heap before
{Heap before GC invocations=185 (full 13):
 PSYoungGen      total 462336K, used 462325K [0x00000000e0000000, 0x0000000100000000, 0x0000000100000000)
  eden space 406528K, 100% used [0x00000000e0000000,0x00000000f8d00000,0x00000000f8d00000)
  from space 55808K, 99% used [0x00000000f8d00000,0x00000000fc37d590,0x00000000fc380000)
  to   space 61952K, 0% used [0x00000000fc380000,0x00000000fc380000,0x0000000100000000)
 ParOldGen       total 624128K, used 362041K [0x00000000a0000000, 0x00000000c6180000, 0x00000000e0000000)
  object space 624128K, 58% used [0x00000000a0000000,0x00000000b618e428,0x00000000c6180000)
 Metaspace       used 96978K, capacity 104168K, committed 105264K, reserved 1140736K
  class space    used 12147K, capacity 13888K, committed 14128K, reserved 1048576K
Event: 8801.278 GC heap after
Heap after GC invocations=185 (full 13):
 PSYoungGen      total 372224K, used 61940K [0x00000000e0000000, 0x0000000100000000, 0x0000000100000000)
  eden space 310272K, 0% used [0x00000000e0000000,0x00000000e0000000,0x00000000f2f00000)
  from space 61952K, 99% used [0x00000000fc380000,0x00000000ffffd138,0x0000000100000000)
  to   space 107008K, 0% used [0x00000000f2f00000,0x00000000f2f00000,0x00000000f9780000)
 ParOldGen       total 624128K, used 435012K [0x00000000a0000000, 0x00000000c6180000, 0x00000000e0000000)
  object space 624128K, 69% used [0x00000000a0000000,0x00000000ba8d12f0,0x00000000c6180000)
 Metaspace       used 96978K, capacity 104168K, committed 105264K, reserved 1140736K
  class space    used 12147K, capacity 13888K, committed 14128K, reserved 1048576K
}
Event: 8803.375 GC heap before
{Heap before GC invocations=186 (full 13):
 PSYoungGen      total 372224K, used 372212K [0x00000000e0000000, 0x0000000100000000, 0x0000000100000000)
  eden space 310272K, 100% used [0x00000000e0000000,0x00000000f2f00000,0x00000000f2f00000)
  from space 61952K, 99% used [0x00000000fc380000,0x00000000ffffd138,0x0000000100000000)
  to   space 107008K, 0% used [0x00000000f2f00000,0x00000000f2f00000,0x00000000f9780000)
 ParOldGen       total 624128K, used 435012K [0x00000000a0000000, 0x00000000c6180000, 0x00000000e0000000)
  object space 624128K, 69% used [0x00000000a0000000,0x00000000ba8d12f0,0x00000000c6180000)
 Metaspace       used 97352K, capacity 104532K, committed 105520K, reserved 1140736K
  class space    used 12169K, capacity 13922K, committed 14128K, reserved 1048576K
Event: 8803.562 GC heap after
Heap after GC invocations=186 (full 13):
 PSYoungGen      total 401408K, used 90753K [0x00000000e0000000, 0x0000000100000000, 0x0000000100000000)
  eden space 310272K, 0% used [0x00000000e0000000,0x00000000e0000000,0x00000000f2f00000)
  from space 91136K, 99% used [0x00000000f2f00000,0x00000000f87a0728,0x00000000f8800000)
  to   space 120832K, 0% used [0x00000000f8a00000,0x00000000f8a00000,0x0000000100000000)
 ParOldGen       total 624128K, used 494519K [0x00000000a0000000, 0x00000000c6180000, 0x00000000e0000000)
  object space 624128K, 79% used [0x00000000a0000000,0x00000000be2edcb0,0x00000000c6180000)
 Metaspace       used 97352K, capacity 104532K, committed 105520K, reserved 1140736K
  class space    used 12169K, capacity 13922K, committed 14128K, reserved 1048576K
}
Event: 8807.778 GC heap before
{Heap before GC invocations=187 (full 13):
 PSYoungGen      total 401408K, used 401025K [0x00000000e0000000, 0x0000000100000000, 0x0000000100000000)
  eden space 310272K, 100% used [0x00000000e0000000,0x00000000f2f00000,0x00000000f2f00000)
  from space 91136K, 99% used [0x00000000f2f00000,0x00000000f87a0728,0x00000000f8800000)
  to   space 120832K, 0% used [0x00000000f8a00000,0x00000000f8a00000,0x0000000100000000)
 ParOldGen       total 624128K, used 494519K [0x00000000a0000000, 0x00000000c6180000, 0x00000000e0000000)
  object space 624128K, 79% used [0x00000000a0000000,0x00000000be2edcb0,0x00000000c6180000)
 Metaspace       used 97425K, capacity 104596K, committed 105520K, reserved 1140736K
  class space    used 12169K, capacity 13922K, committed 14128K, reserved 1048576K
Event: 8807.994 GC heap after
Heap after GC invocations=187 (full 13):
 PSYoungGen      total 409088K, used 45951K [0x00000000e0000000, 0x0000000100000000, 0x0000000100000000)
  eden space 288256K, 0% used [0x00000000e0000000,0x00000000e0000000,0x00000000f1980000)
  from space 120832K, 38% used [0x00000000f8a00000,0x00000000fb6dfca0,0x0000000100000000)
  to   space 115200K, 0% used [0x00000000f1980000,0x00000000f1980000,0x00000000f8a00000)
 ParOldGen       total 624128K, used 584360K [0x00000000a0000000, 0x00000000c6180000, 0x00000000e0000000)
  object space 624128K, 93% used [0x00000000a0000000,0x00000000c3aaa0a8,0x00000000c6180000)
 Metaspace       used 97425K, capacity 104596K, committed 105520K, reserved 1140736K
  class space    used 12169K, capacity 13922K, committed 14128K, reserved 1048576K
}
Event: 8807.996 GC heap before
{Heap before GC invocations=188 (full 14):
 PSYoungGen      total 409088K, used 45951K [0x00000000e0000000, 0x0000000100000000, 0x0000000100000000)
  eden space 288256K, 0% used [0x00000000e0000000,0x00000000e0000000,0x00000000f1980000)
  from space 120832K, 38% used [0x00000000f8a00000,0x00000000fb6dfca0,0x0000000100000000)
  to   space 115200K, 0% used [0x00000000f1980000,0x00000000f1980000,0x00000000f8a00000)
 ParOldGen       total 624128K, used 584360K [0x00000000a0000000, 0x00000000c6180000, 0x00000000e0000000)
  object space 624128K, 93% used [0x00000000a0000000,0x00000000c3aaa0a8,0x00000000c6180000)
 Metaspace       used 97425K, capacity 104596K, committed 105520K, reserved 1140736K
  class space    used 12169K, capacity 13922K, committed 14128K, reserved 1048576K

